

Microchip MPLAB XC8 Assembler V2.31 build 20201012212115 
                                                                                               Tue Aug 10 10:50:43 2021

Microchip MPLAB XC8 C Compiler v2.31 (Free license) build 20201012212115 Og1 
     1                           	processor	16F887
     2                           	pagewidth 120
     3                           	opt	flic
     4                           	psect	cinit,global,class=CODE,merge=1,delta=2
     5                           	psect	bssBANK0,global,class=BANK0,space=1,delta=1,noexec
     6                           	psect	cstackCOMMON,global,class=COMMON,space=1,delta=1,noexec
     7                           	psect	cstackBANK0,global,class=BANK0,space=1,delta=1,noexec
     8                           	psect	maintext,global,class=CODE,split=1,delta=2
     9                           	psect	text1,local,class=CODE,merge=1,delta=2
    10                           	psect	text2,local,class=CODE,merge=1,delta=2
    11                           	psect	text3,local,class=CODE,merge=1,delta=2,group=1
    12                           	psect	text4,local,class=CODE,merge=1,delta=2
    13                           	psect	text5,local,class=CODE,merge=1,delta=2
    14                           	psect	text6,local,class=CODE,merge=1,delta=2
    15                           	psect	text7,local,class=CODE,merge=1,delta=2
    16                           	psect	text8,local,class=CODE,merge=1,delta=2
    17                           	psect	config,global,abs,ovrld,class=CONFIG,space=4,delta=2,noexec
    18                           	dabs	1,0x7E,2
    19  0000                     
    20                           ; Version 2.20
    21                           ; Generated 12/02/2020 GMT
    22                           ; 
    23                           ; Copyright © 2020, Microchip Technology Inc. and its subsidiaries ("Microchip")
    24                           ; All rights reserved.
    25                           ; 
    26                           ; This software is developed by Microchip Technology Inc. and its subsidiaries ("Microch
      +                          ip").
    27                           ; 
    28                           ; Redistribution and use in source and binary forms, with or without modification, are
    29                           ; permitted provided that the following conditions are met:
    30                           ; 
    31                           ;     1. Redistributions of source code must retain the above copyright notice, this lis
      +                          t of
    32                           ;        conditions and the following disclaimer.
    33                           ; 
    34                           ;     2. Redistributions in binary form must reproduce the above copyright notice, this 
      +                          list
    35                           ;        of conditions and the following disclaimer in the documentation and/or other
    36                           ;        materials provided with the distribution.
    37                           ; 
    38                           ;     3. Microchip's name may not be used to endorse or promote products derived from th
      +                          is
    39                           ;        software without specific prior written permission.
    40                           ; 
    41                           ; THIS SOFTWARE IS PROVIDED BY MICROCHIP "AS IS" AND ANY EXPRESS OR IMPLIED WARRANTIES,
    42                           ; INCLUDING, BUT NOT LIMITED TO, THE IMPLIED WARRANTIES OF MERCHANTABILITY AND FITNESS F
      +                          OR
    43                           ; PURPOSE ARE DISCLAIMED.  IN NO EVENT SHALL MICROCHIP BE LIABLE FOR ANY DIRECT, INDIREC
      +                          T,
    44                           ; INCIDENTAL, SPECIAL, EXEMPLARY, OR CONSEQUENTIAL DAMAGES (INCLUDING BUT NOT LIMITED TO
    45                           ; PROCUREMENT OF SUBSTITUTE GOODS OR SERVICES; LOSS OF USE, DATA OR PROFITS; OR BUSINESS
    46                           ; INTERRUPTION) HOWSOEVER CAUSED AND ON ANY THEORY OF LIABILITY, WHETHER IN CONTRACT, ST
      +                          RICT
    47                           ; LIABILITY, OR TORT (INCLUDING NEGLIGENCE OR OTHERWISE) ARISING IN ANY WAY OUT OF THE U
      +                          SE OF
    48                           ; THIS SOFTWARE, EVEN IF ADVISED OF THE POSSIBILITY OF SUCH DAMAGE.
    49                           ; 
    50                           ; 
    51                           ; Code-generator required, PIC16F887 Definitions
    52                           ; 
    53                           ; SFR Addresses
    54  0000                     	;# 
    55  0001                     	;# 
    56  0002                     	;# 
    57  0003                     	;# 
    58  0004                     	;# 
    59  0005                     	;# 
    60  0006                     	;# 
    61  0007                     	;# 
    62  0008                     	;# 
    63  0009                     	;# 
    64  000A                     	;# 
    65  000B                     	;# 
    66  000C                     	;# 
    67  000D                     	;# 
    68  000E                     	;# 
    69  000E                     	;# 
    70  000F                     	;# 
    71  0010                     	;# 
    72  0011                     	;# 
    73  0012                     	;# 
    74  0013                     	;# 
    75  0014                     	;# 
    76  0015                     	;# 
    77  0015                     	;# 
    78  0016                     	;# 
    79  0017                     	;# 
    80  0018                     	;# 
    81  0019                     	;# 
    82  001A                     	;# 
    83  001B                     	;# 
    84  001B                     	;# 
    85  001C                     	;# 
    86  001D                     	;# 
    87  001E                     	;# 
    88  001F                     	;# 
    89  0081                     	;# 
    90  0085                     	;# 
    91  0086                     	;# 
    92  0087                     	;# 
    93  0088                     	;# 
    94  0089                     	;# 
    95  008C                     	;# 
    96  008D                     	;# 
    97  008E                     	;# 
    98  008F                     	;# 
    99  0090                     	;# 
   100  0091                     	;# 
   101  0092                     	;# 
   102  0093                     	;# 
   103  0093                     	;# 
   104  0093                     	;# 
   105  0094                     	;# 
   106  0095                     	;# 
   107  0096                     	;# 
   108  0097                     	;# 
   109  0098                     	;# 
   110  0099                     	;# 
   111  009A                     	;# 
   112  009B                     	;# 
   113  009C                     	;# 
   114  009D                     	;# 
   115  009E                     	;# 
   116  009F                     	;# 
   117  0105                     	;# 
   118  0107                     	;# 
   119  0108                     	;# 
   120  0109                     	;# 
   121  010C                     	;# 
   122  010C                     	;# 
   123  010D                     	;# 
   124  010E                     	;# 
   125  010F                     	;# 
   126  0185                     	;# 
   127  0187                     	;# 
   128  0188                     	;# 
   129  0189                     	;# 
   130  018C                     	;# 
   131  018D                     	;# 
   132  0000                     	;# 
   133  0001                     	;# 
   134  0002                     	;# 
   135  0003                     	;# 
   136  0004                     	;# 
   137  0005                     	;# 
   138  0006                     	;# 
   139  0007                     	;# 
   140  0008                     	;# 
   141  0009                     	;# 
   142  000A                     	;# 
   143  000B                     	;# 
   144  000C                     	;# 
   145  000D                     	;# 
   146  000E                     	;# 
   147  000E                     	;# 
   148  000F                     	;# 
   149  0010                     	;# 
   150  0011                     	;# 
   151  0012                     	;# 
   152  0013                     	;# 
   153  0014                     	;# 
   154  0015                     	;# 
   155  0015                     	;# 
   156  0016                     	;# 
   157  0017                     	;# 
   158  0018                     	;# 
   159  0019                     	;# 
   160  001A                     	;# 
   161  001B                     	;# 
   162  001B                     	;# 
   163  001C                     	;# 
   164  001D                     	;# 
   165  001E                     	;# 
   166  001F                     	;# 
   167  0081                     	;# 
   168  0085                     	;# 
   169  0086                     	;# 
   170  0087                     	;# 
   171  0088                     	;# 
   172  0089                     	;# 
   173  008C                     	;# 
   174  008D                     	;# 
   175  008E                     	;# 
   176  008F                     	;# 
   177  0090                     	;# 
   178  0091                     	;# 
   179  0092                     	;# 
   180  0093                     	;# 
   181  0093                     	;# 
   182  0093                     	;# 
   183  0094                     	;# 
   184  0095                     	;# 
   185  0096                     	;# 
   186  0097                     	;# 
   187  0098                     	;# 
   188  0099                     	;# 
   189  009A                     	;# 
   190  009B                     	;# 
   191  009C                     	;# 
   192  009D                     	;# 
   193  009E                     	;# 
   194  009F                     	;# 
   195  0105                     	;# 
   196  0107                     	;# 
   197  0108                     	;# 
   198  0109                     	;# 
   199  010C                     	;# 
   200  010C                     	;# 
   201  010D                     	;# 
   202  010E                     	;# 
   203  010F                     	;# 
   204  0185                     	;# 
   205  0187                     	;# 
   206  0188                     	;# 
   207  0189                     	;# 
   208  018C                     	;# 
   209  018D                     	;# 
   210  0000                     	;# 
   211  0001                     	;# 
   212  0002                     	;# 
   213  0003                     	;# 
   214  0004                     	;# 
   215  0005                     	;# 
   216  0006                     	;# 
   217  0007                     	;# 
   218  0008                     	;# 
   219  0009                     	;# 
   220  000A                     	;# 
   221  000B                     	;# 
   222  000C                     	;# 
   223  000D                     	;# 
   224  000E                     	;# 
   225  000E                     	;# 
   226  000F                     	;# 
   227  0010                     	;# 
   228  0011                     	;# 
   229  0012                     	;# 
   230  0013                     	;# 
   231  0014                     	;# 
   232  0015                     	;# 
   233  0015                     	;# 
   234  0016                     	;# 
   235  0017                     	;# 
   236  0018                     	;# 
   237  0019                     	;# 
   238  001A                     	;# 
   239  001B                     	;# 
   240  001B                     	;# 
   241  001C                     	;# 
   242  001D                     	;# 
   243  001E                     	;# 
   244  001F                     	;# 
   245  0081                     	;# 
   246  0085                     	;# 
   247  0086                     	;# 
   248  0087                     	;# 
   249  0088                     	;# 
   250  0089                     	;# 
   251  008C                     	;# 
   252  008D                     	;# 
   253  008E                     	;# 
   254  008F                     	;# 
   255  0090                     	;# 
   256  0091                     	;# 
   257  0092                     	;# 
   258  0093                     	;# 
   259  0093                     	;# 
   260  0093                     	;# 
   261  0094                     	;# 
   262  0095                     	;# 
   263  0096                     	;# 
   264  0097                     	;# 
   265  0098                     	;# 
   266  0099                     	;# 
   267  009A                     	;# 
   268  009B                     	;# 
   269  009C                     	;# 
   270  009D                     	;# 
   271  009E                     	;# 
   272  009F                     	;# 
   273  0105                     	;# 
   274  0107                     	;# 
   275  0108                     	;# 
   276  0109                     	;# 
   277  010C                     	;# 
   278  010C                     	;# 
   279  010D                     	;# 
   280  010E                     	;# 
   281  010F                     	;# 
   282  0185                     	;# 
   283  0187                     	;# 
   284  0188                     	;# 
   285  0189                     	;# 
   286  018C                     	;# 
   287  018D                     	;# 
   288  0000                     	;# 
   289  0001                     	;# 
   290  0002                     	;# 
   291  0003                     	;# 
   292  0004                     	;# 
   293  0005                     	;# 
   294  0006                     	;# 
   295  0007                     	;# 
   296  0008                     	;# 
   297  0009                     	;# 
   298  000A                     	;# 
   299  000B                     	;# 
   300  000C                     	;# 
   301  000D                     	;# 
   302  000E                     	;# 
   303  000E                     	;# 
   304  000F                     	;# 
   305  0010                     	;# 
   306  0011                     	;# 
   307  0012                     	;# 
   308  0013                     	;# 
   309  0014                     	;# 
   310  0015                     	;# 
   311  0015                     	;# 
   312  0016                     	;# 
   313  0017                     	;# 
   314  0018                     	;# 
   315  0019                     	;# 
   316  001A                     	;# 
   317  001B                     	;# 
   318  001B                     	;# 
   319  001C                     	;# 
   320  001D                     	;# 
   321  001E                     	;# 
   322  001F                     	;# 
   323  0081                     	;# 
   324  0085                     	;# 
   325  0086                     	;# 
   326  0087                     	;# 
   327  0088                     	;# 
   328  0089                     	;# 
   329  008C                     	;# 
   330  008D                     	;# 
   331  008E                     	;# 
   332  008F                     	;# 
   333  0090                     	;# 
   334  0091                     	;# 
   335  0092                     	;# 
   336  0093                     	;# 
   337  0093                     	;# 
   338  0093                     	;# 
   339  0094                     	;# 
   340  0095                     	;# 
   341  0096                     	;# 
   342  0097                     	;# 
   343  0098                     	;# 
   344  0099                     	;# 
   345  009A                     	;# 
   346  009B                     	;# 
   347  009C                     	;# 
   348  009D                     	;# 
   349  009E                     	;# 
   350  009F                     	;# 
   351  0105                     	;# 
   352  0107                     	;# 
   353  0108                     	;# 
   354  0109                     	;# 
   355  010C                     	;# 
   356  010C                     	;# 
   357  010D                     	;# 
   358  010E                     	;# 
   359  010F                     	;# 
   360  0185                     	;# 
   361  0187                     	;# 
   362  0188                     	;# 
   363  0189                     	;# 
   364  018C                     	;# 
   365  018D                     	;# 
   366  0013                     _SSPBUF	set	19
   367  0014                     _SSPCON	set	20
   368  0008                     _PORTDbits	set	8
   369  0008                     _PORTD	set	8
   370  0007                     _PORTC	set	7
   371  0006                     _PORTB	set	6
   372  0005                     _PORTA	set	5
   373  0063                     _SSPIF	set	99
   374  005E                     _PEIE	set	94
   375  005F                     _GIE	set	95
   376  0043                     _RD3	set	67
   377  0047                     _RD7	set	71
   378  0046                     _RD6	set	70
   379  0045                     _RD5	set	69
   380  0044                     _RD4	set	68
   381  0091                     _SSPCON2bits	set	145
   382  0087                     _TRISCbits	set	135
   383  0094                     _SSPSTAT	set	148
   384  0093                     _SSPADD	set	147
   385  0091                     _SSPCON2	set	145
   386  008F                     _OSCCONbits	set	143
   387  0086                     _TRISB	set	134
   388  0085                     _TRISA	set	133
   389  0463                     _SSPIE	set	1123
   390  043C                     _TRISC4	set	1084
   391  043B                     _TRISC3	set	1083
   392  0189                     _ANSELH	set	393
   393                           
   394                           	psect	cinit
   395  07F9                     start_initialization:	
   396                           ; #config settings
   397                           
   398  07F9                     __initialization:
   399                           
   400                           ; Clear objects allocated to BANK0
   401  07F9  1283               	bcf	3,5	;RP0=0, select bank0
   402  07FA  1303               	bcf	3,6	;RP1=0, select bank0
   403  07FB  01AB               	clrf	__pbssBANK0& (0+127)
   404  07FC                     end_of_initialization:	
   405                           ;End of C runtime variable initialization code
   406                           
   407  07FC                     __end_of__initialization:
   408  07FC  0183               	clrf	3
   409  07FD  120A  118A  2F69   	ljmp	_main	;jump to C main() function
   410                           
   411                           	psect	bssBANK0
   412  002B                     __pbssBANK0:
   413  002B                     _VOL:
   414  002B                     	ds	1
   415                           
   416                           	psect	cstackCOMMON
   417  0070                     __pcstackCOMMON:
   418  0070                     ?_I2C_Master_Start:
   419  0070                     ??_I2C_Master_Start:	
   420                           ; 1 bytes @ 0x0
   421                           
   422  0070                     ?_I2C_Master_Write:	
   423                           ; 1 bytes @ 0x0
   424                           
   425  0070                     ?_I2C_Master_Stop:	
   426                           ; 1 bytes @ 0x0
   427                           
   428  0070                     ??_I2C_Master_Stop:	
   429                           ; 1 bytes @ 0x0
   430                           
   431  0070                     ?_setup:	
   432                           ; 1 bytes @ 0x0
   433                           
   434  0070                     ?_main:	
   435                           ; 1 bytes @ 0x0
   436                           
   437  0070                     ?_I2C_Master_Wait:	
   438                           ; 1 bytes @ 0x0
   439                           
   440  0070                     ??_I2C_Master_Wait:	
   441                           ; 1 bytes @ 0x0
   442                           
   443  0070                     ?_I2C_Master_Read:	
   444                           ; 1 bytes @ 0x0
   445                           
   446  0070                     ?___lldiv:	
   447                           ; 2 bytes @ 0x0
   448                           
   449  0070                     I2C_Master_Write@d:	
   450                           ; 4 bytes @ 0x0
   451                           
   452  0070                     I2C_Master_Read@a:	
   453                           ; 2 bytes @ 0x0
   454                           
   455  0070                     ___lldiv@divisor:	
   456                           ; 2 bytes @ 0x0
   457                           
   458                           
   459                           ; 4 bytes @ 0x0
   460  0070                     	ds	2
   461  0072                     ??_I2C_Master_Write:
   462  0072                     ??_I2C_Master_Read:	
   463                           ; 1 bytes @ 0x2
   464                           
   465                           
   466                           ; 1 bytes @ 0x2
   467  0072                     	ds	2
   468  0074                     I2C_Master_Read@temp:
   469  0074                     ___lldiv@dividend:	
   470                           ; 2 bytes @ 0x4
   471                           
   472                           
   473                           ; 4 bytes @ 0x4
   474  0074                     	ds	4
   475  0078                     ??___lldiv:
   476                           
   477                           ; 1 bytes @ 0x8
   478  0078                     	ds	1
   479  0079                     ___lldiv@quotient:
   480                           
   481                           ; 4 bytes @ 0x9
   482  0079                     	ds	4
   483  007D                     ___lldiv@counter:
   484                           
   485                           ; 1 bytes @ 0xD
   486  007D                     	ds	1
   487  007E                     ??_setup:
   488                           
   489                           	psect	cstackBANK0
   490  0020                     __pcstackBANK0:	
   491                           ; 1 bytes @ 0xE
   492                           
   493  0020                     ?_I2C_Master_Init:
   494  0020                     I2C_Master_Init@c:	
   495                           ; 1 bytes @ 0x0
   496                           
   497                           
   498                           ; 4 bytes @ 0x0
   499  0020                     	ds	4
   500  0024                     ??_I2C_Master_Init:
   501                           
   502                           ; 1 bytes @ 0x4
   503  0024                     	ds	4
   504  0028                     ??_main:
   505                           
   506                           ; 1 bytes @ 0x8
   507  0028                     	ds	3
   508                           
   509                           	psect	maintext
   510  0769                     __pmaintext:	
   511 ;;
   512 ;;Main: autosize = 0, tempsize = 3, incstack = 0, save=0
   513 ;;
   514 ;; *************** function _main *****************
   515 ;; Defined at:
   516 ;;		line 87 in file "Master_04.c"
   517 ;; Parameters:    Size  Location     Type
   518 ;;		None
   519 ;; Auto vars:     Size  Location     Type
   520 ;;		None
   521 ;; Return value:  Size  Location     Type
   522 ;;                  1    wreg      void 
   523 ;; Registers used:
   524 ;;		wreg, status,2, status,0, pclath, cstack
   525 ;; Tracked objects:
   526 ;;		On entry : B00/0
   527 ;;		On exit  : 0/0
   528 ;;		Unchanged: 0/0
   529 ;; Data sizes:     COMMON   BANK0   BANK1   BANK3   BANK2
   530 ;;      Params:         0       0       0       0       0
   531 ;;      Locals:         0       0       0       0       0
   532 ;;      Temps:          0       3       0       0       0
   533 ;;      Totals:         0       3       0       0       0
   534 ;;Total ram usage:        3 bytes
   535 ;; Hardware stack levels required when called:    3
   536 ;; This function calls:
   537 ;;		_I2C_Master_Read
   538 ;;		_I2C_Master_Start
   539 ;;		_I2C_Master_Stop
   540 ;;		_I2C_Master_Write
   541 ;;		_setup
   542 ;; This function is called by:
   543 ;;		Startup code after reset
   544 ;; This function uses a non-reentrant model
   545 ;;
   546                           
   547                           
   548                           ;psect for function _main
   549  0769                     _main:
   550  0769                     l985:	
   551                           ;incstack = 0
   552                           ; Regs used in _main: [wreg+status,2+status,0+pclath+cstack]
   553                           
   554                           
   555                           ;Master_04.c: 88:     setup();
   556  0769  120A  118A  267A  120A  118A  	fcall	_setup
   557  076E                     l38:	
   558                           ;Master_04.c: 89:     while(1){
   559                           
   560                           
   561                           ;Master_04.c: 90:         I2C_Master_Start();
   562  076E  120A  118A  2651  120A  118A  	fcall	_I2C_Master_Start
   563                           
   564                           ;Master_04.c: 91:         I2C_Master_Write(0x51);
   565  0773  3051               	movlw	81
   566  0774  00F0               	movwf	I2C_Master_Write@d
   567  0775  3000               	movlw	0
   568  0776  00F1               	movwf	I2C_Master_Write@d+1
   569  0777  120A  118A  2663  120A  118A  	fcall	_I2C_Master_Write
   570                           
   571                           ;Master_04.c: 92:         PORTB = I2C_Master_Read(0);
   572  077C  3000               	movlw	0
   573  077D  00F0               	movwf	I2C_Master_Read@a
   574  077E  00F1               	movwf	I2C_Master_Read@a+1
   575  077F  120A  118A  269D  120A  118A  	fcall	_I2C_Master_Read
   576  0784  0870               	movf	?_I2C_Master_Read,w
   577  0785  1283               	bcf	3,5	;RP0=0, select bank0
   578  0786  1303               	bcf	3,6	;RP1=0, select bank0
   579  0787  0086               	movwf	6	;volatile
   580                           
   581                           ;Master_04.c: 93:         I2C_Master_Stop();
   582  0788  120A  118A  265A  120A  118A  	fcall	_I2C_Master_Stop
   583  078D                     l987:
   584                           
   585                           ;Master_04.c: 94:         _delay((unsigned long)((200)*(4000000/4000.0)));
   586  078D  3002               	movlw	2
   587  078E  1283               	bcf	3,5	;RP0=0, select bank0
   588  078F  1303               	bcf	3,6	;RP1=0, select bank0
   589  0790  00AA               	movwf	??_main+2
   590  0791  3004               	movlw	4
   591  0792  00A9               	movwf	??_main+1
   592  0793  30B9               	movlw	185
   593  0794  00A8               	movwf	??_main
   594  0795                     u307:
   595  0795  0BA8               	decfsz	??_main,f
   596  0796  2F95               	goto	u307
   597  0797  0BA9               	decfsz	??_main+1,f
   598  0798  2F95               	goto	u307
   599  0799  0BAA               	decfsz	??_main+2,f
   600  079A  2F95               	goto	u307
   601  079B  2F9C               	nop2
   602  079C                     l989:
   603                           
   604                           ;Master_04.c: 97:         I2C_Master_Start();
   605  079C  120A  118A  2651  120A  118A  	fcall	_I2C_Master_Start
   606  07A1                     l991:
   607                           
   608                           ;Master_04.c: 98:         I2C_Master_Write(0x80);
   609  07A1  3080               	movlw	128
   610  07A2  00F0               	movwf	I2C_Master_Write@d
   611  07A3  3000               	movlw	0
   612  07A4  00F1               	movwf	I2C_Master_Write@d+1
   613  07A5  120A  118A  2663  120A  118A  	fcall	_I2C_Master_Write
   614  07AA                     l993:
   615                           
   616                           ;Master_04.c: 99:         I2C_Master_Write(0xF3);
   617  07AA  30F3               	movlw	243
   618  07AB  00F0               	movwf	I2C_Master_Write@d
   619  07AC  3000               	movlw	0
   620  07AD  00F1               	movwf	I2C_Master_Write@d+1
   621  07AE  120A  118A  2663  120A  118A  	fcall	_I2C_Master_Write
   622  07B3                     l995:
   623                           
   624                           ;Master_04.c: 100:         I2C_Master_Stop();
   625  07B3  120A  118A  265A  120A  118A  	fcall	_I2C_Master_Stop
   626  07B8                     l997:
   627                           
   628                           ;Master_04.c: 101:         _delay((unsigned long)((200)*(4000000/4000.0)));
   629  07B8  3002               	movlw	2
   630  07B9  1283               	bcf	3,5	;RP0=0, select bank0
   631  07BA  1303               	bcf	3,6	;RP1=0, select bank0
   632  07BB  00AA               	movwf	??_main+2
   633  07BC  3004               	movlw	4
   634  07BD  00A9               	movwf	??_main+1
   635  07BE  30B9               	movlw	185
   636  07BF  00A8               	movwf	??_main
   637  07C0                     u317:
   638  07C0  0BA8               	decfsz	??_main,f
   639  07C1  2FC0               	goto	u317
   640  07C2  0BA9               	decfsz	??_main+1,f
   641  07C3  2FC0               	goto	u317
   642  07C4  0BAA               	decfsz	??_main+2,f
   643  07C5  2FC0               	goto	u317
   644  07C6  2FC7               	nop2
   645                           
   646                           ;Master_04.c: 103:         I2C_Master_Start();
   647  07C7  120A  118A  2651  120A  118A  	fcall	_I2C_Master_Start
   648                           
   649                           ;Master_04.c: 104:         I2C_Master_Write(0x81);
   650  07CC  3081               	movlw	129
   651  07CD  00F0               	movwf	I2C_Master_Write@d
   652  07CE  3000               	movlw	0
   653  07CF  00F1               	movwf	I2C_Master_Write@d+1
   654  07D0  120A  118A  2663  120A  118A  	fcall	_I2C_Master_Write
   655                           
   656                           ;Master_04.c: 105:         PORTA = I2C_Master_Read(0);
   657  07D5  3000               	movlw	0
   658  07D6  00F0               	movwf	I2C_Master_Read@a
   659  07D7  00F1               	movwf	I2C_Master_Read@a+1
   660  07D8  120A  118A  269D  120A  118A  	fcall	_I2C_Master_Read
   661  07DD  0870               	movf	?_I2C_Master_Read,w
   662  07DE  1283               	bcf	3,5	;RP0=0, select bank0
   663  07DF  1303               	bcf	3,6	;RP1=0, select bank0
   664  07E0  0085               	movwf	5	;volatile
   665                           
   666                           ;Master_04.c: 106:         I2C_Master_Stop();
   667  07E1  120A  118A  265A  120A  118A  	fcall	_I2C_Master_Stop
   668  07E6                     l999:
   669                           
   670                           ;Master_04.c: 107:         _delay((unsigned long)((200)*(4000000/4000.0)));
   671  07E6  3002               	movlw	2
   672  07E7  1283               	bcf	3,5	;RP0=0, select bank0
   673  07E8  1303               	bcf	3,6	;RP1=0, select bank0
   674  07E9  00AA               	movwf	??_main+2
   675  07EA  3004               	movlw	4
   676  07EB  00A9               	movwf	??_main+1
   677  07EC  30B9               	movlw	185
   678  07ED  00A8               	movwf	??_main
   679  07EE                     u327:
   680  07EE  0BA8               	decfsz	??_main,f
   681  07EF  2FEE               	goto	u327
   682  07F0  0BA9               	decfsz	??_main+1,f
   683  07F1  2FEE               	goto	u327
   684  07F2  0BAA               	decfsz	??_main+2,f
   685  07F3  2FEE               	goto	u327
   686  07F4  2FF5               	nop2
   687  07F5  2F6E               	goto	l38
   688  07F6  120A  118A  2800   	ljmp	start
   689  07F9                     __end_of_main:
   690                           
   691                           	psect	text1
   692  067A                     __ptext1:	
   693 ;; *************** function _setup *****************
   694 ;; Defined at:
   695 ;;		line 63 in file "Master_04.c"
   696 ;; Parameters:    Size  Location     Type
   697 ;;		None
   698 ;; Auto vars:     Size  Location     Type
   699 ;;		None
   700 ;; Return value:  Size  Location     Type
   701 ;;                  1    wreg      void 
   702 ;; Registers used:
   703 ;;		wreg, status,2, status,0, pclath, cstack
   704 ;; Tracked objects:
   705 ;;		On entry : 0/0
   706 ;;		On exit  : 0/0
   707 ;;		Unchanged: 0/0
   708 ;; Data sizes:     COMMON   BANK0   BANK1   BANK3   BANK2
   709 ;;      Params:         0       0       0       0       0
   710 ;;      Locals:         0       0       0       0       0
   711 ;;      Temps:          0       0       0       0       0
   712 ;;      Totals:         0       0       0       0       0
   713 ;;Total ram usage:        0 bytes
   714 ;; Hardware stack levels used:    1
   715 ;; Hardware stack levels required when called:    2
   716 ;; This function calls:
   717 ;;		_I2C_Master_Init
   718 ;; This function is called by:
   719 ;;		_main
   720 ;; This function uses a non-reentrant model
   721 ;;
   722                           
   723                           
   724                           ;psect for function _setup
   725  067A                     _setup:
   726  067A                     l953:	
   727                           ;incstack = 0
   728                           ; Regs used in _setup: [wreg+status,2+status,0+pclath+cstack]
   729                           
   730                           
   731                           ;Master_04.c: 65:     ANSELH = 0x00;
   732  067A  1683               	bsf	3,5	;RP0=1, select bank3
   733  067B  1703               	bsf	3,6	;RP1=1, select bank3
   734  067C  0189               	clrf	9	;volatile
   735                           
   736                           ;Master_04.c: 66:     TRISA = 0X00;
   737  067D  1683               	bsf	3,5	;RP0=1, select bank1
   738  067E  1303               	bcf	3,6	;RP1=0, select bank1
   739  067F  0185               	clrf	5	;volatile
   740                           
   741                           ;Master_04.c: 67:     TRISB = 0x00;
   742  0680  0186               	clrf	6	;volatile
   743                           
   744                           ;Master_04.c: 69:     PORTA = 0X00;
   745  0681  1283               	bcf	3,5	;RP0=0, select bank0
   746  0682  1303               	bcf	3,6	;RP1=0, select bank0
   747  0683  0185               	clrf	5	;volatile
   748                           
   749                           ;Master_04.c: 70:     PORTB = 0X00;
   750  0684  0186               	clrf	6	;volatile
   751                           
   752                           ;Master_04.c: 71:     PORTC = 0X00;
   753  0685  0187               	clrf	7	;volatile
   754                           
   755                           ;Master_04.c: 72:     PORTD = 0X00;
   756  0686  0188               	clrf	8	;volatile
   757  0687                     l955:
   758                           
   759                           ;Master_04.c: 75:     OSCCONbits.SCS = 1;
   760  0687  1683               	bsf	3,5	;RP0=1, select bank1
   761  0688  1303               	bcf	3,6	;RP1=0, select bank1
   762  0689  140F               	bsf	15,0	;volatile
   763  068A                     l957:
   764                           
   765                           ;Master_04.c: 76:     OSCCONbits.IRCF2 = 1;
   766  068A  170F               	bsf	15,6	;volatile
   767  068B                     l959:
   768                           
   769                           ;Master_04.c: 77:     OSCCONbits.IRCF1 = 1;
   770  068B  168F               	bsf	15,5	;volatile
   771  068C                     l961:
   772                           
   773                           ;Master_04.c: 78:     OSCCONbits.IRCF0 = 0;
   774  068C  120F               	bcf	15,4	;volatile
   775  068D                     l963:
   776                           
   777                           ;Master_04.c: 81:     I2C_Master_Init(100000);
   778  068D  3000               	movlw	0
   779  068E  1283               	bcf	3,5	;RP0=0, select bank0
   780  068F  1303               	bcf	3,6	;RP1=0, select bank0
   781  0690  00A3               	movwf	I2C_Master_Init@c+3
   782  0691  3001               	movlw	1
   783  0692  00A2               	movwf	I2C_Master_Init@c+2
   784  0693  3086               	movlw	134
   785  0694  00A1               	movwf	I2C_Master_Init@c+1
   786  0695  30A0               	movlw	160
   787  0696  00A0               	movwf	I2C_Master_Init@c
   788  0697  120A  118A  26CB  120A  118A  	fcall	_I2C_Master_Init
   789  069C                     l33:
   790  069C  0008               	return
   791  069D                     __end_of_setup:
   792                           
   793                           	psect	text2
   794  06CB                     __ptext2:	
   795 ;; *************** function _I2C_Master_Init *****************
   796 ;; Defined at:
   797 ;;		line 16 in file "I2C.c"
   798 ;; Parameters:    Size  Location     Type
   799 ;;  c               4    0[BANK0 ] const unsigned long 
   800 ;; Auto vars:     Size  Location     Type
   801 ;;		None
   802 ;; Return value:  Size  Location     Type
   803 ;;                  1    wreg      void 
   804 ;; Registers used:
   805 ;;		wreg, status,2, status,0, pclath, cstack
   806 ;; Tracked objects:
   807 ;;		On entry : 0/0
   808 ;;		On exit  : 0/0
   809 ;;		Unchanged: 0/0
   810 ;; Data sizes:     COMMON   BANK0   BANK1   BANK3   BANK2
   811 ;;      Params:         0       4       0       0       0
   812 ;;      Locals:         0       0       0       0       0
   813 ;;      Temps:          0       4       0       0       0
   814 ;;      Totals:         0       8       0       0       0
   815 ;;Total ram usage:        8 bytes
   816 ;; Hardware stack levels used:    1
   817 ;; Hardware stack levels required when called:    1
   818 ;; This function calls:
   819 ;;		___lldiv
   820 ;; This function is called by:
   821 ;;		_setup
   822 ;; This function uses a non-reentrant model
   823 ;;
   824                           
   825                           
   826                           ;psect for function _I2C_Master_Init
   827  06CB                     _I2C_Master_Init:
   828  06CB                     l941:	
   829                           ;incstack = 0
   830                           ; Regs used in _I2C_Master_Init: [wreg+status,2+status,0+pclath+cstack]
   831                           
   832                           
   833                           ;I2C.c: 16: void I2C_Master_Init(const unsigned long c);I2C.c: 17: {;I2C.c: 18:     SSPC
      +                          ON = 0b00101000;
   834  06CB  3028               	movlw	40
   835  06CC  1283               	bcf	3,5	;RP0=0, select bank0
   836  06CD  1303               	bcf	3,6	;RP1=0, select bank0
   837  06CE  0094               	movwf	20	;volatile
   838  06CF                     l943:
   839                           
   840                           ;I2C.c: 19:     SSPCON2 = 0;
   841  06CF  1683               	bsf	3,5	;RP0=1, select bank1
   842  06D0  1303               	bcf	3,6	;RP1=0, select bank1
   843  06D1  0191               	clrf	17	;volatile
   844  06D2                     l945:
   845                           
   846                           ;I2C.c: 20:     SSPADD = (4000000/(4*c))-1;
   847  06D2  1283               	bcf	3,5	;RP0=0, select bank0
   848  06D3  1303               	bcf	3,6	;RP1=0, select bank0
   849  06D4  0820               	movf	I2C_Master_Init@c,w
   850  06D5  00A4               	movwf	??_I2C_Master_Init
   851  06D6  0821               	movf	I2C_Master_Init@c+1,w
   852  06D7  00A5               	movwf	??_I2C_Master_Init+1
   853  06D8  0822               	movf	I2C_Master_Init@c+2,w
   854  06D9  00A6               	movwf	??_I2C_Master_Init+2
   855  06DA  0823               	movf	I2C_Master_Init@c+3,w
   856  06DB  00A7               	movwf	??_I2C_Master_Init+3
   857  06DC  3002               	movlw	2
   858  06DD                     u285:
   859  06DD  1003               	clrc
   860  06DE  0DA4               	rlf	??_I2C_Master_Init,f
   861  06DF  0DA5               	rlf	??_I2C_Master_Init+1,f
   862  06E0  0DA6               	rlf	??_I2C_Master_Init+2,f
   863  06E1  0DA7               	rlf	??_I2C_Master_Init+3,f
   864  06E2                     u280:
   865  06E2  3EFF               	addlw	-1
   866  06E3  1D03               	skipz
   867  06E4  2EDD               	goto	u285
   868  06E5  0827               	movf	??_I2C_Master_Init+3,w
   869  06E6  00F3               	movwf	___lldiv@divisor+3
   870  06E7  0826               	movf	??_I2C_Master_Init+2,w
   871  06E8  00F2               	movwf	___lldiv@divisor+2
   872  06E9  0825               	movf	??_I2C_Master_Init+1,w
   873  06EA  00F1               	movwf	___lldiv@divisor+1
   874  06EB  0824               	movf	??_I2C_Master_Init,w
   875  06EC  00F0               	movwf	___lldiv@divisor
   876  06ED  3000               	movlw	0
   877  06EE  00F7               	movwf	___lldiv@dividend+3
   878  06EF  303D               	movlw	61
   879  06F0  00F6               	movwf	___lldiv@dividend+2
   880  06F1  3009               	movlw	9
   881  06F2  00F5               	movwf	___lldiv@dividend+1
   882  06F3  3000               	movlw	0
   883  06F4  00F4               	movwf	___lldiv@dividend
   884  06F5  120A  118A  2703  120A  118A  	fcall	___lldiv
   885  06FA  0870               	movf	?___lldiv,w
   886  06FB  3EFF               	addlw	255
   887  06FC  1683               	bsf	3,5	;RP0=1, select bank1
   888  06FD  1303               	bcf	3,6	;RP1=0, select bank1
   889  06FE  0093               	movwf	19	;volatile
   890  06FF                     l947:
   891                           
   892                           ;I2C.c: 21:     SSPSTAT = 0;
   893  06FF  0194               	clrf	20	;volatile
   894  0700                     l949:
   895                           
   896                           ;I2C.c: 22:     TRISCbits.TRISC3 = 1;
   897  0700  1587               	bsf	7,3	;volatile
   898  0701                     l951:
   899                           
   900                           ;I2C.c: 23:     TRISCbits.TRISC4 = 1;
   901  0701  1607               	bsf	7,4	;volatile
   902  0702                     l113:
   903  0702  0008               	return
   904  0703                     __end_of_I2C_Master_Init:
   905                           
   906                           	psect	text3
   907  0703                     __ptext3:	
   908 ;; *************** function ___lldiv *****************
   909 ;; Defined at:
   910 ;;		line 5 in file "C:\Program Files\Microchip\xc8\v2.31\pic\sources\c90\common\__lldiv.c"
   911 ;; Parameters:    Size  Location     Type
   912 ;;  divisor         4    0[COMMON] unsigned long 
   913 ;;  dividend        4    4[COMMON] unsigned long 
   914 ;; Auto vars:     Size  Location     Type
   915 ;;  quotient        4    9[COMMON] unsigned long 
   916 ;;  counter         1   13[COMMON] unsigned char 
   917 ;; Return value:  Size  Location     Type
   918 ;;                  4    0[COMMON] unsigned long 
   919 ;; Registers used:
   920 ;;		wreg, status,2, status,0
   921 ;; Tracked objects:
   922 ;;		On entry : 0/0
   923 ;;		On exit  : 0/0
   924 ;;		Unchanged: 0/0
   925 ;; Data sizes:     COMMON   BANK0   BANK1   BANK3   BANK2
   926 ;;      Params:         8       0       0       0       0
   927 ;;      Locals:         5       0       0       0       0
   928 ;;      Temps:          1       0       0       0       0
   929 ;;      Totals:        14       0       0       0       0
   930 ;;Total ram usage:       14 bytes
   931 ;; Hardware stack levels used:    1
   932 ;; This function calls:
   933 ;;		Nothing
   934 ;; This function is called by:
   935 ;;		_I2C_Master_Init
   936 ;; This function uses a non-reentrant model
   937 ;;
   938                           
   939                           
   940                           ;psect for function ___lldiv
   941  0703                     ___lldiv:
   942  0703                     l917:	
   943                           ;incstack = 0
   944                           ; Regs used in ___lldiv: [wreg+status,2+status,0]
   945                           
   946  0703  3000               	movlw	0
   947  0704  00FC               	movwf	___lldiv@quotient+3
   948  0705  3000               	movlw	0
   949  0706  00FB               	movwf	___lldiv@quotient+2
   950  0707  3000               	movlw	0
   951  0708  00FA               	movwf	___lldiv@quotient+1
   952  0709  3000               	movlw	0
   953  070A  00F9               	movwf	___lldiv@quotient
   954  070B  0873               	movf	___lldiv@divisor+3,w
   955  070C  0472               	iorwf	___lldiv@divisor+2,w
   956  070D  0471               	iorwf	___lldiv@divisor+1,w
   957  070E  0470               	iorwf	___lldiv@divisor,w
   958  070F  1903               	skipnz
   959  0710  2F12               	goto	u211
   960  0711  2F13               	goto	u210
   961  0712                     u211:
   962  0712  2F60               	goto	l937
   963  0713                     u210:
   964  0713                     l919:
   965  0713  01FD               	clrf	___lldiv@counter
   966  0714  0AFD               	incf	___lldiv@counter,f
   967  0715  2F23               	goto	l923
   968  0716                     l921:
   969  0716  3001               	movlw	1
   970  0717  00F8               	movwf	??___lldiv
   971  0718                     u225:
   972  0718  1003               	clrc
   973  0719  0DF0               	rlf	___lldiv@divisor,f
   974  071A  0DF1               	rlf	___lldiv@divisor+1,f
   975  071B  0DF2               	rlf	___lldiv@divisor+2,f
   976  071C  0DF3               	rlf	___lldiv@divisor+3,f
   977  071D  0BF8               	decfsz	??___lldiv,f
   978  071E  2F18               	goto	u225
   979  071F  3001               	movlw	1
   980  0720  00F8               	movwf	??___lldiv
   981  0721  0878               	movf	??___lldiv,w
   982  0722  07FD               	addwf	___lldiv@counter,f
   983  0723                     l923:
   984  0723  1FF3               	btfss	___lldiv@divisor+3,7
   985  0724  2F26               	goto	u231
   986  0725  2F27               	goto	u230
   987  0726                     u231:
   988  0726  2F16               	goto	l921
   989  0727                     u230:
   990  0727                     l925:
   991  0727  3001               	movlw	1
   992  0728  00F8               	movwf	??___lldiv
   993  0729                     u245:
   994  0729  1003               	clrc
   995  072A  0DF9               	rlf	___lldiv@quotient,f
   996  072B  0DFA               	rlf	___lldiv@quotient+1,f
   997  072C  0DFB               	rlf	___lldiv@quotient+2,f
   998  072D  0DFC               	rlf	___lldiv@quotient+3,f
   999  072E  0BF8               	decfsz	??___lldiv,f
  1000  072F  2F29               	goto	u245
  1001  0730                     l927:
  1002  0730  0873               	movf	___lldiv@divisor+3,w
  1003  0731  0277               	subwf	___lldiv@dividend+3,w
  1004  0732  1D03               	skipz
  1005  0733  2F3E               	goto	u255
  1006  0734  0872               	movf	___lldiv@divisor+2,w
  1007  0735  0276               	subwf	___lldiv@dividend+2,w
  1008  0736  1D03               	skipz
  1009  0737  2F3E               	goto	u255
  1010  0738  0871               	movf	___lldiv@divisor+1,w
  1011  0739  0275               	subwf	___lldiv@dividend+1,w
  1012  073A  1D03               	skipz
  1013  073B  2F3E               	goto	u255
  1014  073C  0870               	movf	___lldiv@divisor,w
  1015  073D  0274               	subwf	___lldiv@dividend,w
  1016  073E                     u255:
  1017  073E  1C03               	skipc
  1018  073F  2F41               	goto	u251
  1019  0740  2F42               	goto	u250
  1020  0741                     u251:
  1021  0741  2F51               	goto	l933
  1022  0742                     u250:
  1023  0742                     l929:
  1024  0742  0870               	movf	___lldiv@divisor,w
  1025  0743  02F4               	subwf	___lldiv@dividend,f
  1026  0744  0871               	movf	___lldiv@divisor+1,w
  1027  0745  1C03               	skipc
  1028  0746  0F71               	incfsz	___lldiv@divisor+1,w
  1029  0747  02F5               	subwf	___lldiv@dividend+1,f
  1030  0748  0872               	movf	___lldiv@divisor+2,w
  1031  0749  1C03               	skipc
  1032  074A  0F72               	incfsz	___lldiv@divisor+2,w
  1033  074B  02F6               	subwf	___lldiv@dividend+2,f
  1034  074C  0873               	movf	___lldiv@divisor+3,w
  1035  074D  1C03               	skipc
  1036  074E  0F73               	incfsz	___lldiv@divisor+3,w
  1037  074F  02F7               	subwf	___lldiv@dividend+3,f
  1038  0750                     l931:
  1039  0750  1479               	bsf	___lldiv@quotient,0
  1040  0751                     l933:
  1041  0751  3001               	movlw	1
  1042  0752                     u265:
  1043  0752  1003               	clrc
  1044  0753  0CF3               	rrf	___lldiv@divisor+3,f
  1045  0754  0CF2               	rrf	___lldiv@divisor+2,f
  1046  0755  0CF1               	rrf	___lldiv@divisor+1,f
  1047  0756  0CF0               	rrf	___lldiv@divisor,f
  1048  0757  3EFF               	addlw	-1
  1049  0758  1D03               	skipz
  1050  0759  2F52               	goto	u265
  1051  075A                     l935:
  1052  075A  3001               	movlw	1
  1053  075B  02FD               	subwf	___lldiv@counter,f
  1054  075C  1D03               	btfss	3,2
  1055  075D  2F5F               	goto	u271
  1056  075E  2F60               	goto	u270
  1057  075F                     u271:
  1058  075F  2F27               	goto	l925
  1059  0760                     u270:
  1060  0760                     l937:
  1061  0760  087C               	movf	___lldiv@quotient+3,w
  1062  0761  00F3               	movwf	?___lldiv+3
  1063  0762  087B               	movf	___lldiv@quotient+2,w
  1064  0763  00F2               	movwf	?___lldiv+2
  1065  0764  087A               	movf	___lldiv@quotient+1,w
  1066  0765  00F1               	movwf	?___lldiv+1
  1067  0766  0879               	movf	___lldiv@quotient,w
  1068  0767  00F0               	movwf	?___lldiv
  1069  0768                     l261:
  1070  0768  0008               	return
  1071  0769                     __end_of___lldiv:
  1072                           
  1073                           	psect	text4
  1074  0663                     __ptext4:	
  1075 ;; *************** function _I2C_Master_Write *****************
  1076 ;; Defined at:
  1077 ;;		line 65 in file "I2C.c"
  1078 ;; Parameters:    Size  Location     Type
  1079 ;;  d               2    0[COMMON] unsigned int 
  1080 ;; Auto vars:     Size  Location     Type
  1081 ;;		None
  1082 ;; Return value:  Size  Location     Type
  1083 ;;                  1    wreg      void 
  1084 ;; Registers used:
  1085 ;;		wreg, status,2, status,0, pclath, cstack
  1086 ;; Tracked objects:
  1087 ;;		On entry : 0/0
  1088 ;;		On exit  : 0/0
  1089 ;;		Unchanged: 0/0
  1090 ;; Data sizes:     COMMON   BANK0   BANK1   BANK3   BANK2
  1091 ;;      Params:         2       0       0       0       0
  1092 ;;      Locals:         0       0       0       0       0
  1093 ;;      Temps:          0       0       0       0       0
  1094 ;;      Totals:         2       0       0       0       0
  1095 ;;Total ram usage:        2 bytes
  1096 ;; Hardware stack levels used:    1
  1097 ;; Hardware stack levels required when called:    1
  1098 ;; This function calls:
  1099 ;;		_I2C_Master_Wait
  1100 ;; This function is called by:
  1101 ;;		_main
  1102 ;; This function uses a non-reentrant model
  1103 ;;
  1104                           
  1105                           
  1106                           ;psect for function _I2C_Master_Write
  1107  0663                     _I2C_Master_Write:
  1108  0663                     l965:	
  1109                           ;incstack = 0
  1110                           ; Regs used in _I2C_Master_Write: [wreg+status,2+status,0+pclath+cstack]
  1111                           
  1112                           
  1113                           ;I2C.c: 65: void I2C_Master_Write(unsigned d);I2C.c: 66: {;I2C.c: 67:     I2C_Master_Wai
      +                          t();
  1114  0663  120A  118A  266D  120A  118A  	fcall	_I2C_Master_Wait
  1115  0668                     l967:
  1116                           
  1117                           ;I2C.c: 68:     SSPBUF = d;
  1118  0668  0870               	movf	I2C_Master_Write@d,w
  1119  0669  1283               	bcf	3,5	;RP0=0, select bank0
  1120  066A  1303               	bcf	3,6	;RP1=0, select bank0
  1121  066B  0093               	movwf	19	;volatile
  1122  066C                     l131:
  1123  066C  0008               	return
  1124  066D                     __end_of_I2C_Master_Write:
  1125                           
  1126                           	psect	text5
  1127  065A                     __ptext5:	
  1128 ;; *************** function _I2C_Master_Stop *****************
  1129 ;; Defined at:
  1130 ;;		line 55 in file "I2C.c"
  1131 ;; Parameters:    Size  Location     Type
  1132 ;;		None
  1133 ;; Auto vars:     Size  Location     Type
  1134 ;;		None
  1135 ;; Return value:  Size  Location     Type
  1136 ;;                  1    wreg      void 
  1137 ;; Registers used:
  1138 ;;		wreg, status,2, status,0, pclath, cstack
  1139 ;; Tracked objects:
  1140 ;;		On entry : 0/0
  1141 ;;		On exit  : 0/0
  1142 ;;		Unchanged: 0/0
  1143 ;; Data sizes:     COMMON   BANK0   BANK1   BANK3   BANK2
  1144 ;;      Params:         0       0       0       0       0
  1145 ;;      Locals:         0       0       0       0       0
  1146 ;;      Temps:          0       0       0       0       0
  1147 ;;      Totals:         0       0       0       0       0
  1148 ;;Total ram usage:        0 bytes
  1149 ;; Hardware stack levels used:    1
  1150 ;; Hardware stack levels required when called:    1
  1151 ;; This function calls:
  1152 ;;		_I2C_Master_Wait
  1153 ;; This function is called by:
  1154 ;;		_main
  1155 ;; This function uses a non-reentrant model
  1156 ;;
  1157                           
  1158                           
  1159                           ;psect for function _I2C_Master_Stop
  1160  065A                     _I2C_Master_Stop:
  1161  065A                     l807:	
  1162                           ;incstack = 0
  1163                           ; Regs used in _I2C_Master_Stop: [wreg+status,2+status,0+pclath+cstack]
  1164                           
  1165                           
  1166                           ;I2C.c: 57:     I2C_Master_Wait();
  1167  065A  120A  118A  266D  120A  118A  	fcall	_I2C_Master_Wait
  1168  065F                     l809:
  1169                           
  1170                           ;I2C.c: 58:     SSPCON2bits.PEN = 1;
  1171  065F  1683               	bsf	3,5	;RP0=1, select bank1
  1172  0660  1303               	bcf	3,6	;RP1=0, select bank1
  1173  0661  1511               	bsf	17,2	;volatile
  1174  0662                     l128:
  1175  0662  0008               	return
  1176  0663                     __end_of_I2C_Master_Stop:
  1177                           
  1178                           	psect	text6
  1179  0651                     __ptext6:	
  1180 ;; *************** function _I2C_Master_Start *****************
  1181 ;; Defined at:
  1182 ;;		line 39 in file "I2C.c"
  1183 ;; Parameters:    Size  Location     Type
  1184 ;;		None
  1185 ;; Auto vars:     Size  Location     Type
  1186 ;;		None
  1187 ;; Return value:  Size  Location     Type
  1188 ;;                  1    wreg      void 
  1189 ;; Registers used:
  1190 ;;		wreg, status,2, status,0, pclath, cstack
  1191 ;; Tracked objects:
  1192 ;;		On entry : 0/0
  1193 ;;		On exit  : 0/0
  1194 ;;		Unchanged: 0/0
  1195 ;; Data sizes:     COMMON   BANK0   BANK1   BANK3   BANK2
  1196 ;;      Params:         0       0       0       0       0
  1197 ;;      Locals:         0       0       0       0       0
  1198 ;;      Temps:          0       0       0       0       0
  1199 ;;      Totals:         0       0       0       0       0
  1200 ;;Total ram usage:        0 bytes
  1201 ;; Hardware stack levels used:    1
  1202 ;; Hardware stack levels required when called:    1
  1203 ;; This function calls:
  1204 ;;		_I2C_Master_Wait
  1205 ;; This function is called by:
  1206 ;;		_main
  1207 ;; This function uses a non-reentrant model
  1208 ;;
  1209                           
  1210                           
  1211                           ;psect for function _I2C_Master_Start
  1212  0651                     _I2C_Master_Start:
  1213  0651                     l783:	
  1214                           ;incstack = 0
  1215                           ; Regs used in _I2C_Master_Start: [wreg+status,2+status,0+pclath+cstack]
  1216                           
  1217                           
  1218                           ;I2C.c: 41:     I2C_Master_Wait();
  1219  0651  120A  118A  266D  120A  118A  	fcall	_I2C_Master_Wait
  1220  0656                     l785:
  1221                           
  1222                           ;I2C.c: 42:     SSPCON2bits.SEN = 1;
  1223  0656  1683               	bsf	3,5	;RP0=1, select bank1
  1224  0657  1303               	bcf	3,6	;RP1=0, select bank1
  1225  0658  1411               	bsf	17,0	;volatile
  1226  0659                     l122:
  1227  0659  0008               	return
  1228  065A                     __end_of_I2C_Master_Start:
  1229                           
  1230                           	psect	text7
  1231  069D                     __ptext7:	
  1232 ;; *************** function _I2C_Master_Read *****************
  1233 ;; Defined at:
  1234 ;;		line 74 in file "I2C.c"
  1235 ;; Parameters:    Size  Location     Type
  1236 ;;  a               2    0[COMMON] unsigned short 
  1237 ;; Auto vars:     Size  Location     Type
  1238 ;;  temp            2    4[COMMON] unsigned short 
  1239 ;; Return value:  Size  Location     Type
  1240 ;;                  2    0[COMMON] unsigned short 
  1241 ;; Registers used:
  1242 ;;		wreg, status,2, status,0, pclath, cstack
  1243 ;; Tracked objects:
  1244 ;;		On entry : 0/0
  1245 ;;		On exit  : 0/0
  1246 ;;		Unchanged: 0/0
  1247 ;; Data sizes:     COMMON   BANK0   BANK1   BANK3   BANK2
  1248 ;;      Params:         2       0       0       0       0
  1249 ;;      Locals:         2       0       0       0       0
  1250 ;;      Temps:          2       0       0       0       0
  1251 ;;      Totals:         6       0       0       0       0
  1252 ;;Total ram usage:        6 bytes
  1253 ;; Hardware stack levels used:    1
  1254 ;; Hardware stack levels required when called:    1
  1255 ;; This function calls:
  1256 ;;		_I2C_Master_Wait
  1257 ;; This function is called by:
  1258 ;;		_main
  1259 ;; This function uses a non-reentrant model
  1260 ;;
  1261                           
  1262                           
  1263                           ;psect for function _I2C_Master_Read
  1264  069D                     _I2C_Master_Read:
  1265  069D                     l969:	
  1266                           ;incstack = 0
  1267                           ; Regs used in _I2C_Master_Read: [wreg+status,2+status,0+pclath+cstack]
  1268                           
  1269                           
  1270                           ;I2C.c: 74: unsigned short I2C_Master_Read(unsigned short a);I2C.c: 75: {;I2C.c: 76:    
      +                           unsigned short temp;;I2C.c: 77:     I2C_Master_Wait();
  1271  069D  120A  118A  266D  120A  118A  	fcall	_I2C_Master_Wait
  1272  06A2                     l971:
  1273                           
  1274                           ;I2C.c: 78:     SSPCON2bits.RCEN = 1;
  1275  06A2  1683               	bsf	3,5	;RP0=1, select bank1
  1276  06A3  1303               	bcf	3,6	;RP1=0, select bank1
  1277  06A4  1591               	bsf	17,3	;volatile
  1278                           
  1279                           ;I2C.c: 79:     I2C_Master_Wait();
  1280  06A5  120A  118A  266D  120A  118A  	fcall	_I2C_Master_Wait
  1281  06AA                     l973:
  1282                           
  1283                           ;I2C.c: 80:     temp = SSPBUF;
  1284  06AA  1283               	bcf	3,5	;RP0=0, select bank0
  1285  06AB  1303               	bcf	3,6	;RP1=0, select bank0
  1286  06AC  0813               	movf	19,w	;volatile
  1287  06AD  00F2               	movwf	??_I2C_Master_Read
  1288  06AE  01F3               	clrf	??_I2C_Master_Read+1
  1289  06AF  0872               	movf	??_I2C_Master_Read,w
  1290  06B0  00F4               	movwf	I2C_Master_Read@temp
  1291  06B1  0873               	movf	??_I2C_Master_Read+1,w
  1292  06B2  00F5               	movwf	I2C_Master_Read@temp+1
  1293  06B3                     l975:
  1294                           
  1295                           ;I2C.c: 81:     I2C_Master_Wait();
  1296  06B3  120A  118A  266D  120A  118A  	fcall	_I2C_Master_Wait
  1297  06B8                     l977:
  1298                           
  1299                           ;I2C.c: 82:     if(a == 1){
  1300  06B8  0370               	decf	I2C_Master_Read@a,w
  1301  06B9  0471               	iorwf	I2C_Master_Read@a+1,w
  1302  06BA  1D03               	btfss	3,2
  1303  06BB  2EBD               	goto	u291
  1304  06BC  2EBE               	goto	u290
  1305  06BD                     u291:
  1306  06BD  2EC2               	goto	l134
  1307  06BE                     u290:
  1308  06BE                     l979:
  1309                           
  1310                           ;I2C.c: 83:         SSPCON2bits.ACKDT = 0;
  1311  06BE  1683               	bsf	3,5	;RP0=1, select bank1
  1312  06BF  1303               	bcf	3,6	;RP1=0, select bank1
  1313  06C0  1291               	bcf	17,5	;volatile
  1314                           
  1315                           ;I2C.c: 84:     }else{
  1316  06C1  2EC5               	goto	l135
  1317  06C2                     l134:
  1318                           
  1319                           ;I2C.c: 85:         SSPCON2bits.ACKDT = 1;
  1320  06C2  1683               	bsf	3,5	;RP0=1, select bank1
  1321  06C3  1303               	bcf	3,6	;RP1=0, select bank1
  1322  06C4  1691               	bsf	17,5	;volatile
  1323  06C5                     l135:	
  1324                           ;I2C.c: 86:     }
  1325                           
  1326                           
  1327                           ;I2C.c: 87:     SSPCON2bits.ACKEN = 1;
  1328  06C5  1611               	bsf	17,4	;volatile
  1329  06C6                     l981:
  1330                           
  1331                           ;I2C.c: 88:     return temp;
  1332  06C6  0875               	movf	I2C_Master_Read@temp+1,w
  1333  06C7  00F1               	movwf	?_I2C_Master_Read+1
  1334  06C8  0874               	movf	I2C_Master_Read@temp,w
  1335  06C9  00F0               	movwf	?_I2C_Master_Read
  1336  06CA                     l136:
  1337  06CA  0008               	return
  1338  06CB                     __end_of_I2C_Master_Read:
  1339                           
  1340                           	psect	text8
  1341  066D                     __ptext8:	
  1342 ;; *************** function _I2C_Master_Wait *****************
  1343 ;; Defined at:
  1344 ;;		line 32 in file "I2C.c"
  1345 ;; Parameters:    Size  Location     Type
  1346 ;;		None
  1347 ;; Auto vars:     Size  Location     Type
  1348 ;;		None
  1349 ;; Return value:  Size  Location     Type
  1350 ;;                  1    wreg      void 
  1351 ;; Registers used:
  1352 ;;		wreg, status,2
  1353 ;; Tracked objects:
  1354 ;;		On entry : 0/0
  1355 ;;		On exit  : 0/0
  1356 ;;		Unchanged: 0/0
  1357 ;; Data sizes:     COMMON   BANK0   BANK1   BANK3   BANK2
  1358 ;;      Params:         0       0       0       0       0
  1359 ;;      Locals:         0       0       0       0       0
  1360 ;;      Temps:          0       0       0       0       0
  1361 ;;      Totals:         0       0       0       0       0
  1362 ;;Total ram usage:        0 bytes
  1363 ;; Hardware stack levels used:    1
  1364 ;; This function calls:
  1365 ;;		Nothing
  1366 ;; This function is called by:
  1367 ;;		_I2C_Master_Start
  1368 ;;		_I2C_Master_Stop
  1369 ;;		_I2C_Master_Write
  1370 ;;		_I2C_Master_Read
  1371 ;;		_I2C_Master_RepeatedStart
  1372 ;; This function uses a non-reentrant model
  1373 ;;
  1374                           
  1375                           
  1376                           ;psect for function _I2C_Master_Wait
  1377  066D                     _I2C_Master_Wait:
  1378  066D                     l767:	
  1379                           ;incstack = 0
  1380                           ; Regs used in _I2C_Master_Wait: [wreg+status,2]
  1381                           
  1382  066D                     l116:	
  1383                           ;I2C.c: 34:     while ((SSPSTAT & 0x04) || (SSPCON2 & 0x1F));
  1384                           
  1385  066D  1683               	bsf	3,5	;RP0=1, select bank1
  1386  066E  1303               	bcf	3,6	;RP1=0, select bank1
  1387  066F  1914               	btfsc	20,2	;volatile
  1388  0670  2E72               	goto	u91
  1389  0671  2E73               	goto	u90
  1390  0672                     u91:
  1391  0672  2E6D               	goto	l116
  1392  0673                     u90:
  1393  0673                     l769:
  1394  0673  0811               	movf	17,w	;volatile
  1395  0674  391F               	andlw	31
  1396  0675  1D03               	btfss	3,2
  1397  0676  2E78               	goto	u101
  1398  0677  2E79               	goto	u100
  1399  0678                     u101:
  1400  0678  2E6D               	goto	l116
  1401  0679                     u100:
  1402  0679                     l119:
  1403  0679  0008               	return
  1404  067A                     __end_of_I2C_Master_Wait:
  1405  007E                     btemp	set	126	;btemp
  1406  007E                     wtemp0	set	126
  1407                           
  1408                           	psect	config
  1409                           
  1410                           ;Config register CONFIG1 @ 0x2007
  1411                           ;	Oscillator Selection bits
  1412                           ;	FOSC = INTRC_NOCLKOUT, INTOSCIO oscillator: I/O function on RA6/OSC2/CLKOUT pin, I/O f
      +                          unction on RA7/OSC1/CLKIN
  1413                           ;	Watchdog Timer Enable bit
  1414                           ;	WDTE = OFF, WDT disabled and can be enabled by SWDTEN bit of the WDTCON register
  1415                           ;	Power-up Timer Enable bit
  1416                           ;	PWRTE = OFF, PWRT disabled
  1417                           ;	RE3/MCLR pin function select bit
  1418                           ;	MCLRE = OFF, RE3/MCLR pin function is digital input, MCLR internally tied to VDD
  1419                           ;	Code Protection bit
  1420                           ;	CP = OFF, Program memory code protection is disabled
  1421                           ;	Data Code Protection bit
  1422                           ;	CPD = OFF, Data memory code protection is disabled
  1423                           ;	Brown Out Reset Selection bits
  1424                           ;	BOREN = OFF, BOR disabled
  1425                           ;	Internal External Switchover bit
  1426                           ;	IESO = OFF, Internal/External Switchover mode is disabled
  1427                           ;	Fail-Safe Clock Monitor Enabled bit
  1428                           ;	FCMEN = OFF, Fail-Safe Clock Monitor is disabled
  1429                           ;	Low Voltage Programming Enable bit
  1430                           ;	LVP = OFF, RB3 pin has digital I/O, HV on MCLR must be used for programming
  1431                           ;	In-Circuit Debugger Mode bit
  1432                           ;	DEBUG = 0x1, unprogrammed default
  1433  2007                     	org	8199
  1434  2007  20D4               	dw	8404
  1435                           
  1436                           ;Config register CONFIG2 @ 0x2008
  1437                           ;	Brown-out Reset Selection bit
  1438                           ;	BOR4V = BOR40V, Brown-out Reset set to 4.0V
  1439                           ;	Flash Program Memory Self Write Enable bits
  1440                           ;	WRT = OFF, Write protection off
  1441  2008                     	org	8200
  1442  2008  3FFF               	dw	16383

Data Sizes:
    Strings     0
    Constant    0
    Data        0
    BSS         1
    Persistent  0
    Stack       0

Auto Spaces:
    Space          Size  Autos    Used
    COMMON           14     14      14
    BANK0            80     11      12
    BANK1            80      0       0
    BANK3            96      0       0
    BANK2            96      0       0

Pointer List with Targets:

    None.

Critical Paths under _main in COMMON

    _I2C_Master_Init->___lldiv

Critical Paths under _main in BANK0

    _setup->_I2C_Master_Init

Critical Paths under _main in BANK1

    None.

Critical Paths under _main in BANK3

    None.

Critical Paths under _main in BANK2

    None.

Call Graph Tables:

 ---------------------------------------------------------------------------------
 (Depth) Function   	        Calls       Base Space   Used Autos Params    Refs
 ---------------------------------------------------------------------------------
 (0) _main                                                 3     3      0     935
                                              8 BANK0      3     3      0
                    _I2C_Master_Read
                   _I2C_Master_Start
                    _I2C_Master_Stop
                   _I2C_Master_Write
                              _setup
 ---------------------------------------------------------------------------------
 (1) _setup                                                0     0      0     412
                    _I2C_Master_Init
 ---------------------------------------------------------------------------------
 (2) _I2C_Master_Init                                      8     4      4     412
                                              0 BANK0      8     4      4
                            ___lldiv
 ---------------------------------------------------------------------------------
 (3) ___lldiv                                             14     6      8     314
                                              0 COMMON    14     6      8
 ---------------------------------------------------------------------------------
 (1) _I2C_Master_Write                                     2     0      2     326
                                              0 COMMON     2     0      2
                    _I2C_Master_Wait
 ---------------------------------------------------------------------------------
 (1) _I2C_Master_Stop                                      0     0      0       0
                    _I2C_Master_Wait
 ---------------------------------------------------------------------------------
 (1) _I2C_Master_Start                                     0     0      0       0
                    _I2C_Master_Wait
 ---------------------------------------------------------------------------------
 (1) _I2C_Master_Read                                      6     4      2     197
                                              0 COMMON     6     4      2
                    _I2C_Master_Wait
 ---------------------------------------------------------------------------------
 (2) _I2C_Master_Wait                                      0     0      0       0
 ---------------------------------------------------------------------------------
 Estimated maximum stack depth 3
 ---------------------------------------------------------------------------------

 Call Graph Graphs:

 _main (ROOT)
   _I2C_Master_Read
     _I2C_Master_Wait
   _I2C_Master_Start
     _I2C_Master_Wait
   _I2C_Master_Stop
     _I2C_Master_Wait
   _I2C_Master_Write
     _I2C_Master_Wait
   _setup
     _I2C_Master_Init
       ___lldiv

 Address spaces:
Name               Size   Autos  Total    Cost      Usage
BITCOMMON            E      0       0       0        0.0%
EEDATA             100      0       0       0        0.0%
NULL                 0      0       0       0        0.0%
CODE                 0      0       0       0        0.0%
COMMON               E      E       E       1      100.0%
BITSFR0              0      0       0       1        0.0%
SFR0                 0      0       0       1        0.0%
BITSFR1              0      0       0       2        0.0%
SFR1                 0      0       0       2        0.0%
STACK                0      0       0       2        0.0%
ABS                  0      0      1A       3        0.0%
BITBANK0            50      0       0       4        0.0%
BITSFR3              0      0       0       4        0.0%
SFR3                 0      0       0       4        0.0%
BANK0               50      B       C       5       15.0%
BITSFR2              0      0       0       5        0.0%
SFR2                 0      0       0       5        0.0%
BITBANK1            50      0       0       6        0.0%
BANK1               50      0       0       7        0.0%
BITBANK3            60      0       0       8        0.0%
BANK3               60      0       0       9        0.0%
BITBANK2            60      0       0      10        0.0%
BANK2               60      0       0      11        0.0%
DATA                 0      0      1A      12        0.0%


Microchip Technology PIC Macro Assembler V2.31 build 20201012212115 
Symbol Table                                                                                   Tue Aug 10 10:50:43 2021

                       l33 069C                         l38 076E                         u90 0673  
                       u91 0672                        l113 0702                        l122 0659  
                      l131 066C                        l116 066D                        l134 06C2  
                      l119 0679                        l135 06C5                        l136 06CA  
                      l128 0662                        l261 0768                        l807 065A  
                      l809 065F                        l921 0716                        l931 0750  
                      l923 0723                        l933 0751                        l925 0727  
                      l917 0703                        l941 06CB                        l767 066D  
                      l783 0651                        l935 075A                        l927 0730  
                      l919 0713                        l951 0701                        l943 06CF  
                      l769 0673                        l785 0656                        l929 0742  
                      l937 0760                        l945 06D2                        l961 068C  
                      l953 067A                        l971 06A2                        l947 06FF  
                      l963 068D                        l955 0687                        l981 06C6  
                      l973 06AA                        l965 0663                        l949 0700  
                      l957 068A                        l975 06B3                        l967 0668  
                      l959 068B                        l991 07A1                        l977 06B8  
                      l969 069D                        l993 07AA                        l985 0769  
                      l979 06BE                        l995 07B3                        l987 078D  
                      _GIE 005F                        l997 07B8                        l989 079C  
                      l999 07E6                        _RD3 0043                        u100 0679  
                      _RD4 0044                        u101 0678                        _RD5 0045  
                      _RD6 0046                        _RD7 0047                        u210 0713  
                      u211 0712                        u230 0727                        u231 0726  
                      u225 0718                        u250 0742                        u251 0741  
                      u307 0795                        u245 0729                        u317 07C0  
                      u270 0760                        u271 075F                        u255 073E  
                      u327 07EE                        u280 06E2                        u265 0752  
                      u290 06BE                        u291 06BD                        u285 06DD  
                      _VOL 002B                       _PEIE 005E                       _main 0769  
                     btemp 007E                       start 0000           ?_I2C_Master_Init 0020  
         ?_I2C_Master_Read 0070           ?_I2C_Master_Wait 0070           ?_I2C_Master_Stop 0070  
                    ?_main 0070            __end_of___lldiv 0769                      _PORTA 0005  
                    _PORTB 0006                      _PORTC 0007                      _PORTD 0008  
                    _TRISA 0085                      _TRISB 0086                      _SSPIE 0463  
                    _SSPIF 0063                      _setup 067A                      status 0003  
                    wtemp0 007E            __initialization 07F9               __end_of_main 07F9  
                   ??_main 0028          ?_I2C_Master_Start 0070          ?_I2C_Master_Write 0070  
       ??_I2C_Master_Start 0070         ??_I2C_Master_Write 0072                     ?_setup 0070  
                   _ANSELH 0189                     _SSPADD 0093                     _TRISC3 043B  
                   _TRISC4 043C                     _SSPCON 0014                     _SSPBUF 0013  
                ??___lldiv 0078    __end_of__initialization 07FC             __pcstackCOMMON 0070  
            __end_of_setup 069D                    ??_setup 007E                 __pbssBANK0 002B  
               __pmaintext 0769                    _SSPCON2 0091                    _SSPSTAT 0094  
                  ___lldiv 0703                    __ptext1 067A                    __ptext2 06CB  
                  __ptext3 0703                    __ptext4 0663                    __ptext5 065A  
                  __ptext6 0651                    __ptext7 069D                    __ptext8 066D  
 __size_of_I2C_Master_Init 0038   __size_of_I2C_Master_Read 002E   __size_of_I2C_Master_Wait 000D  
 __size_of_I2C_Master_Stop 0009       end_of_initialization 07FC  __size_of_I2C_Master_Start 0009  
__size_of_I2C_Master_Write 000A            ___lldiv@divisor 0070            ___lldiv@counter 007D  
         I2C_Master_Init@c 0020           I2C_Master_Read@a 0070                  _PORTDbits 0008  
                _TRISCbits 0087        start_initialization 07F9          ??_I2C_Master_Init 0024  
        ??_I2C_Master_Read 0072          ??_I2C_Master_Wait 0070          ??_I2C_Master_Stop 0070  
                ___latbits 0002              __pcstackBANK0 0020           _I2C_Master_Start 0651  
         _I2C_Master_Write 0663                   ?___lldiv 0070             __size_of_setup 0023  
      I2C_Master_Read@temp 0074           __size_of___lldiv 0066            _I2C_Master_Init 06CB  
          _I2C_Master_Read 069D            _I2C_Master_Wait 066D            _I2C_Master_Stop 065A  
            __size_of_main 0090   __end_of_I2C_Master_Start 065A   __end_of_I2C_Master_Write 066D  
         ___lldiv@dividend 0074                 _OSCCONbits 008F    __end_of_I2C_Master_Init 0703  
  __end_of_I2C_Master_Read 06CB    __end_of_I2C_Master_Wait 067A    __end_of_I2C_Master_Stop 0663  
         ___lldiv@quotient 0079          I2C_Master_Write@d 0070                _SSPCON2bits 0091  
