

Microchip MPLAB XC8 Assembler V2.31 build 20201012212115 
                                                                                               Wed Aug 18 22:59:15 2021

Microchip MPLAB XC8 C Compiler v2.31 (Free license) build 20201012212115 Og1 
     1                           	processor	16F887
     2                           	pagewidth 120
     3                           	opt	flic
     4                           	psect	nvBANK0,global,class=BANK0,space=1,delta=1,noexec
     5                           	psect	cinit,global,class=CODE,merge=1,delta=2
     6                           	psect	bssCOMMON,global,class=COMMON,space=1,delta=1,noexec
     7                           	psect	bssBANK0,global,class=BANK0,space=1,delta=1,noexec
     8                           	psect	cstackCOMMON,global,class=COMMON,space=1,delta=1,noexec
     9                           	psect	cstackBANK0,global,class=BANK0,space=1,delta=1,noexec
    10                           	psect	maintext,global,class=CODE,split=1,delta=2
    11                           	psect	text1,local,class=CODE,merge=1,delta=2
    12                           	psect	text2,local,class=CODE,merge=1,delta=2
    13                           	psect	text3,local,class=CODE,merge=1,delta=2,group=1
    14                           	psect	text4,local,class=CODE,merge=1,delta=2,group=1
    15                           	psect	text5,local,class=CODE,merge=1,delta=2
    16                           	psect	intentry,global,class=CODE,delta=2
    17                           	psect	text6,local,class=CODE,merge=1,delta=2
    18                           	psect	config,global,abs,ovrld,class=CONFIG,space=4,delta=2,noexec
    19                           	dabs	1,0x7E,2
    20  0000                     
    21                           ; Version 2.20
    22                           ; Generated 12/02/2020 GMT
    23                           ; 
    24                           ; Copyright © 2020, Microchip Technology Inc. and its subsidiaries ("Microchip")
    25                           ; All rights reserved.
    26                           ; 
    27                           ; This software is developed by Microchip Technology Inc. and its subsidiaries ("Microch
      +                          ip").
    28                           ; 
    29                           ; Redistribution and use in source and binary forms, with or without modification, are
    30                           ; permitted provided that the following conditions are met:
    31                           ; 
    32                           ;     1. Redistributions of source code must retain the above copyright notice, this lis
      +                          t of
    33                           ;        conditions and the following disclaimer.
    34                           ; 
    35                           ;     2. Redistributions in binary form must reproduce the above copyright notice, this 
      +                          list
    36                           ;        of conditions and the following disclaimer in the documentation and/or other
    37                           ;        materials provided with the distribution.
    38                           ; 
    39                           ;     3. Microchip's name may not be used to endorse or promote products derived from th
      +                          is
    40                           ;        software without specific prior written permission.
    41                           ; 
    42                           ; THIS SOFTWARE IS PROVIDED BY MICROCHIP "AS IS" AND ANY EXPRESS OR IMPLIED WARRANTIES,
    43                           ; INCLUDING, BUT NOT LIMITED TO, THE IMPLIED WARRANTIES OF MERCHANTABILITY AND FITNESS F
      +                          OR
    44                           ; PURPOSE ARE DISCLAIMED.  IN NO EVENT SHALL MICROCHIP BE LIABLE FOR ANY DIRECT, INDIREC
      +                          T,
    45                           ; INCIDENTAL, SPECIAL, EXEMPLARY, OR CONSEQUENTIAL DAMAGES (INCLUDING BUT NOT LIMITED TO
    46                           ; PROCUREMENT OF SUBSTITUTE GOODS OR SERVICES; LOSS OF USE, DATA OR PROFITS; OR BUSINESS
    47                           ; INTERRUPTION) HOWSOEVER CAUSED AND ON ANY THEORY OF LIABILITY, WHETHER IN CONTRACT, ST
      +                          RICT
    48                           ; LIABILITY, OR TORT (INCLUDING NEGLIGENCE OR OTHERWISE) ARISING IN ANY WAY OUT OF THE U
      +                          SE OF
    49                           ; THIS SOFTWARE, EVEN IF ADVISED OF THE POSSIBILITY OF SUCH DAMAGE.
    50                           ; 
    51                           ; 
    52                           ; Code-generator required, PIC16F887 Definitions
    53                           ; 
    54                           ; SFR Addresses
    55  0000                     	;# 
    56  0001                     	;# 
    57  0002                     	;# 
    58  0003                     	;# 
    59  0004                     	;# 
    60  0005                     	;# 
    61  0006                     	;# 
    62  0007                     	;# 
    63  0008                     	;# 
    64  0009                     	;# 
    65  000A                     	;# 
    66  000B                     	;# 
    67  000C                     	;# 
    68  000D                     	;# 
    69  000E                     	;# 
    70  000E                     	;# 
    71  000F                     	;# 
    72  0010                     	;# 
    73  0011                     	;# 
    74  0012                     	;# 
    75  0013                     	;# 
    76  0014                     	;# 
    77  0015                     	;# 
    78  0015                     	;# 
    79  0016                     	;# 
    80  0017                     	;# 
    81  0018                     	;# 
    82  0019                     	;# 
    83  001A                     	;# 
    84  001B                     	;# 
    85  001B                     	;# 
    86  001C                     	;# 
    87  001D                     	;# 
    88  001E                     	;# 
    89  001F                     	;# 
    90  0081                     	;# 
    91  0085                     	;# 
    92  0086                     	;# 
    93  0087                     	;# 
    94  0088                     	;# 
    95  0089                     	;# 
    96  008C                     	;# 
    97  008D                     	;# 
    98  008E                     	;# 
    99  008F                     	;# 
   100  0090                     	;# 
   101  0091                     	;# 
   102  0092                     	;# 
   103  0093                     	;# 
   104  0093                     	;# 
   105  0093                     	;# 
   106  0094                     	;# 
   107  0095                     	;# 
   108  0096                     	;# 
   109  0097                     	;# 
   110  0098                     	;# 
   111  0099                     	;# 
   112  009A                     	;# 
   113  009B                     	;# 
   114  009C                     	;# 
   115  009D                     	;# 
   116  009E                     	;# 
   117  009F                     	;# 
   118  0105                     	;# 
   119  0107                     	;# 
   120  0108                     	;# 
   121  0109                     	;# 
   122  010C                     	;# 
   123  010C                     	;# 
   124  010D                     	;# 
   125  010E                     	;# 
   126  010F                     	;# 
   127  0185                     	;# 
   128  0187                     	;# 
   129  0188                     	;# 
   130  0189                     	;# 
   131  018C                     	;# 
   132  018D                     	;# 
   133  0000                     	;# 
   134  0001                     	;# 
   135  0002                     	;# 
   136  0003                     	;# 
   137  0004                     	;# 
   138  0005                     	;# 
   139  0006                     	;# 
   140  0007                     	;# 
   141  0008                     	;# 
   142  0009                     	;# 
   143  000A                     	;# 
   144  000B                     	;# 
   145  000C                     	;# 
   146  000D                     	;# 
   147  000E                     	;# 
   148  000E                     	;# 
   149  000F                     	;# 
   150  0010                     	;# 
   151  0011                     	;# 
   152  0012                     	;# 
   153  0013                     	;# 
   154  0014                     	;# 
   155  0015                     	;# 
   156  0015                     	;# 
   157  0016                     	;# 
   158  0017                     	;# 
   159  0018                     	;# 
   160  0019                     	;# 
   161  001A                     	;# 
   162  001B                     	;# 
   163  001B                     	;# 
   164  001C                     	;# 
   165  001D                     	;# 
   166  001E                     	;# 
   167  001F                     	;# 
   168  0081                     	;# 
   169  0085                     	;# 
   170  0086                     	;# 
   171  0087                     	;# 
   172  0088                     	;# 
   173  0089                     	;# 
   174  008C                     	;# 
   175  008D                     	;# 
   176  008E                     	;# 
   177  008F                     	;# 
   178  0090                     	;# 
   179  0091                     	;# 
   180  0092                     	;# 
   181  0093                     	;# 
   182  0093                     	;# 
   183  0093                     	;# 
   184  0094                     	;# 
   185  0095                     	;# 
   186  0096                     	;# 
   187  0097                     	;# 
   188  0098                     	;# 
   189  0099                     	;# 
   190  009A                     	;# 
   191  009B                     	;# 
   192  009C                     	;# 
   193  009D                     	;# 
   194  009E                     	;# 
   195  009F                     	;# 
   196  0105                     	;# 
   197  0107                     	;# 
   198  0108                     	;# 
   199  0109                     	;# 
   200  010C                     	;# 
   201  010C                     	;# 
   202  010D                     	;# 
   203  010E                     	;# 
   204  010F                     	;# 
   205  0185                     	;# 
   206  0187                     	;# 
   207  0188                     	;# 
   208  0189                     	;# 
   209  018C                     	;# 
   210  018D                     	;# 
   211                           
   212                           	psect	nvBANK0
   213  003A                     __pnvBANK0:
   214  003A                     _cen:
   215  003A                     	ds	1
   216  003B                     _dec:
   217  003B                     	ds	1
   218  003C                     _un:
   219  003C                     	ds	1
   220  0018                     _RCSTAbits	set	24
   221  0009                     _PORTE	set	9
   222  0007                     _PORTC	set	7
   223  0006                     _PORTB	set	6
   224  0005                     _PORTA	set	5
   225  0008                     _PORTD	set	8
   226  0019                     _TXREG	set	25
   227  001A                     _RCREG	set	26
   228  000C                     _PIR1bits	set	12
   229  0006                     _PORTBbits	set	6
   230  000B                     _INTCONbits	set	11
   231  0064                     _TXIF	set	100
   232  009A                     _SPBRGH	set	154
   233  0099                     _SPBRG	set	153
   234  0098                     _TXSTAbits	set	152
   235  008C                     _PIE1bits	set	140
   236  0081                     _OPTION_REGbits	set	129
   237  0095                     _WPUB	set	149
   238  0096                     _IOCB	set	150
   239  008F                     _OSCCONbits	set	143
   240  0089                     _TRISE	set	137
   241  0088                     _TRISD	set	136
   242  0086                     _TRISB	set	134
   243  0085                     _TRISA	set	133
   244  0187                     _BAUDCTLbits	set	391
   245  0189                     _ANSELH	set	393
   246  0188                     _ANSEL	set	392
   247                           
   248                           	psect	cinit
   249  000F                     start_initialization:	
   250                           ; #config settings
   251                           
   252  000F                     __initialization:
   253                           
   254                           ; Clear objects allocated to COMMON
   255  000F  01F9               	clrf	__pbssCOMMON& (0+127)
   256  0010  01FA               	clrf	(__pbssCOMMON+1)& (0+127)
   257  0011  01FB               	clrf	(__pbssCOMMON+2)& (0+127)
   258  0012  01FC               	clrf	(__pbssCOMMON+3)& (0+127)
   259  0013  01FD               	clrf	(__pbssCOMMON+4)& (0+127)
   260                           
   261                           ; Clear objects allocated to BANK0
   262  0014  1283               	bcf	3,5	;RP0=0, select bank0
   263  0015  1303               	bcf	3,6	;RP1=0, select bank0
   264  0016  01B1               	clrf	__pbssBANK0& (0+127)
   265  0017  01B2               	clrf	(__pbssBANK0+1)& (0+127)
   266  0018  01B3               	clrf	(__pbssBANK0+2)& (0+127)
   267  0019  01B4               	clrf	(__pbssBANK0+3)& (0+127)
   268  001A  01B5               	clrf	(__pbssBANK0+4)& (0+127)
   269  001B  01B6               	clrf	(__pbssBANK0+5)& (0+127)
   270  001C  01B7               	clrf	(__pbssBANK0+6)& (0+127)
   271  001D  01B8               	clrf	(__pbssBANK0+7)& (0+127)
   272  001E  01B9               	clrf	(__pbssBANK0+8)& (0+127)
   273  001F                     end_of_initialization:	
   274                           ;End of C runtime variable initialization code
   275                           
   276  001F                     __end_of__initialization:
   277  001F  0183               	clrf	3
   278  0020  120A  118A  29E4   	ljmp	_main	;jump to C main() function
   279                           
   280                           	psect	bssCOMMON
   281  0079                     __pbssCOMMON:
   282  0079                     _centena:
   283  0079                     	ds	1
   284  007A                     _decena:
   285  007A                     	ds	1
   286  007B                     _unidad:
   287  007B                     	ds	1
   288  007C                     _tempRX:
   289  007C                     	ds	1
   290  007D                     _FLAG:
   291  007D                     	ds	1
   292                           
   293                           	psect	bssBANK0
   294  0031                     __pbssBANK0:
   295  0031                     _full:
   296  0031                     	ds	2
   297  0033                     _select:
   298  0033                     	ds	2
   299  0035                     _con:
   300  0035                     	ds	1
   301  0036                     _var:
   302  0036                     	ds	1
   303  0037                     _contint:
   304  0037                     	ds	1
   305  0038                     _CONT:
   306  0038                     	ds	1
   307  0039                     _FLAG1:
   308  0039                     	ds	1
   309                           
   310                           	psect	cstackCOMMON
   311  0070                     __pcstackCOMMON:
   312  0070                     ?_decimal:
   313  0070                     ?_isr:	
   314                           ; 1 bytes @ 0x0
   315                           
   316  0070                     ?_setup:	
   317                           ; 1 bytes @ 0x0
   318                           
   319  0070                     ?_main:	
   320                           ; 1 bytes @ 0x0
   321                           
   322  0070                     ?i1___bmul:	
   323                           ; 1 bytes @ 0x0
   324                           
   325  0070                     i1___bmul@multiplicand:	
   326                           ; 1 bytes @ 0x0
   327                           
   328                           
   329                           ; 1 bytes @ 0x0
   330  0070                     	ds	1
   331  0071                     ??i1___bmul:
   332                           
   333                           ; 1 bytes @ 0x1
   334  0071                     	ds	1
   335  0072                     i1___bmul@product:
   336                           
   337                           ; 1 bytes @ 0x2
   338  0072                     	ds	1
   339  0073                     i1___bmul@multiplier:
   340                           
   341                           ; 1 bytes @ 0x3
   342  0073                     	ds	1
   343  0074                     ??_isr:
   344                           
   345                           ; 1 bytes @ 0x4
   346  0074                     	ds	5
   347                           
   348                           	psect	cstackBANK0
   349  0020                     __pcstackBANK0:
   350  0020                     ??_setup:
   351  0020                     ?___bmul:	
   352                           ; 1 bytes @ 0x0
   353                           
   354  0020                     ?___awdiv:	
   355                           ; 1 bytes @ 0x0
   356                           
   357  0020                     ___bmul@multiplicand:	
   358                           ; 2 bytes @ 0x0
   359                           
   360  0020                     ___awdiv@divisor:	
   361                           ; 1 bytes @ 0x0
   362                           
   363                           
   364                           ; 2 bytes @ 0x0
   365  0020                     	ds	1
   366  0021                     ??___bmul:
   367                           
   368                           ; 1 bytes @ 0x1
   369  0021                     	ds	1
   370  0022                     ___bmul@product:
   371  0022                     ___awdiv@dividend:	
   372                           ; 1 bytes @ 0x2
   373                           
   374                           
   375                           ; 2 bytes @ 0x2
   376  0022                     	ds	1
   377  0023                     ___bmul@multiplier:
   378                           
   379                           ; 1 bytes @ 0x3
   380  0023                     	ds	1
   381  0024                     ??___awdiv:
   382                           
   383                           ; 1 bytes @ 0x4
   384  0024                     	ds	1
   385  0025                     ___awdiv@counter:
   386                           
   387                           ; 1 bytes @ 0x5
   388  0025                     	ds	1
   389  0026                     ___awdiv@sign:
   390                           
   391                           ; 1 bytes @ 0x6
   392  0026                     	ds	1
   393  0027                     ___awdiv@quotient:
   394                           
   395                           ; 2 bytes @ 0x7
   396  0027                     	ds	2
   397  0029                     ??_decimal:
   398                           
   399                           ; 1 bytes @ 0x9
   400  0029                     	ds	3
   401  002C                     decimal@var:
   402                           
   403                           ; 1 bytes @ 0xC
   404  002C                     	ds	1
   405  002D                     decimal@VAL:
   406                           
   407                           ; 1 bytes @ 0xD
   408  002D                     	ds	1
   409  002E                     ??_main:
   410                           
   411                           ; 1 bytes @ 0xE
   412  002E                     	ds	3
   413                           
   414                           	psect	maintext
   415  01E4                     __pmaintext:	
   416 ;;
   417 ;;Main: autosize = 0, tempsize = 3, incstack = 0, save=0
   418 ;;
   419 ;; *************** function _main *****************
   420 ;; Defined at:
   421 ;;		line 205 in file "Lab05.c"
   422 ;; Parameters:    Size  Location     Type
   423 ;;		None
   424 ;; Auto vars:     Size  Location     Type
   425 ;;		None
   426 ;; Return value:  Size  Location     Type
   427 ;;                  1    wreg      void 
   428 ;; Registers used:
   429 ;;		wreg, status,2, status,0, pclath, cstack
   430 ;; Tracked objects:
   431 ;;		On entry : B00/0
   432 ;;		On exit  : 0/0
   433 ;;		Unchanged: 0/0
   434 ;; Data sizes:     COMMON   BANK0   BANK1   BANK3   BANK2
   435 ;;      Params:         0       0       0       0       0
   436 ;;      Locals:         0       0       0       0       0
   437 ;;      Temps:          0       3       0       0       0
   438 ;;      Totals:         0       3       0       0       0
   439 ;;Total ram usage:        3 bytes
   440 ;; Hardware stack levels required when called:    4
   441 ;; This function calls:
   442 ;;		_decimal
   443 ;;		_setup
   444 ;; This function is called by:
   445 ;;		Startup code after reset
   446 ;; This function uses a non-reentrant model
   447 ;;
   448                           
   449                           
   450                           ;psect for function _main
   451  01E4                     _main:
   452  01E4                     l1171:	
   453                           ;incstack = 0
   454                           ; Regs used in _main: [wreg+status,2+status,0+pclath+cstack]
   455                           
   456  01E4  120A  118A  21A8  120A  118A  	fcall	_setup
   457  01E9                     l123:
   458  01E9  1283               	bcf	3,5	;RP0=0, select bank0
   459  01EA  1303               	bcf	3,6	;RP1=0, select bank0
   460  01EB  0837               	movf	_contint,w
   461  01EC  120A  118A  2141  120A  118A  	fcall	_decimal
   462  01F1                     l1173:
   463  01F1  3002               	movlw	2
   464  01F2  1283               	bcf	3,5	;RP0=0, select bank0
   465  01F3  1303               	bcf	3,6	;RP1=0, select bank0
   466  01F4  00B0               	movwf	??_main+2
   467  01F5  3004               	movlw	4
   468  01F6  00AF               	movwf	??_main+1
   469  01F7  30B9               	movlw	185
   470  01F8  00AE               	movwf	??_main
   471  01F9                     u587:
   472  01F9  0BAE               	decfsz	??_main,f
   473  01FA  29F9               	goto	u587
   474  01FB  0BAF               	decfsz	??_main+1,f
   475  01FC  29F9               	goto	u587
   476  01FD  0BB0               	decfsz	??_main+2,f
   477  01FE  29F9               	goto	u587
   478  01FF  2A00               	nop2
   479  0200  29E9               	goto	l123
   480  0201  120A  118A  280C   	ljmp	start
   481  0204                     __end_of_main:
   482                           
   483                           	psect	text1
   484  01A8                     __ptext1:	
   485 ;; *************** function _setup *****************
   486 ;; Defined at:
   487 ;;		line 147 in file "Lab05.c"
   488 ;; Parameters:    Size  Location     Type
   489 ;;		None
   490 ;; Auto vars:     Size  Location     Type
   491 ;;		None
   492 ;; Return value:  Size  Location     Type
   493 ;;                  1    wreg      void 
   494 ;; Registers used:
   495 ;;		wreg, status,2
   496 ;; Tracked objects:
   497 ;;		On entry : 0/0
   498 ;;		On exit  : 0/0
   499 ;;		Unchanged: 0/0
   500 ;; Data sizes:     COMMON   BANK0   BANK1   BANK3   BANK2
   501 ;;      Params:         0       0       0       0       0
   502 ;;      Locals:         0       0       0       0       0
   503 ;;      Temps:          0       0       0       0       0
   504 ;;      Totals:         0       0       0       0       0
   505 ;;Total ram usage:        0 bytes
   506 ;; Hardware stack levels used:    1
   507 ;; Hardware stack levels required when called:    2
   508 ;; This function calls:
   509 ;;		Nothing
   510 ;; This function is called by:
   511 ;;		_main
   512 ;; This function uses a non-reentrant model
   513 ;;
   514                           
   515                           
   516                           ;psect for function _setup
   517  01A8                     _setup:
   518  01A8                     l1011:	
   519                           ;incstack = 0
   520                           ; Regs used in _setup: [wreg+status,2]
   521                           
   522                           
   523                           ;Lab05.c: 149:     RCSTAbits.CREN = 1;
   524  01A8  1683               	bsf	3,5	;RP0=1, select bank3
   525  01A9  1703               	bsf	3,6	;RP1=1, select bank3
   526  01AA  0188               	clrf	8	;volatile
   527                           
   528                           ;Lab05.c: 150:     RCSTAbits.SPEN = 1;
   529  01AB  0189               	clrf	9	;volatile
   530                           
   531                           ;Lab05.c: 152: 
   532  01AC  1683               	bsf	3,5	;RP0=1, select bank1
   533  01AD  1303               	bcf	3,6	;RP1=0, select bank1
   534  01AE  0185               	clrf	5	;volatile
   535  01AF                     l1013:
   536                           
   537                           ;Lab05.c: 153: 
   538  01AF  3003               	movlw	3
   539  01B0  0086               	movwf	6	;volatile
   540  01B1                     l1015:
   541                           
   542                           ;Lab05.c: 154:     BAUDCTLbits.BRG16 = 0;
   543  01B1  0188               	clrf	8	;volatile
   544  01B2                     l1017:
   545                           
   546                           ;Lab05.c: 155:     SPBRG = 25;
   547  01B2  0189               	clrf	9	;volatile
   548  01B3                     l1019:
   549                           
   550                           ;Lab05.c: 157: 
   551  01B3  1283               	bcf	3,5	;RP0=0, select bank0
   552  01B4  1303               	bcf	3,6	;RP1=0, select bank0
   553  01B5  0185               	clrf	5	;volatile
   554  01B6                     l1021:
   555                           
   556                           ;Lab05.c: 158:     }
   557  01B6  0186               	clrf	6	;volatile
   558  01B7                     l1023:
   559                           
   560                           ;Lab05.c: 159: 
   561  01B7  0187               	clrf	7	;volatile
   562  01B8                     l1025:
   563                           
   564                           ;Lab05.c: 160: 
   565  01B8  0188               	clrf	8	;volatile
   566  01B9                     l1027:
   567                           
   568                           ;Lab05.c: 161: 
   569  01B9  0189               	clrf	9	;volatile
   570  01BA                     l1029:
   571                           
   572                           ;Lab05.c: 164:     setup();
   573  01BA  1683               	bsf	3,5	;RP0=1, select bank1
   574  01BB  1303               	bcf	3,6	;RP1=0, select bank1
   575  01BC  140F               	bsf	15,0	;volatile
   576  01BD                     l1031:
   577                           
   578                           ;Lab05.c: 165:     while (1){
   579  01BD  170F               	bsf	15,6	;volatile
   580  01BE                     l1033:
   581                           
   582                           ;Lab05.c: 166:         decimal(contint);
   583  01BE  168F               	bsf	15,5	;volatile
   584  01BF                     l1035:
   585                           
   586                           ;Lab05.c: 167:         _delay((unsigned long)((200)*(4000000/4000.0)));
   587  01BF  120F               	bcf	15,4	;volatile
   588                           
   589                           ;Lab05.c: 170: 
   590  01C0  3003               	movlw	3
   591  01C1  0096               	movwf	22	;volatile
   592                           
   593                           ;Lab05.c: 171: 
   594  01C2  3003               	movlw	3
   595  01C3  0095               	movwf	21	;volatile
   596  01C4                     l1037:
   597                           
   598                           ;Lab05.c: 174:     while (TXIF == 0);
   599  01C4  1381               	bcf	1,7	;volatile
   600  01C5                     l1039:
   601                           
   602                           ;Lab05.c: 175:     TXREG = info;
   603  01C5  178B               	bsf	11,7	;volatile
   604  01C6                     l1041:
   605                           
   606                           ;Lab05.c: 176: 
   607  01C6  170B               	bsf	11,6	;volatile
   608  01C7                     l1043:
   609                           
   610                           ;Lab05.c: 177: }
   611  01C7  158B               	bsf	11,3	;volatile
   612  01C8                     l1045:
   613                           
   614                           ;Lab05.c: 178: 
   615  01C8  100B               	bcf	11,0	;volatile
   616  01C9                     l1047:
   617                           
   618                           ;Lab05.c: 182:     cen = (VAL/100) ;
   619  01C9  1283               	bcf	3,5	;RP0=0, select bank0
   620  01CA  1303               	bcf	3,6	;RP1=0, select bank0
   621  01CB  128C               	bcf	12,5	;volatile
   622  01CC                     l1049:
   623                           
   624                           ;Lab05.c: 183:     VAL = (VAL - (cen*100));
   625  01CC  120C               	bcf	12,4	;volatile
   626  01CD                     l1051:
   627                           
   628                           ;Lab05.c: 184:     dec = (VAL/10);
   629  01CD  1683               	bsf	3,5	;RP0=1, select bank1
   630  01CE  1303               	bcf	3,6	;RP1=0, select bank1
   631  01CF  168C               	bsf	12,5	;volatile
   632  01D0                     l1053:
   633                           
   634                           ;Lab05.c: 185:     VAL = (VAL - (dec*10));
   635  01D0  120C               	bcf	12,4	;volatile
   636  01D1                     l1055:
   637                           
   638                           ;Lab05.c: 186:     un = (VAL);
   639  01D1  1318               	bcf	24,6	;volatile
   640  01D2                     l1057:
   641                           
   642                           ;Lab05.c: 187: 
   643  01D2  1698               	bsf	24,5	;volatile
   644  01D3                     l1059:
   645                           
   646                           ;Lab05.c: 188:     cen = cen + 48;
   647  01D3  1218               	bcf	24,4	;volatile
   648  01D4                     l1061:
   649                           
   650                           ;Lab05.c: 189:     dec = dec + 48;
   651  01D4  1518               	bsf	24,2	;volatile
   652  01D5                     l1063:
   653                           
   654                           ;Lab05.c: 190:     un = un + 48;
   655  01D5  1283               	bcf	3,5	;RP0=0, select bank0
   656  01D6  1303               	bcf	3,6	;RP1=0, select bank0
   657  01D7  1318               	bcf	24,6	;volatile
   658  01D8                     l1065:
   659                           
   660                           ;Lab05.c: 191: }
   661  01D8  1618               	bsf	24,4	;volatile
   662  01D9                     l1067:
   663  01D9  1798               	bsf	24,7	;volatile
   664  01DA                     l1069:
   665  01DA  1683               	bsf	3,5	;RP0=1, select bank3
   666  01DB  1703               	bsf	3,6	;RP1=1, select bank3
   667  01DC  1187               	bcf	7,3	;volatile
   668  01DD  3019               	movlw	25
   669  01DE  1683               	bsf	3,5	;RP0=1, select bank1
   670  01DF  1303               	bcf	3,6	;RP1=0, select bank1
   671  01E0  0099               	movwf	25	;volatile
   672  01E1  3001               	movlw	1
   673  01E2  009A               	movwf	26	;volatile
   674  01E3                     l118:
   675  01E3  0008               	return
   676  01E4                     __end_of_setup:
   677                           
   678                           	psect	text2
   679  0141                     __ptext2:	
   680 ;; *************** function _decimal *****************
   681 ;; Defined at:
   682 ;;		line 221 in file "Lab05.c"
   683 ;; Parameters:    Size  Location     Type
   684 ;;  var             1    wreg     unsigned char 
   685 ;; Auto vars:     Size  Location     Type
   686 ;;  var             1   12[BANK0 ] unsigned char 
   687 ;;  VAL             1   13[BANK0 ] unsigned char 
   688 ;; Return value:  Size  Location     Type
   689 ;;                  1    wreg      void 
   690 ;; Registers used:
   691 ;;		wreg, status,2, status,0, pclath, cstack
   692 ;; Tracked objects:
   693 ;;		On entry : 0/0
   694 ;;		On exit  : 0/0
   695 ;;		Unchanged: 0/0
   696 ;; Data sizes:     COMMON   BANK0   BANK1   BANK3   BANK2
   697 ;;      Params:         0       0       0       0       0
   698 ;;      Locals:         0       2       0       0       0
   699 ;;      Temps:          0       3       0       0       0
   700 ;;      Totals:         0       5       0       0       0
   701 ;;Total ram usage:        5 bytes
   702 ;; Hardware stack levels used:    1
   703 ;; Hardware stack levels required when called:    3
   704 ;; This function calls:
   705 ;;		___awdiv
   706 ;;		___bmul
   707 ;; This function is called by:
   708 ;;		_main
   709 ;; This function uses a non-reentrant model
   710 ;;
   711                           
   712                           
   713                           ;psect for function _decimal
   714  0141                     _decimal:
   715                           
   716                           ;incstack = 0
   717                           ; Regs used in _decimal: [wreg+status,2+status,0+pclath+cstack]
   718                           ;decimal@var stored from wreg
   719  0141  1283               	bcf	3,5	;RP0=0, select bank0
   720  0142  1303               	bcf	3,6	;RP1=0, select bank0
   721  0143  00AC               	movwf	decimal@var
   722  0144                     l1071:
   723  0144  082C               	movf	decimal@var,w
   724  0145  00A9               	movwf	??_decimal
   725  0146  0829               	movf	??_decimal,w
   726  0147  00AD               	movwf	decimal@VAL
   727  0148                     l1073:
   728  0148  3064               	movlw	100
   729  0149  00A0               	movwf	___awdiv@divisor
   730  014A  3000               	movlw	0
   731  014B  00A1               	movwf	___awdiv@divisor+1
   732  014C  082D               	movf	decimal@VAL,w
   733  014D  00A9               	movwf	??_decimal
   734  014E  01AA               	clrf	??_decimal+1
   735  014F  0829               	movf	??_decimal,w
   736  0150  00A2               	movwf	___awdiv@dividend
   737  0151  082A               	movf	??_decimal+1,w
   738  0152  00A3               	movwf	___awdiv@dividend+1
   739  0153  120A  118A  20D8  120A  118A  	fcall	___awdiv
   740  0158  1283               	bcf	3,5	;RP0=0, select bank0
   741  0159  1303               	bcf	3,6	;RP1=0, select bank0
   742  015A  0820               	movf	?___awdiv,w
   743  015B  00AB               	movwf	??_decimal+2
   744  015C  082B               	movf	??_decimal+2,w
   745  015D  00BA               	movwf	_cen
   746  015E                     l1075:
   747  015E  309C               	movlw	156
   748  015F  00A9               	movwf	??_decimal
   749  0160  0829               	movf	??_decimal,w
   750  0161  00A0               	movwf	___bmul@multiplicand
   751  0162  083A               	movf	_cen,w
   752  0163  120A  118A  2204  120A  118A  	fcall	___bmul
   753  0168  1283               	bcf	3,5	;RP0=0, select bank0
   754  0169  1303               	bcf	3,6	;RP1=0, select bank0
   755  016A  072D               	addwf	decimal@VAL,w
   756  016B  00AA               	movwf	??_decimal+1
   757  016C  082A               	movf	??_decimal+1,w
   758  016D  00AD               	movwf	decimal@VAL
   759  016E                     l1077:
   760  016E  300A               	movlw	10
   761  016F  00A0               	movwf	___awdiv@divisor
   762  0170  3000               	movlw	0
   763  0171  00A1               	movwf	___awdiv@divisor+1
   764  0172  082D               	movf	decimal@VAL,w
   765  0173  00A9               	movwf	??_decimal
   766  0174  01AA               	clrf	??_decimal+1
   767  0175  0829               	movf	??_decimal,w
   768  0176  00A2               	movwf	___awdiv@dividend
   769  0177  082A               	movf	??_decimal+1,w
   770  0178  00A3               	movwf	___awdiv@dividend+1
   771  0179  120A  118A  20D8  120A  118A  	fcall	___awdiv
   772  017E  1283               	bcf	3,5	;RP0=0, select bank0
   773  017F  1303               	bcf	3,6	;RP1=0, select bank0
   774  0180  0820               	movf	?___awdiv,w
   775  0181  00AB               	movwf	??_decimal+2
   776  0182  082B               	movf	??_decimal+2,w
   777  0183  00BB               	movwf	_dec
   778  0184                     l1079:
   779  0184  30F6               	movlw	246
   780  0185  00A9               	movwf	??_decimal
   781  0186  0829               	movf	??_decimal,w
   782  0187  00A0               	movwf	___bmul@multiplicand
   783  0188  083B               	movf	_dec,w
   784  0189  120A  118A  2204  120A  118A  	fcall	___bmul
   785  018E  1283               	bcf	3,5	;RP0=0, select bank0
   786  018F  1303               	bcf	3,6	;RP1=0, select bank0
   787  0190  072D               	addwf	decimal@VAL,w
   788  0191  00AA               	movwf	??_decimal+1
   789  0192  082A               	movf	??_decimal+1,w
   790  0193  00AD               	movwf	decimal@VAL
   791  0194  082D               	movf	decimal@VAL,w
   792  0195  00A9               	movwf	??_decimal
   793  0196  0829               	movf	??_decimal,w
   794  0197  00BC               	movwf	_un
   795  0198                     l1081:
   796  0198  083A               	movf	_cen,w
   797  0199  3E30               	addlw	48
   798  019A  00A9               	movwf	??_decimal
   799  019B  0829               	movf	??_decimal,w
   800  019C  00BA               	movwf	_cen
   801  019D                     l1083:
   802  019D  083B               	movf	_dec,w
   803  019E  3E30               	addlw	48
   804  019F  00A9               	movwf	??_decimal
   805  01A0  0829               	movf	??_decimal,w
   806  01A1  00BB               	movwf	_dec
   807  01A2                     l1085:
   808  01A2  083C               	movf	_un,w
   809  01A3  3E30               	addlw	48
   810  01A4  00A9               	movwf	??_decimal
   811  01A5  0829               	movf	??_decimal,w
   812  01A6  00BC               	movwf	_un
   813  01A7                     l135:
   814  01A7  0008               	return
   815  01A8                     __end_of_decimal:
   816                           
   817                           	psect	text3
   818  0204                     __ptext3:	
   819 ;; *************** function ___bmul *****************
   820 ;; Defined at:
   821 ;;		line 4 in file "C:\Program Files\Microchip\xc8\v2.31\pic\sources\c90\common\Umul8.c"
   822 ;; Parameters:    Size  Location     Type
   823 ;;  multiplier      1    wreg     unsigned char 
   824 ;;  multiplicand    1    0[BANK0 ] unsigned char 
   825 ;; Auto vars:     Size  Location     Type
   826 ;;  multiplier      1    3[BANK0 ] unsigned char 
   827 ;;  product         1    2[BANK0 ] unsigned char 
   828 ;; Return value:  Size  Location     Type
   829 ;;                  1    wreg      unsigned char 
   830 ;; Registers used:
   831 ;;		wreg, status,2, status,0
   832 ;; Tracked objects:
   833 ;;		On entry : 0/0
   834 ;;		On exit  : 0/0
   835 ;;		Unchanged: 0/0
   836 ;; Data sizes:     COMMON   BANK0   BANK1   BANK3   BANK2
   837 ;;      Params:         0       1       0       0       0
   838 ;;      Locals:         0       2       0       0       0
   839 ;;      Temps:          0       1       0       0       0
   840 ;;      Totals:         0       4       0       0       0
   841 ;;Total ram usage:        4 bytes
   842 ;; Hardware stack levels used:    1
   843 ;; Hardware stack levels required when called:    2
   844 ;; This function calls:
   845 ;;		Nothing
   846 ;; This function is called by:
   847 ;;		_decimal
   848 ;; This function uses a non-reentrant model
   849 ;;
   850                           
   851                           
   852                           ;psect for function ___bmul
   853  0204                     ___bmul:
   854                           
   855                           ;incstack = 0
   856                           ; Regs used in ___bmul: [wreg+status,2+status,0]
   857                           ;___bmul@multiplier stored from wreg
   858  0204  1283               	bcf	3,5	;RP0=0, select bank0
   859  0205  1303               	bcf	3,6	;RP1=0, select bank0
   860  0206  00A3               	movwf	___bmul@multiplier
   861  0207                     l953:
   862  0207  01A2               	clrf	___bmul@product
   863  0208                     l955:
   864  0208  1C23               	btfss	___bmul@multiplier,0
   865  0209  2A0B               	goto	u301
   866  020A  2A0C               	goto	u300
   867  020B                     u301:
   868  020B  2A10               	goto	l959
   869  020C                     u300:
   870  020C                     l957:
   871  020C  0820               	movf	___bmul@multiplicand,w
   872  020D  00A1               	movwf	??___bmul
   873  020E  0821               	movf	??___bmul,w
   874  020F  07A2               	addwf	___bmul@product,f
   875  0210                     l959:
   876  0210  1003               	clrc
   877  0211  0DA0               	rlf	___bmul@multiplicand,f
   878  0212                     l961:
   879  0212  1003               	clrc
   880  0213  0CA3               	rrf	___bmul@multiplier,f
   881  0214  0823               	movf	___bmul@multiplier,w
   882  0215  1D03               	btfss	3,2
   883  0216  2A18               	goto	u311
   884  0217  2A19               	goto	u310
   885  0218                     u311:
   886  0218  2A08               	goto	l955
   887  0219                     u310:
   888  0219                     l963:
   889  0219  0822               	movf	___bmul@product,w
   890  021A                     l247:
   891  021A  0008               	return
   892  021B                     __end_of___bmul:
   893                           
   894                           	psect	text4
   895  00D8                     __ptext4:	
   896 ;; *************** function ___awdiv *****************
   897 ;; Defined at:
   898 ;;		line 5 in file "C:\Program Files\Microchip\xc8\v2.31\pic\sources\c90\common\awdiv.c"
   899 ;; Parameters:    Size  Location     Type
   900 ;;  divisor         2    0[BANK0 ] int 
   901 ;;  dividend        2    2[BANK0 ] int 
   902 ;; Auto vars:     Size  Location     Type
   903 ;;  quotient        2    7[BANK0 ] int 
   904 ;;  sign            1    6[BANK0 ] unsigned char 
   905 ;;  counter         1    5[BANK0 ] unsigned char 
   906 ;; Return value:  Size  Location     Type
   907 ;;                  2    0[BANK0 ] int 
   908 ;; Registers used:
   909 ;;		wreg, status,2, status,0
   910 ;; Tracked objects:
   911 ;;		On entry : 0/0
   912 ;;		On exit  : 0/0
   913 ;;		Unchanged: 0/0
   914 ;; Data sizes:     COMMON   BANK0   BANK1   BANK3   BANK2
   915 ;;      Params:         0       4       0       0       0
   916 ;;      Locals:         0       4       0       0       0
   917 ;;      Temps:          0       1       0       0       0
   918 ;;      Totals:         0       9       0       0       0
   919 ;;Total ram usage:        9 bytes
   920 ;; Hardware stack levels used:    1
   921 ;; Hardware stack levels required when called:    2
   922 ;; This function calls:
   923 ;;		Nothing
   924 ;; This function is called by:
   925 ;;		_decimal
   926 ;; This function uses a non-reentrant model
   927 ;;
   928                           
   929                           
   930                           ;psect for function ___awdiv
   931  00D8                     ___awdiv:
   932  00D8                     l967:	
   933                           ;incstack = 0
   934                           ; Regs used in ___awdiv: [wreg+status,2+status,0]
   935                           
   936  00D8  1283               	bcf	3,5	;RP0=0, select bank0
   937  00D9  1303               	bcf	3,6	;RP1=0, select bank0
   938  00DA  01A6               	clrf	___awdiv@sign
   939  00DB                     l969:
   940  00DB  1FA1               	btfss	___awdiv@divisor+1,7
   941  00DC  28DE               	goto	u321
   942  00DD  28DF               	goto	u320
   943  00DE                     u321:
   944  00DE  28E6               	goto	l975
   945  00DF                     u320:
   946  00DF                     l971:
   947  00DF  09A0               	comf	___awdiv@divisor,f
   948  00E0  09A1               	comf	___awdiv@divisor+1,f
   949  00E1  0AA0               	incf	___awdiv@divisor,f
   950  00E2  1903               	skipnz
   951  00E3  0AA1               	incf	___awdiv@divisor+1,f
   952  00E4                     l973:
   953  00E4  01A6               	clrf	___awdiv@sign
   954  00E5  0AA6               	incf	___awdiv@sign,f
   955  00E6                     l975:
   956  00E6  1FA3               	btfss	___awdiv@dividend+1,7
   957  00E7  28E9               	goto	u331
   958  00E8  28EA               	goto	u330
   959  00E9                     u331:
   960  00E9  28F3               	goto	l981
   961  00EA                     u330:
   962  00EA                     l977:
   963  00EA  09A2               	comf	___awdiv@dividend,f
   964  00EB  09A3               	comf	___awdiv@dividend+1,f
   965  00EC  0AA2               	incf	___awdiv@dividend,f
   966  00ED  1903               	skipnz
   967  00EE  0AA3               	incf	___awdiv@dividend+1,f
   968  00EF                     l979:
   969  00EF  3001               	movlw	1
   970  00F0  00A4               	movwf	??___awdiv
   971  00F1  0824               	movf	??___awdiv,w
   972  00F2  06A6               	xorwf	___awdiv@sign,f
   973  00F3                     l981:
   974  00F3  01A7               	clrf	___awdiv@quotient
   975  00F4  01A8               	clrf	___awdiv@quotient+1
   976  00F5                     l983:
   977  00F5  0820               	movf	___awdiv@divisor,w
   978  00F6  0421               	iorwf	___awdiv@divisor+1,w
   979  00F7  1903               	btfsc	3,2
   980  00F8  28FA               	goto	u341
   981  00F9  28FB               	goto	u340
   982  00FA                     u341:
   983  00FA  2932               	goto	l1003
   984  00FB                     u340:
   985  00FB                     l985:
   986  00FB  01A5               	clrf	___awdiv@counter
   987  00FC  0AA5               	incf	___awdiv@counter,f
   988  00FD  2909               	goto	l991
   989  00FE                     l987:
   990  00FE  3001               	movlw	1
   991  00FF                     u355:
   992  00FF  1003               	clrc
   993  0100  0DA0               	rlf	___awdiv@divisor,f
   994  0101  0DA1               	rlf	___awdiv@divisor+1,f
   995  0102  3EFF               	addlw	-1
   996  0103  1D03               	skipz
   997  0104  28FF               	goto	u355
   998  0105                     l989:
   999  0105  3001               	movlw	1
  1000  0106  00A4               	movwf	??___awdiv
  1001  0107  0824               	movf	??___awdiv,w
  1002  0108  07A5               	addwf	___awdiv@counter,f
  1003  0109                     l991:
  1004  0109  1FA1               	btfss	___awdiv@divisor+1,7
  1005  010A  290C               	goto	u361
  1006  010B  290D               	goto	u360
  1007  010C                     u361:
  1008  010C  28FE               	goto	l987
  1009  010D                     u360:
  1010  010D                     l993:
  1011  010D  3001               	movlw	1
  1012  010E                     u375:
  1013  010E  1003               	clrc
  1014  010F  0DA7               	rlf	___awdiv@quotient,f
  1015  0110  0DA8               	rlf	___awdiv@quotient+1,f
  1016  0111  3EFF               	addlw	-1
  1017  0112  1D03               	skipz
  1018  0113  290E               	goto	u375
  1019  0114  0821               	movf	___awdiv@divisor+1,w
  1020  0115  0223               	subwf	___awdiv@dividend+1,w
  1021  0116  1D03               	skipz
  1022  0117  291A               	goto	u385
  1023  0118  0820               	movf	___awdiv@divisor,w
  1024  0119  0222               	subwf	___awdiv@dividend,w
  1025  011A                     u385:
  1026  011A  1C03               	skipc
  1027  011B  291D               	goto	u381
  1028  011C  291E               	goto	u380
  1029  011D                     u381:
  1030  011D  2925               	goto	l999
  1031  011E                     u380:
  1032  011E                     l995:
  1033  011E  0820               	movf	___awdiv@divisor,w
  1034  011F  02A2               	subwf	___awdiv@dividend,f
  1035  0120  0821               	movf	___awdiv@divisor+1,w
  1036  0121  1C03               	skipc
  1037  0122  03A3               	decf	___awdiv@dividend+1,f
  1038  0123  02A3               	subwf	___awdiv@dividend+1,f
  1039  0124                     l997:
  1040  0124  1427               	bsf	___awdiv@quotient,0
  1041  0125                     l999:
  1042  0125  3001               	movlw	1
  1043  0126                     u395:
  1044  0126  1003               	clrc
  1045  0127  0CA1               	rrf	___awdiv@divisor+1,f
  1046  0128  0CA0               	rrf	___awdiv@divisor,f
  1047  0129  3EFF               	addlw	-1
  1048  012A  1D03               	skipz
  1049  012B  2926               	goto	u395
  1050  012C                     l1001:
  1051  012C  3001               	movlw	1
  1052  012D  02A5               	subwf	___awdiv@counter,f
  1053  012E  1D03               	btfss	3,2
  1054  012F  2931               	goto	u401
  1055  0130  2932               	goto	u400
  1056  0131                     u401:
  1057  0131  290D               	goto	l993
  1058  0132                     u400:
  1059  0132                     l1003:
  1060  0132  0826               	movf	___awdiv@sign,w
  1061  0133  1903               	btfsc	3,2
  1062  0134  2936               	goto	u411
  1063  0135  2937               	goto	u410
  1064  0136                     u411:
  1065  0136  293C               	goto	l1007
  1066  0137                     u410:
  1067  0137                     l1005:
  1068  0137  09A7               	comf	___awdiv@quotient,f
  1069  0138  09A8               	comf	___awdiv@quotient+1,f
  1070  0139  0AA7               	incf	___awdiv@quotient,f
  1071  013A  1903               	skipnz
  1072  013B  0AA8               	incf	___awdiv@quotient+1,f
  1073  013C                     l1007:
  1074  013C  0828               	movf	___awdiv@quotient+1,w
  1075  013D  00A1               	movwf	?___awdiv+1
  1076  013E  0827               	movf	___awdiv@quotient,w
  1077  013F  00A0               	movwf	?___awdiv
  1078  0140                     l374:
  1079  0140  0008               	return
  1080  0141                     __end_of___awdiv:
  1081                           
  1082                           	psect	text5
  1083  0023                     __ptext5:	
  1084 ;; *************** function _isr *****************
  1085 ;; Defined at:
  1086 ;;		line 74 in file "Lab05.c"
  1087 ;; Parameters:    Size  Location     Type
  1088 ;;		None
  1089 ;; Auto vars:     Size  Location     Type
  1090 ;;		None
  1091 ;; Return value:  Size  Location     Type
  1092 ;;                  1    wreg      void 
  1093 ;; Registers used:
  1094 ;;		wreg, status,2, status,0, pclath, cstack
  1095 ;; Tracked objects:
  1096 ;;		On entry : 0/0
  1097 ;;		On exit  : 0/0
  1098 ;;		Unchanged: 0/0
  1099 ;; Data sizes:     COMMON   BANK0   BANK1   BANK3   BANK2
  1100 ;;      Params:         0       0       0       0       0
  1101 ;;      Locals:         0       0       0       0       0
  1102 ;;      Temps:          5       0       0       0       0
  1103 ;;      Totals:         5       0       0       0       0
  1104 ;;Total ram usage:        5 bytes
  1105 ;; Hardware stack levels used:    1
  1106 ;; Hardware stack levels required when called:    1
  1107 ;; This function calls:
  1108 ;;		i1___bmul
  1109 ;; This function is called by:
  1110 ;;		Interrupt level 1
  1111 ;; This function uses a non-reentrant model
  1112 ;;
  1113                           
  1114                           
  1115                           ;psect for function _isr
  1116  0023                     _isr:
  1117  0023                     i1l1101:
  1118                           
  1119                           ;Lab05.c: 75:             if(tempRX == 0xff){
  1120  0023  1C0B               	btfss	11,0	;volatile
  1121  0024  2826               	goto	u44_21
  1122  0025  2827               	goto	u44_20
  1123  0026                     u44_21:
  1124  0026  284A               	goto	i1l1125
  1125  0027                     u44_20:
  1126  0027                     i1l1103:
  1127                           
  1128                           ;Lab05.c: 76: 
  1129  0027  1283               	bcf	3,5	;RP0=0, select bank0
  1130  0028  1303               	bcf	3,6	;RP1=0, select bank0
  1131  0029  1806               	btfsc	6,0	;volatile
  1132  002A  282C               	goto	u45_21
  1133  002B  282D               	goto	u45_20
  1134  002C                     u45_21:
  1135  002C  2830               	goto	i1l1107
  1136  002D                     u45_20:
  1137  002D                     i1l1105:
  1138                           
  1139                           ;Lab05.c: 77:                 while(PIR1bits.RCIF == 0){
  1140  002D  01FD               	clrf	_FLAG
  1141  002E  0AFD               	incf	_FLAG,f
  1142  002F  283A               	goto	i1l1113
  1143  0030                     i1l1107:
  1144                           
  1145                           ;Lab05.c: 79:                 centena = RCREG;
  1146  0030  037D               	decf	_FLAG,w
  1147  0031  1D03               	btfss	3,2
  1148  0032  2834               	goto	u46_21
  1149  0033  2835               	goto	u46_20
  1150  0034                     u46_21:
  1151  0034  283A               	goto	i1l1113
  1152  0035                     u46_20:
  1153  0035                     i1l1109:
  1154                           
  1155                           ;Lab05.c: 80:                 PIR1bits.RCIF = 0;
  1156  0035  01FD               	clrf	_FLAG
  1157  0036                     i1l1111:
  1158                           
  1159                           ;Lab05.c: 81: 
  1160  0036  3001               	movlw	1
  1161  0037  00F4               	movwf	??_isr
  1162  0038  0874               	movf	??_isr,w
  1163  0039  07B7               	addwf	_contint,f
  1164  003A                     i1l1113:
  1165                           
  1166                           ;Lab05.c: 84:                 decena = RCREG;
  1167  003A  1886               	btfsc	6,1	;volatile
  1168  003B  283D               	goto	u47_21
  1169  003C  283E               	goto	u47_20
  1170  003D                     u47_21:
  1171  003D  2841               	goto	i1l1117
  1172  003E                     u47_20:
  1173  003E                     i1l1115:
  1174                           
  1175                           ;Lab05.c: 85:                 PIR1bits.RCIF = 0;
  1176  003E  01B9               	clrf	_FLAG1
  1177  003F  0AB9               	incf	_FLAG1,f
  1178  0040  2849               	goto	i1l1123
  1179  0041                     i1l1117:
  1180                           
  1181                           ;Lab05.c: 87: 
  1182  0041  0339               	decf	_FLAG1,w
  1183  0042  1D03               	btfss	3,2
  1184  0043  2845               	goto	u48_21
  1185  0044  2846               	goto	u48_20
  1186  0045                     u48_21:
  1187  0045  2849               	goto	i1l1123
  1188  0046                     u48_20:
  1189  0046                     i1l1119:
  1190                           
  1191                           ;Lab05.c: 88:                 while(PIR1bits.RCIF == 0){}
  1192  0046  01B9               	clrf	_FLAG1
  1193  0047                     i1l1121:
  1194                           
  1195                           ;Lab05.c: 89:                 unidad = RCREG;
  1196  0047  3001               	movlw	1
  1197  0048  02B7               	subwf	_contint,f
  1198  0049                     i1l1123:
  1199                           
  1200                           ;Lab05.c: 92:                 centena = centena - 48;
  1201  0049  100B               	bcf	11,0	;volatile
  1202  004A                     i1l1125:
  1203                           
  1204                           ;Lab05.c: 96:                 PORTD = ((centena*100)+(decena*10)+ unidad);
  1205  004A  1283               	bcf	3,5	;RP0=0, select bank0
  1206  004B  1303               	bcf	3,6	;RP1=0, select bank0
  1207  004C  1E8C               	btfss	12,5	;volatile
  1208  004D  284F               	goto	u49_21
  1209  004E  2850               	goto	u49_20
  1210  004F                     u49_21:
  1211  004F  28D1               	goto	i1l115
  1212  0050                     u49_20:
  1213  0050                     i1l1127:
  1214                           
  1215                           ;Lab05.c: 97:             }
  1216  0050  081A               	movf	26,w	;volatile
  1217  0051  00F4               	movwf	??_isr
  1218  0052  0874               	movf	??_isr,w
  1219  0053  00FC               	movwf	_tempRX
  1220  0054                     i1l1129:
  1221                           
  1222                           ;Lab05.c: 98:             PIR1bits.RCIF =0;
  1223  0054  087C               	movf	_tempRX,w
  1224  0055  1D03               	btfss	3,2
  1225  0056  2858               	goto	u50_21
  1226  0057  2859               	goto	u50_20
  1227  0058                     u50_21:
  1228  0058  2884               	goto	i1l1143
  1229  0059                     u50_20:
  1230  0059                     i1l1131:
  1231                           
  1232                           ;Lab05.c: 99:         }
  1233  0059  1E0C               	btfss	12,4	;volatile
  1234  005A  285C               	goto	u51_21
  1235  005B  285D               	goto	u51_20
  1236  005C                     u51_21:
  1237  005C  2866               	goto	i1l1135
  1238  005D                     u51_20:
  1239  005D                     i1l1133:
  1240                           
  1241                           ;Lab05.c: 100:     }
  1242  005D  083A               	movf	_cen,w
  1243  005E  0099               	movwf	25	;volatile
  1244                           
  1245                           ;Lab05.c: 101: 
  1246  005F  30C7               	movlw	199
  1247  0060  00F4               	movwf	??_isr
  1248  0061                     u59_27:
  1249  0061  2862               	nop2
  1250  0062  0BF4               	decfsz	??_isr,f
  1251  0063  2861               	goto	u59_27
  1252  0064  2865               	nop2
  1253  0065  2866               	nop2
  1254  0066                     i1l1135:
  1255                           
  1256                           ;Lab05.c: 104: 
  1257  0066  1283               	bcf	3,5	;RP0=0, select bank0
  1258  0067  1303               	bcf	3,6	;RP1=0, select bank0
  1259  0068  1E0C               	btfss	12,4	;volatile
  1260  0069  286B               	goto	u52_21
  1261  006A  286C               	goto	u52_20
  1262  006B                     u52_21:
  1263  006B  2875               	goto	i1l1139
  1264  006C                     u52_20:
  1265  006C                     i1l1137:
  1266                           
  1267                           ;Lab05.c: 105: void setup(void){
  1268  006C  083B               	movf	_dec,w
  1269  006D  0099               	movwf	25	;volatile
  1270                           
  1271                           ;Lab05.c: 106: 
  1272  006E  30C7               	movlw	199
  1273  006F  00F4               	movwf	??_isr
  1274  0070                     u60_27:
  1275  0070  2871               	nop2
  1276  0071  0BF4               	decfsz	??_isr,f
  1277  0072  2870               	goto	u60_27
  1278  0073  2874               	nop2
  1279  0074  2875               	nop2
  1280  0075                     i1l1139:
  1281                           
  1282                           ;Lab05.c: 109: 
  1283  0075  1283               	bcf	3,5	;RP0=0, select bank0
  1284  0076  1303               	bcf	3,6	;RP1=0, select bank0
  1285  0077  1E0C               	btfss	12,4	;volatile
  1286  0078  287A               	goto	u53_21
  1287  0079  287B               	goto	u53_20
  1288  007A                     u53_21:
  1289  007A  2884               	goto	i1l1143
  1290  007B                     u53_20:
  1291  007B                     i1l1141:
  1292                           
  1293                           ;Lab05.c: 110:     TRISA = 0X00;
  1294  007B  083C               	movf	_un,w
  1295  007C  0099               	movwf	25	;volatile
  1296                           
  1297                           ;Lab05.c: 111:     TRISB = 0B00000011;
  1298  007D  30C7               	movlw	199
  1299  007E  00F4               	movwf	??_isr
  1300  007F                     u61_27:
  1301  007F  2880               	nop2
  1302  0080  0BF4               	decfsz	??_isr,f
  1303  0081  287F               	goto	u61_27
  1304  0082  2883               	nop2
  1305  0083  2884               	nop2
  1306  0084                     i1l1143:
  1307                           
  1308                           ;Lab05.c: 114: 
  1309  0084  1283               	bcf	3,5	;RP0=0, select bank0
  1310  0085  1303               	bcf	3,6	;RP1=0, select bank0
  1311  0086  128C               	bcf	12,5	;volatile
  1312  0087                     i1l1145:
  1313                           
  1314                           ;Lab05.c: 117:     PORTC = 0X00;
  1315  0087  0A7C               	incf	_tempRX,w
  1316  0088  1D03               	btfss	3,2
  1317  0089  288B               	goto	u54_21
  1318  008A  288C               	goto	u54_20
  1319  008B                     u54_21:
  1320  008B  28D0               	goto	i1l1169
  1321  008C                     u54_20:
  1322  008C                     i1l106:	
  1323                           ;Lab05.c: 120: 
  1324                           
  1325                           
  1326                           ;Lab05.c: 119:     PORTE = 0X00;
  1327  008C  1E8C               	btfss	12,5	;volatile
  1328  008D  288F               	goto	u55_21
  1329  008E  2890               	goto	u55_20
  1330  008F                     u55_21:
  1331  008F  288C               	goto	i1l106
  1332  0090                     u55_20:
  1333  0090                     i1l1149:
  1334                           
  1335                           ;Lab05.c: 121: 
  1336  0090  081A               	movf	26,w	;volatile
  1337  0091  00F4               	movwf	??_isr
  1338  0092  0874               	movf	??_isr,w
  1339  0093  00F9               	movwf	_centena
  1340  0094                     i1l1151:
  1341                           
  1342                           ;Lab05.c: 122:     OSCCONbits.SCS = 1;
  1343  0094  128C               	bcf	12,5	;volatile
  1344  0095                     i1l109:	
  1345                           ;Lab05.c: 125:     OSCCONbits.IRCF0 = 0;
  1346                           
  1347  0095  1E8C               	btfss	12,5	;volatile
  1348  0096  2898               	goto	u56_21
  1349  0097  2899               	goto	u56_20
  1350  0098                     u56_21:
  1351  0098  2895               	goto	i1l109
  1352  0099                     u56_20:
  1353  0099                     i1l1153:
  1354                           
  1355                           ;Lab05.c: 126: 
  1356  0099  081A               	movf	26,w	;volatile
  1357  009A  00F4               	movwf	??_isr
  1358  009B  0874               	movf	??_isr,w
  1359  009C  00FA               	movwf	_decena
  1360  009D                     i1l1155:
  1361                           
  1362                           ;Lab05.c: 127: 
  1363  009D  128C               	bcf	12,5	;volatile
  1364  009E                     i1l112:	
  1365                           ;Lab05.c: 130: 
  1366                           
  1367  009E  1E8C               	btfss	12,5	;volatile
  1368  009F  28A1               	goto	u57_21
  1369  00A0  28A2               	goto	u57_20
  1370  00A1                     u57_21:
  1371  00A1  289E               	goto	i1l112
  1372  00A2                     u57_20:
  1373  00A2                     i1l1157:
  1374                           
  1375                           ;Lab05.c: 131: 
  1376  00A2  081A               	movf	26,w	;volatile
  1377  00A3  00F4               	movwf	??_isr
  1378  00A4  0874               	movf	??_isr,w
  1379  00A5  00FB               	movwf	_unidad
  1380  00A6                     i1l1159:
  1381                           
  1382                           ;Lab05.c: 132:     OPTION_REGbits.nRBPU = 0;
  1383  00A6  128C               	bcf	12,5	;volatile
  1384  00A7                     i1l1161:
  1385                           
  1386                           ;Lab05.c: 134:     INTCONbits.PEIE = 1;
  1387  00A7  0879               	movf	_centena,w
  1388  00A8  3ED0               	addlw	208
  1389  00A9  00F4               	movwf	??_isr
  1390  00AA  0874               	movf	??_isr,w
  1391  00AB  00F9               	movwf	_centena
  1392  00AC                     i1l1163:
  1393                           
  1394                           ;Lab05.c: 135:     INTCONbits.RBIE = 1;
  1395  00AC  087A               	movf	_decena,w
  1396  00AD  3ED0               	addlw	208
  1397  00AE  00F4               	movwf	??_isr
  1398  00AF  0874               	movf	??_isr,w
  1399  00B0  00FA               	movwf	_decena
  1400  00B1                     i1l1165:
  1401                           
  1402                           ;Lab05.c: 136:     INTCONbits.RBIF = 0;
  1403  00B1  087B               	movf	_unidad,w
  1404  00B2  3ED0               	addlw	208
  1405  00B3  00F4               	movwf	??_isr
  1406  00B4  0874               	movf	??_isr,w
  1407  00B5  00FB               	movwf	_unidad
  1408  00B6                     i1l1167:
  1409                           
  1410                           ;Lab05.c: 138: 
  1411  00B6  300A               	movlw	10
  1412  00B7  00F4               	movwf	??_isr
  1413  00B8  0874               	movf	??_isr,w
  1414  00B9  00F0               	movwf	i1___bmul@multiplicand
  1415  00BA  087A               	movf	_decena,w
  1416  00BB  120A  118A  221B  120A  118A  	fcall	i1___bmul
  1417  00C0  00F5               	movwf	??_isr+1
  1418  00C1  3064               	movlw	100
  1419  00C2  00F6               	movwf	??_isr+2
  1420  00C3  0876               	movf	??_isr+2,w
  1421  00C4  00F0               	movwf	i1___bmul@multiplicand
  1422  00C5  0879               	movf	_centena,w
  1423  00C6  120A  118A  221B  120A  118A  	fcall	i1___bmul
  1424  00CB  0775               	addwf	??_isr+1,w
  1425  00CC  077B               	addwf	_unidad,w
  1426  00CD  1283               	bcf	3,5	;RP0=0, select bank0
  1427  00CE  1303               	bcf	3,6	;RP1=0, select bank0
  1428  00CF  0088               	movwf	8	;volatile
  1429  00D0                     i1l1169:
  1430                           
  1431                           ;Lab05.c: 140:     PIR1bits.RCIF = 0;
  1432  00D0  128C               	bcf	12,5	;volatile
  1433  00D1                     i1l115:
  1434  00D1  0878               	movf	??_isr+4,w
  1435  00D2  008A               	movwf	10
  1436  00D3  0E77               	swapf	??_isr+3,w
  1437  00D4  0083               	movwf	3
  1438  00D5  0EFE               	swapf	btemp,f
  1439  00D6  0E7E               	swapf	btemp,w
  1440  00D7  0009               	retfie
  1441  00D8                     __end_of_isr:
  1442                           
  1443                           	psect	intentry
  1444  0004                     __pintentry:	
  1445                           ;incstack = 0
  1446                           ; Regs used in _isr: [wreg+status,2+status,0+pclath+cstack]
  1447                           
  1448  0004                     interrupt_function:
  1449  007E                     saved_w	set	btemp
  1450  0004  00FE               	movwf	btemp
  1451  0005  0E03               	swapf	3,w
  1452  0006  00F7               	movwf	??_isr+3
  1453  0007  080A               	movf	10,w
  1454  0008  00F8               	movwf	??_isr+4
  1455  0009  120A  118A  2823   	ljmp	_isr
  1456                           
  1457                           	psect	text6
  1458  021B                     __ptext6:	
  1459 ;; *************** function i1___bmul *****************
  1460 ;; Defined at:
  1461 ;;		line 4 in file "C:\Program Files\Microchip\xc8\v2.31\pic\sources\c90\common\Umul8.c"
  1462 ;; Parameters:    Size  Location     Type
  1463 ;;  multiplier      1    wreg     unsigned char 
  1464 ;;  multiplicand    1    0[COMMON] unsigned char 
  1465 ;; Auto vars:     Size  Location     Type
  1466 ;;  multiplier      1    3[COMMON] unsigned char 
  1467 ;;  product         1    2[COMMON] unsigned char 
  1468 ;; Return value:  Size  Location     Type
  1469 ;;                  1    wreg      unsigned char 
  1470 ;; Registers used:
  1471 ;;		wreg, status,2, status,0
  1472 ;; Tracked objects:
  1473 ;;		On entry : 0/0
  1474 ;;		On exit  : 0/0
  1475 ;;		Unchanged: 0/0
  1476 ;; Data sizes:     COMMON   BANK0   BANK1   BANK3   BANK2
  1477 ;;      Params:         1       0       0       0       0
  1478 ;;      Locals:         2       0       0       0       0
  1479 ;;      Temps:          1       0       0       0       0
  1480 ;;      Totals:         4       0       0       0       0
  1481 ;;Total ram usage:        4 bytes
  1482 ;; Hardware stack levels used:    1
  1483 ;; This function calls:
  1484 ;;		Nothing
  1485 ;; This function is called by:
  1486 ;;		_isr
  1487 ;; This function uses a non-reentrant model
  1488 ;;
  1489                           
  1490                           
  1491                           ;psect for function i1___bmul
  1492  021B                     i1___bmul:
  1493                           
  1494                           ;incstack = 0
  1495                           ; Regs used in i1___bmul: [wreg+status,2+status,0]
  1496                           ;i1___bmul@multiplier stored from wreg
  1497  021B  00F3               	movwf	i1___bmul@multiplier
  1498  021C                     i1l1087:
  1499  021C  01F2               	clrf	i1___bmul@product
  1500  021D                     i1l1089:
  1501  021D  1C73               	btfss	i1___bmul@multiplier,0
  1502  021E  2A20               	goto	u42_21
  1503  021F  2A21               	goto	u42_20
  1504  0220                     u42_21:
  1505  0220  2A25               	goto	i1l1093
  1506  0221                     u42_20:
  1507  0221                     i1l1091:
  1508  0221  0870               	movf	i1___bmul@multiplicand,w
  1509  0222  00F1               	movwf	??i1___bmul
  1510  0223  0871               	movf	??i1___bmul,w
  1511  0224  07F2               	addwf	i1___bmul@product,f
  1512  0225                     i1l1093:
  1513  0225  1003               	clrc
  1514  0226  0DF0               	rlf	i1___bmul@multiplicand,f
  1515  0227                     i1l1095:
  1516  0227  1003               	clrc
  1517  0228  0CF3               	rrf	i1___bmul@multiplier,f
  1518  0229  0873               	movf	i1___bmul@multiplier,w
  1519  022A  1D03               	btfss	3,2
  1520  022B  2A2D               	goto	u43_21
  1521  022C  2A2E               	goto	u43_20
  1522  022D                     u43_21:
  1523  022D  2A1D               	goto	i1l1089
  1524  022E                     u43_20:
  1525  022E                     i1l1097:
  1526  022E  0872               	movf	i1___bmul@product,w
  1527  022F                     i1l247:
  1528  022F  0008               	return
  1529  0230                     __end_ofi1___bmul:
  1530  007E                     btemp	set	126	;btemp
  1531  007E                     wtemp0	set	126
  1532                           
  1533                           	psect	config
  1534                           
  1535                           ;Config register CONFIG1 @ 0x2007
  1536                           ;	Oscillator Selection bits
  1537                           ;	FOSC = INTRC_NOCLKOUT, INTOSCIO oscillator: I/O function on RA6/OSC2/CLKOUT pin, I/O f
      +                          unction on RA7/OSC1/CLKIN
  1538                           ;	Watchdog Timer Enable bit
  1539                           ;	WDTE = OFF, WDT disabled and can be enabled by SWDTEN bit of the WDTCON register
  1540                           ;	Power-up Timer Enable bit
  1541                           ;	PWRTE = OFF, PWRT disabled
  1542                           ;	RE3/MCLR pin function select bit
  1543                           ;	MCLRE = OFF, RE3/MCLR pin function is digital input, MCLR internally tied to VDD
  1544                           ;	Code Protection bit
  1545                           ;	CP = OFF, Program memory code protection is disabled
  1546                           ;	Data Code Protection bit
  1547                           ;	CPD = OFF, Data memory code protection is disabled
  1548                           ;	Brown Out Reset Selection bits
  1549                           ;	BOREN = OFF, BOR disabled
  1550                           ;	Internal External Switchover bit
  1551                           ;	IESO = OFF, Internal/External Switchover mode is disabled
  1552                           ;	Fail-Safe Clock Monitor Enabled bit
  1553                           ;	FCMEN = OFF, Fail-Safe Clock Monitor is disabled
  1554                           ;	Low Voltage Programming Enable bit
  1555                           ;	LVP = OFF, RB3 pin has digital I/O, HV on MCLR must be used for programming
  1556                           ;	In-Circuit Debugger Mode bit
  1557                           ;	DEBUG = 0x1, unprogrammed default
  1558  2007                     	org	8199
  1559  2007  20D4               	dw	8404
  1560                           
  1561                           ;Config register CONFIG2 @ 0x2008
  1562                           ;	Brown-out Reset Selection bit
  1563                           ;	BOR4V = BOR40V, Brown-out Reset set to 4.0V
  1564                           ;	Flash Program Memory Self Write Enable bits
  1565                           ;	WRT = OFF, Write protection off
  1566  2008                     	org	8200
  1567  2008  3FFF               	dw	16383

Data Sizes:
    Strings     0
    Constant    0
    Data        0
    BSS         14
    Persistent  3
    Stack       0

Auto Spaces:
    Space          Size  Autos    Used
    COMMON           14      9      14
    BANK0            80     17      29
    BANK1            80      0       0
    BANK3            96      0       0
    BANK2            96      0       0

Pointer List with Targets:

    None.

Critical Paths under _main in COMMON

    None.

Critical Paths under _isr in COMMON

    _isr->i1___bmul

Critical Paths under _main in BANK0

    _main->_decimal
    _decimal->___awdiv

Critical Paths under _isr in BANK0

    None.

Critical Paths under _main in BANK1

    None.

Critical Paths under _isr in BANK1

    None.

Critical Paths under _main in BANK3

    None.

Critical Paths under _isr in BANK3

    None.

Critical Paths under _main in BANK2

    None.

Critical Paths under _isr in BANK2

    None.

Call Graph Tables:

 ---------------------------------------------------------------------------------
 (Depth) Function   	        Calls       Base Space   Used Autos Params    Refs
 ---------------------------------------------------------------------------------
 (0) _main                                                 3     3      0    1083
                                             14 BANK0      3     3      0
                            _decimal
                              _setup
 ---------------------------------------------------------------------------------
 (1) _setup                                                0     0      0       0
 ---------------------------------------------------------------------------------
 (1) _decimal                                              5     5      0    1083
                                              9 BANK0      5     5      0
                            ___awdiv
                             ___bmul
 ---------------------------------------------------------------------------------
 (2) ___bmul                                               4     3      1     344
                                              0 BANK0      4     3      1
 ---------------------------------------------------------------------------------
 (2) ___awdiv                                              9     5      4     604
                                              0 BANK0      9     5      4
 ---------------------------------------------------------------------------------
 Estimated maximum stack depth 2
 ---------------------------------------------------------------------------------
 (Depth) Function   	        Calls       Base Space   Used Autos Params    Refs
 ---------------------------------------------------------------------------------
 (3) _isr                                                  5     5      0     144
                                              4 COMMON     5     5      0
                           i1___bmul
 ---------------------------------------------------------------------------------
 (4) i1___bmul                                             4     3      1     144
                                              0 COMMON     4     3      1
 ---------------------------------------------------------------------------------
 Estimated maximum stack depth 4
 ---------------------------------------------------------------------------------

 Call Graph Graphs:

 _main (ROOT)
   _decimal
     ___awdiv
     ___bmul
   _setup

 _isr (ROOT)
   i1___bmul

 Address spaces:
Name               Size   Autos  Total    Cost      Usage
BITCOMMON            E      0       0       0        0.0%
EEDATA             100      0       0       0        0.0%
NULL                 0      0       0       0        0.0%
CODE                 0      0       0       0        0.0%
COMMON               E      9       E       1      100.0%
BITSFR0              0      0       0       1        0.0%
SFR0                 0      0       0       1        0.0%
BITSFR1              0      0       0       2        0.0%
SFR1                 0      0       0       2        0.0%
STACK                0      0       0       2        0.0%
ABS                  0      0      2B       3        0.0%
BITBANK0            50      0       0       4        0.0%
BITSFR3              0      0       0       4        0.0%
SFR3                 0      0       0       4        0.0%
BANK0               50     11      1D       5       36.2%
BITSFR2              0      0       0       5        0.0%
SFR2                 0      0       0       5        0.0%
BITBANK1            50      0       0       6        0.0%
BANK1               50      0       0       7        0.0%
BITBANK3            60      0       0       8        0.0%
BANK3               60      0       0       9        0.0%
BITBANK2            60      0       0      10        0.0%
BANK2               60      0       0      11        0.0%
DATA                 0      0      2B      12        0.0%


Microchip Technology PIC Macro Assembler V2.31 build 20201012212115 
Symbol Table                                                                                   Wed Aug 18 22:59:15 2021

         ___bmul@product 0022             ___awdiv@sign 0026                       _un 003C  
                    l123 01E9                      l118 01E3                      l135 01A7  
                    l247 021A                      l374 0140                      l961 0212  
                    l953 0207                      l971 00DF                      l963 0219  
                    l955 0208                      l981 00F3                      l973 00E4  
                    l957 020C                      l991 0109                      l983 00F5  
                    l975 00E6                      l967 00D8                      l959 0210  
                    l993 010D                      l985 00FB                      l977 00EA  
                    l969 00DB                      l995 011E                      l987 00FE  
                    l979 00EF                      l997 0124                      l989 0105  
                    l999 0125                      u300 020C                      u301 020B  
                    u310 0219                      u311 0218                      u400 0132  
                    u320 00DF                      u401 0131                      u321 00DE  
                    u410 0137                      u330 00EA                      u411 0136  
                    u331 00E9                      u340 00FB                      u341 00FA  
                    u360 010D                      u361 010C                      u355 00FF  
                    u380 011E                      u381 011D                      u375 010E  
                    u385 011A                      u395 0126                      u587 01F9  
                    _dec 003B                      _cen 003A                      _con 0035  
                    _isr 0023                      _var 0036                     l1001 012C  
                   l1003 0132                     l1011 01A8                     l1005 0137  
                   l1021 01B6                     l1013 01AF                     l1007 013C  
                   l1031 01BD                     l1023 01B7                     l1015 01B1  
                   l1041 01C6                     l1033 01BE                     l1025 01B8  
                   l1017 01B2                     l1051 01CD                     l1043 01C7  
                   l1035 01BF                     l1027 01B9                     l1019 01B3  
                   l1061 01D4                     l1053 01D0                     l1045 01C8  
                   l1037 01C4                     l1029 01BA                     l1071 0144  
                   l1063 01D5                     l1055 01D1                     l1047 01C9  
                   l1039 01C5                     l1081 0198                     l1073 0148  
                   l1065 01D8                     l1057 01D2                     l1049 01CC  
                   l1083 019D                     l1075 015E                     l1067 01D9  
                   l1059 01D3                     l1171 01E4                     l1085 01A2  
                   l1077 016E                     l1069 01DA                     l1173 01F1  
                   l1079 0184                     ?_isr 0070                     _FLAG 007D  
                   _CONT 0038                     _IOCB 0096                     _TXIF 0064  
                   _WPUB 0095                     _main 01E4                     _full 0031  
                   btemp 007E                     start 000C        ___bmul@multiplier 0023  
                  ??_isr 0074                    ?_main 0070          __end_of___awdiv 0141  
                  _FLAG1 0039                    _ANSEL 0188          ___awdiv@divisor 0020  
                  i1l112 009E                    i1l106 008C                    i1l115 00D1  
                  i1l109 0095                    i1l247 022F          ___awdiv@counter 0025  
                  _RCREG 001A                    u42_20 0221                    u50_20 0059  
                  u42_21 0220                    u50_21 0058                    _SPBRG 0099  
                  u43_20 022E                    u51_20 005D                    u43_21 022D  
                  u51_21 005C                    _PORTA 0005                    _PORTB 0006  
                  _PORTC 0007                    _PORTD 0008                    _PORTE 0009  
                  u52_20 006C                    u44_20 0027                    u52_21 006B  
                  u44_21 0026                    u60_27 0070                    u53_20 007B  
                  u45_20 002D                    u53_21 007A                    u45_21 002C  
                  u61_27 007F                    u54_20 008C                    u46_20 0035  
                  u54_21 008B                    u46_21 0034                    u55_20 0090  
                  u47_20 003E                    u55_21 008F                    u47_21 003D  
                  u56_20 0099                    u48_20 0046                    u56_21 0098  
                  u48_21 0045                    u57_20 00A2                    u49_20 0050  
                  u57_21 00A1                    u49_21 004F                    _TRISA 0085  
                  _TRISB 0086                    _TRISD 0088                    _TRISE 0089  
                  u59_27 0061          __end_of_decimal 01A8                    _TXREG 0019  
                  _setup 01A8         __end_ofi1___bmul 0230                    pclath 000A  
                  status 0003                    wtemp0 007E          __initialization 000F  
           __end_of_main 0204                   ??_main 002E         ___awdiv@dividend 0022  
                 ?_setup 0070                   _ANSELH 0189                   i1l1101 0023  
                 i1l1111 0036                   i1l1103 0027                   i1l1121 0047  
                 i1l1113 003A                   i1l1105 002D                   i1l1131 0059  
                 i1l1123 0049                   i1l1115 003E                   i1l1107 0030  
                 i1l1141 007B                   i1l1133 005D                   i1l1117 0041  
                 i1l1109 0035                   i1l1125 004A                   i1l1151 0094  
                 i1l1135 0066                   i1l1143 0084                   i1l1127 0050  
                 i1l1119 0046                   i1l1161 00A7                   i1l1153 0099  
                 i1l1145 0087                   i1l1137 006C                   i1l1129 0054  
                 i1l1091 0221                   i1l1163 00AC                   i1l1155 009D  
                 i1l1139 0075                   i1l1093 0225                   i1l1165 00B1  
                 i1l1157 00A2                   i1l1149 0090                   i1l1095 0227  
                 i1l1087 021C                   i1l1167 00B6                   i1l1159 00A6  
                 i1l1097 022E                   i1l1089 021D                   i1l1169 00D0  
                 _SPBRGH 009A                   ___bmul 0204                ??___awdiv 0024  
                 _decena 007A                ??_decimal 0029         ___awdiv@quotient 0027  
                 _select 0033                   _tempRX 007C                   _unidad 007B  
                 saved_w 007E  __end_of__initialization 001F      ___bmul@multiplicand 0020  
         __pcstackCOMMON 0070            __end_of_setup 01E4                ?i1___bmul 0070  
         _OPTION_REGbits 0081         i1___bmul@product 0072                  ??_setup 0020  
             __pbssBANK0 0031               __pmaintext 01E4                  ?___bmul 0020  
             __pintentry 0004               ??i1___bmul 0071               decimal@VAL 002D  
        __size_of___bmul 0017                  ___awdiv 00D8               decimal@var 002C  
                _decimal 0141                  _centena 0079                  __ptext1 01A8  
                __ptext2 0141                  __ptext3 0204                  __ptext4 00D8  
                __ptext5 0023                  __ptext6 021B                  _contint 0037  
           __size_of_isr 00B5      i1___bmul@multiplier 0073     end_of_initialization 001F  
              _RCSTAbits 0018                _PORTBbits 0006                _TXSTAbits 0098  
         __end_of___bmul 021B              _BAUDCTLbits 0187        __size_ofi1___bmul 0015  
    start_initialization 000F              __end_of_isr 00D8                 ??___bmul 0021  
            __pbssCOMMON 0079                ___latbits 0002            __pcstackBANK0 0020  
              __pnvBANK0 003A                 ?___awdiv 0020                 ?_decimal 0070  
         __size_of_setup 003C        interrupt_function 0004                 _PIE1bits 008C  
  i1___bmul@multiplicand 0070                 _PIR1bits 000C                 i1___bmul 021B  
       __size_of___awdiv 0069         __size_of_decimal 0067            __size_of_main 0020  
             _INTCONbits 000B                 intlevel1 0000               _OSCCONbits 008F  
