

Microchip MPLAB XC8 Assembler V2.31 build 20201012212115 
                                                                                               Wed Aug 11 02:36:40 2021

Microchip MPLAB XC8 C Compiler v2.31 (Free license) build 20201012212115 Og1 
     1                           	processor	16F887
     2                           	pagewidth 120
     3                           	opt	flic
     4                           	psect	cinit,global,class=CODE,merge=1,delta=2
     5                           	psect	bssCOMMON,global,class=COMMON,space=1,delta=1,noexec
     6                           	psect	cstackCOMMON,global,class=COMMON,space=1,delta=1,noexec
     7                           	psect	maintext,global,class=CODE,split=1,delta=2
     8                           	psect	text1,local,class=CODE,merge=1,delta=2
     9                           	psect	text2,local,class=CODE,merge=1,delta=2
    10                           	psect	text3,local,class=CODE,merge=1,delta=2
    11                           	psect	text4,local,class=CODE,merge=1,delta=2
    12                           	psect	intentry,global,class=CODE,delta=2
    13                           	psect	config,global,abs,ovrld,class=CONFIG,space=4,delta=2,noexec
    14                           	dabs	1,0x7E,2
    15  0000                     
    16                           ; Version 2.20
    17                           ; Generated 12/02/2020 GMT
    18                           ; 
    19                           ; Copyright © 2020, Microchip Technology Inc. and its subsidiaries ("Microchip")
    20                           ; All rights reserved.
    21                           ; 
    22                           ; This software is developed by Microchip Technology Inc. and its subsidiaries ("Microch
      +                          ip").
    23                           ; 
    24                           ; Redistribution and use in source and binary forms, with or without modification, are
    25                           ; permitted provided that the following conditions are met:
    26                           ; 
    27                           ;     1. Redistributions of source code must retain the above copyright notice, this lis
      +                          t of
    28                           ;        conditions and the following disclaimer.
    29                           ; 
    30                           ;     2. Redistributions in binary form must reproduce the above copyright notice, this 
      +                          list
    31                           ;        of conditions and the following disclaimer in the documentation and/or other
    32                           ;        materials provided with the distribution.
    33                           ; 
    34                           ;     3. Microchip's name may not be used to endorse or promote products derived from th
      +                          is
    35                           ;        software without specific prior written permission.
    36                           ; 
    37                           ; THIS SOFTWARE IS PROVIDED BY MICROCHIP "AS IS" AND ANY EXPRESS OR IMPLIED WARRANTIES,
    38                           ; INCLUDING, BUT NOT LIMITED TO, THE IMPLIED WARRANTIES OF MERCHANTABILITY AND FITNESS F
      +                          OR
    39                           ; PURPOSE ARE DISCLAIMED.  IN NO EVENT SHALL MICROCHIP BE LIABLE FOR ANY DIRECT, INDIREC
      +                          T,
    40                           ; INCIDENTAL, SPECIAL, EXEMPLARY, OR CONSEQUENTIAL DAMAGES (INCLUDING BUT NOT LIMITED TO
    41                           ; PROCUREMENT OF SUBSTITUTE GOODS OR SERVICES; LOSS OF USE, DATA OR PROFITS; OR BUSINESS
    42                           ; INTERRUPTION) HOWSOEVER CAUSED AND ON ANY THEORY OF LIABILITY, WHETHER IN CONTRACT, ST
      +                          RICT
    43                           ; LIABILITY, OR TORT (INCLUDING NEGLIGENCE OR OTHERWISE) ARISING IN ANY WAY OUT OF THE U
      +                          SE OF
    44                           ; THIS SOFTWARE, EVEN IF ADVISED OF THE POSSIBILITY OF SUCH DAMAGE.
    45                           ; 
    46                           ; 
    47                           ; Code-generator required, PIC16F887 Definitions
    48                           ; 
    49                           ; SFR Addresses
    50  0000                     	;# 
    51  0001                     	;# 
    52  0002                     	;# 
    53  0003                     	;# 
    54  0004                     	;# 
    55  0005                     	;# 
    56  0006                     	;# 
    57  0007                     	;# 
    58  0008                     	;# 
    59  0009                     	;# 
    60  000A                     	;# 
    61  000B                     	;# 
    62  000C                     	;# 
    63  000D                     	;# 
    64  000E                     	;# 
    65  000E                     	;# 
    66  000F                     	;# 
    67  0010                     	;# 
    68  0011                     	;# 
    69  0012                     	;# 
    70  0013                     	;# 
    71  0014                     	;# 
    72  0015                     	;# 
    73  0015                     	;# 
    74  0016                     	;# 
    75  0017                     	;# 
    76  0018                     	;# 
    77  0019                     	;# 
    78  001A                     	;# 
    79  001B                     	;# 
    80  001B                     	;# 
    81  001C                     	;# 
    82  001D                     	;# 
    83  001E                     	;# 
    84  001F                     	;# 
    85  0081                     	;# 
    86  0085                     	;# 
    87  0086                     	;# 
    88  0087                     	;# 
    89  0088                     	;# 
    90  0089                     	;# 
    91  008C                     	;# 
    92  008D                     	;# 
    93  008E                     	;# 
    94  008F                     	;# 
    95  0090                     	;# 
    96  0091                     	;# 
    97  0092                     	;# 
    98  0093                     	;# 
    99  0093                     	;# 
   100  0093                     	;# 
   101  0094                     	;# 
   102  0095                     	;# 
   103  0096                     	;# 
   104  0097                     	;# 
   105  0098                     	;# 
   106  0099                     	;# 
   107  009A                     	;# 
   108  009B                     	;# 
   109  009C                     	;# 
   110  009D                     	;# 
   111  009E                     	;# 
   112  009F                     	;# 
   113  0105                     	;# 
   114  0107                     	;# 
   115  0108                     	;# 
   116  0109                     	;# 
   117  010C                     	;# 
   118  010C                     	;# 
   119  010D                     	;# 
   120  010E                     	;# 
   121  010F                     	;# 
   122  0185                     	;# 
   123  0187                     	;# 
   124  0188                     	;# 
   125  0189                     	;# 
   126  018C                     	;# 
   127  018D                     	;# 
   128  0000                     	;# 
   129  0001                     	;# 
   130  0002                     	;# 
   131  0003                     	;# 
   132  0004                     	;# 
   133  0005                     	;# 
   134  0006                     	;# 
   135  0007                     	;# 
   136  0008                     	;# 
   137  0009                     	;# 
   138  000A                     	;# 
   139  000B                     	;# 
   140  000C                     	;# 
   141  000D                     	;# 
   142  000E                     	;# 
   143  000E                     	;# 
   144  000F                     	;# 
   145  0010                     	;# 
   146  0011                     	;# 
   147  0012                     	;# 
   148  0013                     	;# 
   149  0014                     	;# 
   150  0015                     	;# 
   151  0015                     	;# 
   152  0016                     	;# 
   153  0017                     	;# 
   154  0018                     	;# 
   155  0019                     	;# 
   156  001A                     	;# 
   157  001B                     	;# 
   158  001B                     	;# 
   159  001C                     	;# 
   160  001D                     	;# 
   161  001E                     	;# 
   162  001F                     	;# 
   163  0081                     	;# 
   164  0085                     	;# 
   165  0086                     	;# 
   166  0087                     	;# 
   167  0088                     	;# 
   168  0089                     	;# 
   169  008C                     	;# 
   170  008D                     	;# 
   171  008E                     	;# 
   172  008F                     	;# 
   173  0090                     	;# 
   174  0091                     	;# 
   175  0092                     	;# 
   176  0093                     	;# 
   177  0093                     	;# 
   178  0093                     	;# 
   179  0094                     	;# 
   180  0095                     	;# 
   181  0096                     	;# 
   182  0097                     	;# 
   183  0098                     	;# 
   184  0099                     	;# 
   185  009A                     	;# 
   186  009B                     	;# 
   187  009C                     	;# 
   188  009D                     	;# 
   189  009E                     	;# 
   190  009F                     	;# 
   191  0105                     	;# 
   192  0107                     	;# 
   193  0108                     	;# 
   194  0109                     	;# 
   195  010C                     	;# 
   196  010C                     	;# 
   197  010D                     	;# 
   198  010E                     	;# 
   199  010F                     	;# 
   200  0185                     	;# 
   201  0187                     	;# 
   202  0188                     	;# 
   203  0189                     	;# 
   204  018C                     	;# 
   205  018D                     	;# 
   206  0000                     	;# 
   207  0001                     	;# 
   208  0002                     	;# 
   209  0003                     	;# 
   210  0004                     	;# 
   211  0005                     	;# 
   212  0006                     	;# 
   213  0007                     	;# 
   214  0008                     	;# 
   215  0009                     	;# 
   216  000A                     	;# 
   217  000B                     	;# 
   218  000C                     	;# 
   219  000D                     	;# 
   220  000E                     	;# 
   221  000E                     	;# 
   222  000F                     	;# 
   223  0010                     	;# 
   224  0011                     	;# 
   225  0012                     	;# 
   226  0013                     	;# 
   227  0014                     	;# 
   228  0015                     	;# 
   229  0015                     	;# 
   230  0016                     	;# 
   231  0017                     	;# 
   232  0018                     	;# 
   233  0019                     	;# 
   234  001A                     	;# 
   235  001B                     	;# 
   236  001B                     	;# 
   237  001C                     	;# 
   238  001D                     	;# 
   239  001E                     	;# 
   240  001F                     	;# 
   241  0081                     	;# 
   242  0085                     	;# 
   243  0086                     	;# 
   244  0087                     	;# 
   245  0088                     	;# 
   246  0089                     	;# 
   247  008C                     	;# 
   248  008D                     	;# 
   249  008E                     	;# 
   250  008F                     	;# 
   251  0090                     	;# 
   252  0091                     	;# 
   253  0092                     	;# 
   254  0093                     	;# 
   255  0093                     	;# 
   256  0093                     	;# 
   257  0094                     	;# 
   258  0095                     	;# 
   259  0096                     	;# 
   260  0097                     	;# 
   261  0098                     	;# 
   262  0099                     	;# 
   263  009A                     	;# 
   264  009B                     	;# 
   265  009C                     	;# 
   266  009D                     	;# 
   267  009E                     	;# 
   268  009F                     	;# 
   269  0105                     	;# 
   270  0107                     	;# 
   271  0108                     	;# 
   272  0109                     	;# 
   273  010C                     	;# 
   274  010C                     	;# 
   275  010D                     	;# 
   276  010E                     	;# 
   277  010F                     	;# 
   278  0185                     	;# 
   279  0187                     	;# 
   280  0188                     	;# 
   281  0189                     	;# 
   282  018C                     	;# 
   283  018D                     	;# 
   284  0000                     	;# 
   285  0001                     	;# 
   286  0002                     	;# 
   287  0003                     	;# 
   288  0004                     	;# 
   289  0005                     	;# 
   290  0006                     	;# 
   291  0007                     	;# 
   292  0008                     	;# 
   293  0009                     	;# 
   294  000A                     	;# 
   295  000B                     	;# 
   296  000C                     	;# 
   297  000D                     	;# 
   298  000E                     	;# 
   299  000E                     	;# 
   300  000F                     	;# 
   301  0010                     	;# 
   302  0011                     	;# 
   303  0012                     	;# 
   304  0013                     	;# 
   305  0014                     	;# 
   306  0015                     	;# 
   307  0015                     	;# 
   308  0016                     	;# 
   309  0017                     	;# 
   310  0018                     	;# 
   311  0019                     	;# 
   312  001A                     	;# 
   313  001B                     	;# 
   314  001B                     	;# 
   315  001C                     	;# 
   316  001D                     	;# 
   317  001E                     	;# 
   318  001F                     	;# 
   319  0081                     	;# 
   320  0085                     	;# 
   321  0086                     	;# 
   322  0087                     	;# 
   323  0088                     	;# 
   324  0089                     	;# 
   325  008C                     	;# 
   326  008D                     	;# 
   327  008E                     	;# 
   328  008F                     	;# 
   329  0090                     	;# 
   330  0091                     	;# 
   331  0092                     	;# 
   332  0093                     	;# 
   333  0093                     	;# 
   334  0093                     	;# 
   335  0094                     	;# 
   336  0095                     	;# 
   337  0096                     	;# 
   338  0097                     	;# 
   339  0098                     	;# 
   340  0099                     	;# 
   341  009A                     	;# 
   342  009B                     	;# 
   343  009C                     	;# 
   344  009D                     	;# 
   345  009E                     	;# 
   346  009F                     	;# 
   347  0105                     	;# 
   348  0107                     	;# 
   349  0108                     	;# 
   350  0109                     	;# 
   351  010C                     	;# 
   352  010C                     	;# 
   353  010D                     	;# 
   354  010E                     	;# 
   355  010F                     	;# 
   356  0185                     	;# 
   357  0187                     	;# 
   358  0188                     	;# 
   359  0189                     	;# 
   360  018C                     	;# 
   361  018D                     	;# 
   362  0014                     _SSPCON	set	20
   363  000B                     _INTCONbits	set	11
   364  0007                     _PORTC	set	7
   365  0005                     _PORTA	set	5
   366  0013                     _SSPBUF	set	19
   367  0014                     _SSPCONbits	set	20
   368  001E                     _ADRESH	set	30
   369  0006                     _PORTB	set	6
   370  001F                     _ADCON0bits	set	31
   371  000C                     _PIR1bits	set	12
   372  0063                     _SSPIF	set	99
   373  005E                     _PEIE	set	94
   374  005F                     _GIE	set	95
   375  0091                     _SSPCON2bits	set	145
   376  0094                     _SSPSTAT	set	148
   377  0093                     _SSPADD	set	147
   378  0091                     _SSPCON2	set	145
   379  009F                     _ADCON1bits	set	159
   380  008C                     _PIE1bits	set	140
   381  008F                     _OSCCONbits	set	143
   382  0087                     _TRISCbits	set	135
   383  0086                     _TRISB	set	134
   384  0085                     _TRISAbits	set	133
   385  0094                     _SSPSTATbits	set	148
   386  0463                     _SSPIE	set	1123
   387  043C                     _TRISC4	set	1084
   388  043B                     _TRISC3	set	1083
   389  04A0                     _BF	set	1184
   390  0188                     _ANSEL	set	392
   391                           
   392                           	psect	cinit
   393  000F                     start_initialization:	
   394                           ; #config settings
   395                           
   396  000F                     __initialization:
   397                           
   398                           ; Clear objects allocated to COMMON
   399  000F  01F8               	clrf	__pbssCOMMON& (0+127)
   400  0010  01F9               	clrf	(__pbssCOMMON+1)& (0+127)
   401  0011  01FA               	clrf	(__pbssCOMMON+2)& (0+127)
   402  0012                     end_of_initialization:	
   403                           ;End of C runtime variable initialization code
   404                           
   405  0012                     __end_of__initialization:
   406  0012  0183               	clrf	3
   407  0013  120A  118A  291F   	ljmp	_main	;jump to C main() function
   408                           
   409                           	psect	bssCOMMON
   410  0078                     __pbssCOMMON:
   411  0078                     _z:
   412  0078                     	ds	1
   413  0079                     _VOL:
   414  0079                     	ds	1
   415  007A                     _temp:
   416  007A                     	ds	1
   417                           
   418                           	psect	cstackCOMMON
   419  0070                     __pcstackCOMMON:
   420  0070                     ?_config_ADC:
   421  0070                     ?_I2C_Slave_Init:	
   422                           ; 1 bytes @ 0x0
   423                           
   424  0070                     ?_isr:	
   425                           ; 1 bytes @ 0x0
   426                           
   427  0070                     ??_isr:	
   428                           ; 1 bytes @ 0x0
   429                           
   430  0070                     ?_setup:	
   431                           ; 1 bytes @ 0x0
   432                           
   433  0070                     ?_main:	
   434                           ; 1 bytes @ 0x0
   435                           
   436                           
   437                           ; 1 bytes @ 0x0
   438  0070                     	ds	3
   439  0073                     ??_config_ADC:
   440  0073                     ??_I2C_Slave_Init:	
   441                           ; 1 bytes @ 0x3
   442                           
   443  0073                     I2C_Slave_Init@address:	
   444                           ; 1 bytes @ 0x3
   445                           
   446                           
   447                           ; 1 bytes @ 0x3
   448  0073                     	ds	2
   449  0075                     config_ADC@frec:
   450                           
   451                           ; 1 bytes @ 0x5
   452  0075                     	ds	1
   453  0076                     ??_setup:
   454  0076                     ??_main:	
   455                           ; 1 bytes @ 0x6
   456                           
   457                           
   458                           ; 1 bytes @ 0x6
   459  0076                     	ds	2
   460                           
   461                           	psect	maintext
   462  011F                     __pmaintext:	
   463 ;;
   464 ;;Main: autosize = 0, tempsize = 2, incstack = 0, save=0
   465 ;;
   466 ;; *************** function _main *****************
   467 ;; Defined at:
   468 ;;		line 143 in file "Esclavo_04.c"
   469 ;; Parameters:    Size  Location     Type
   470 ;;		None
   471 ;; Auto vars:     Size  Location     Type
   472 ;;		None
   473 ;; Return value:  Size  Location     Type
   474 ;;                  1    wreg      void 
   475 ;; Registers used:
   476 ;;		wreg, fsr0l, fsr0h, status,2, status,0, pclath, cstack
   477 ;; Tracked objects:
   478 ;;		On entry : B00/0
   479 ;;		On exit  : 0/0
   480 ;;		Unchanged: 0/0
   481 ;; Data sizes:     COMMON   BANK0   BANK1   BANK3   BANK2
   482 ;;      Params:         0       0       0       0       0
   483 ;;      Locals:         0       0       0       0       0
   484 ;;      Temps:          2       0       0       0       0
   485 ;;      Totals:         2       0       0       0       0
   486 ;;Total ram usage:        2 bytes
   487 ;; Hardware stack levels required when called:    3
   488 ;; This function calls:
   489 ;;		_setup
   490 ;; This function is called by:
   491 ;;		Startup code after reset
   492 ;; This function uses a non-reentrant model
   493 ;;
   494                           
   495                           
   496                           ;psect for function _main
   497  011F                     _main:
   498  011F                     l910:	
   499                           ;incstack = 0
   500                           ; Regs used in _main: [wreg-fsr0h+status,2+status,0+pclath+cstack]
   501                           
   502                           
   503                           ;Esclavo_04.c: 144:     setup();
   504  011F  120A  118A  20F7  120A  118A  	fcall	_setup
   505  0124                     l912:
   506                           
   507                           ;Esclavo_04.c: 146:         if(ADCON0bits.GO == 0){
   508  0124  1283               	bcf	3,5	;RP0=0, select bank0
   509  0125  1303               	bcf	3,6	;RP1=0, select bank0
   510  0126  189F               	btfsc	31,1	;volatile
   511  0127  2929               	goto	u141
   512  0128  292A               	goto	u140
   513  0129                     u141:
   514  0129  2924               	goto	l912
   515  012A                     u140:
   516  012A                     l914:
   517                           
   518                           ;Esclavo_04.c: 147:             _delay((unsigned long)((100)*(4000000/4000.0)));
   519  012A  3082               	movlw	130
   520  012B  00F7               	movwf	??_main+1
   521  012C  30DD               	movlw	221
   522  012D  00F6               	movwf	??_main
   523  012E                     u177:
   524  012E  0BF6               	decfsz	??_main,f
   525  012F  292E               	goto	u177
   526  0130  0BF7               	decfsz	??_main+1,f
   527  0131  292E               	goto	u177
   528  0132  2933               	nop2
   529  0133                     l916:
   530                           
   531                           ;Esclavo_04.c: 148:             ADCON0bits.GO = 1;
   532  0133  1283               	bcf	3,5	;RP0=0, select bank0
   533  0134  1303               	bcf	3,6	;RP1=0, select bank0
   534  0135  149F               	bsf	31,1	;volatile
   535  0136  2924               	goto	l912
   536  0137  120A  118A  280C   	ljmp	start
   537  013A                     __end_of_main:
   538                           
   539                           	psect	text1
   540  00F7                     __ptext1:	
   541 ;; *************** function _setup *****************
   542 ;; Defined at:
   543 ;;		line 108 in file "Esclavo_04.c"
   544 ;; Parameters:    Size  Location     Type
   545 ;;		None
   546 ;; Auto vars:     Size  Location     Type
   547 ;;		None
   548 ;; Return value:  Size  Location     Type
   549 ;;                  1    wreg      void 
   550 ;; Registers used:
   551 ;;		wreg, fsr0l, fsr0h, status,2, status,0, pclath, cstack
   552 ;; Tracked objects:
   553 ;;		On entry : 0/0
   554 ;;		On exit  : 0/0
   555 ;;		Unchanged: 0/0
   556 ;; Data sizes:     COMMON   BANK0   BANK1   BANK3   BANK2
   557 ;;      Params:         0       0       0       0       0
   558 ;;      Locals:         0       0       0       0       0
   559 ;;      Temps:          0       0       0       0       0
   560 ;;      Totals:         0       0       0       0       0
   561 ;;Total ram usage:        0 bytes
   562 ;; Hardware stack levels used:    1
   563 ;; Hardware stack levels required when called:    2
   564 ;; This function calls:
   565 ;;		_I2C_Slave_Init
   566 ;;		_config_ADC
   567 ;; This function is called by:
   568 ;;		_main
   569 ;; This function uses a non-reentrant model
   570 ;;
   571                           
   572                           
   573                           ;psect for function _setup
   574  00F7                     _setup:
   575  00F7                     l828:	
   576                           ;incstack = 0
   577                           ; Regs used in _setup: [wreg-fsr0h+status,2+status,0+pclath+cstack]
   578                           
   579                           
   580                           ;Esclavo_04.c: 110:     ANSEL = 0B00000001;
   581  00F7  3001               	movlw	1
   582  00F8  1683               	bsf	3,5	;RP0=1, select bank3
   583  00F9  1703               	bsf	3,6	;RP1=1, select bank3
   584  00FA  0088               	movwf	8	;volatile
   585  00FB                     l830:
   586                           
   587                           ;Esclavo_04.c: 111:     TRISAbits.TRISA0 = 1;
   588  00FB  1683               	bsf	3,5	;RP0=1, select bank1
   589  00FC  1303               	bcf	3,6	;RP1=0, select bank1
   590  00FD  1405               	bsf	5,0	;volatile
   591  00FE                     l832:
   592                           
   593                           ;Esclavo_04.c: 112:     TRISB = 0x00;
   594  00FE  0186               	clrf	6	;volatile
   595  00FF                     l834:
   596                           
   597                           ;Esclavo_04.c: 113:     TRISCbits.TRISC4 = 0;
   598  00FF  1207               	bcf	7,4	;volatile
   599  0100                     l836:
   600                           
   601                           ;Esclavo_04.c: 114:     TRISCbits.TRISC3 = 0;
   602  0100  1187               	bcf	7,3	;volatile
   603  0101                     l838:
   604                           
   605                           ;Esclavo_04.c: 117:     PORTA = 0X00;
   606  0101  1283               	bcf	3,5	;RP0=0, select bank0
   607  0102  1303               	bcf	3,6	;RP1=0, select bank0
   608  0103  0185               	clrf	5	;volatile
   609  0104                     l840:
   610                           
   611                           ;Esclavo_04.c: 118:     PORTB = 0x00;
   612  0104  0186               	clrf	6	;volatile
   613  0105                     l842:
   614                           
   615                           ;Esclavo_04.c: 119:     PORTC = 0X00;
   616  0105  0187               	clrf	7	;volatile
   617  0106                     l844:
   618                           
   619                           ;Esclavo_04.c: 121:     config_ADC(1);
   620  0106  3001               	movlw	1
   621  0107  120A  118A  2092  120A  118A  	fcall	_config_ADC
   622  010C                     l846:
   623                           
   624                           ;Esclavo_04.c: 124:     OSCCONbits.SCS = 1;
   625  010C  1683               	bsf	3,5	;RP0=1, select bank1
   626  010D  1303               	bcf	3,6	;RP1=0, select bank1
   627  010E  140F               	bsf	15,0	;volatile
   628  010F                     l848:
   629                           
   630                           ;Esclavo_04.c: 125:     OSCCONbits.IRCF2 = 1;
   631  010F  170F               	bsf	15,6	;volatile
   632  0110                     l850:
   633                           
   634                           ;Esclavo_04.c: 126:     OSCCONbits.IRCF1 = 1;
   635  0110  168F               	bsf	15,5	;volatile
   636  0111                     l852:
   637                           
   638                           ;Esclavo_04.c: 127:     OSCCONbits.IRCF0 = 0;
   639  0111  120F               	bcf	15,4	;volatile
   640  0112                     l854:
   641                           
   642                           ;Esclavo_04.c: 130:     INTCONbits.GIE = 1;
   643  0112  178B               	bsf	11,7	;volatile
   644  0113                     l856:
   645                           
   646                           ;Esclavo_04.c: 131:     INTCONbits.PEIE = 1;
   647  0113  170B               	bsf	11,6	;volatile
   648  0114                     l858:
   649                           
   650                           ;Esclavo_04.c: 132:     PIE1bits.ADIE = 1;
   651  0114  170C               	bsf	12,6	;volatile
   652  0115                     l860:
   653                           
   654                           ;Esclavo_04.c: 133:     PIR1bits.ADIF = 0;
   655  0115  1283               	bcf	3,5	;RP0=0, select bank0
   656  0116  1303               	bcf	3,6	;RP1=0, select bank0
   657  0117  130C               	bcf	12,6	;volatile
   658  0118                     l862:
   659                           
   660                           ;Esclavo_04.c: 136:     I2C_Slave_Init(0x50);
   661  0118  3050               	movlw	80
   662  0119  120A  118A  213A  120A  118A  	fcall	_I2C_Slave_Init
   663  011E                     l69:
   664  011E  0008               	return
   665  011F                     __end_of_setup:
   666                           
   667                           	psect	text2
   668  0092                     __ptext2:	
   669 ;; *************** function _config_ADC *****************
   670 ;; Defined at:
   671 ;;		line 15 in file "config_ADC.c"
   672 ;; Parameters:    Size  Location     Type
   673 ;;  frec            1    wreg     unsigned char 
   674 ;; Auto vars:     Size  Location     Type
   675 ;;  frec            1    5[COMMON] unsigned char 
   676 ;; Return value:  Size  Location     Type
   677 ;;                  1    wreg      void 
   678 ;; Registers used:
   679 ;;		wreg, fsr0l, fsr0h, status,2, status,0
   680 ;; Tracked objects:
   681 ;;		On entry : 0/0
   682 ;;		On exit  : 0/0
   683 ;;		Unchanged: 0/0
   684 ;; Data sizes:     COMMON   BANK0   BANK1   BANK3   BANK2
   685 ;;      Params:         0       0       0       0       0
   686 ;;      Locals:         1       0       0       0       0
   687 ;;      Temps:          2       0       0       0       0
   688 ;;      Totals:         3       0       0       0       0
   689 ;;Total ram usage:        3 bytes
   690 ;; Hardware stack levels used:    1
   691 ;; Hardware stack levels required when called:    1
   692 ;; This function calls:
   693 ;;		Nothing
   694 ;; This function is called by:
   695 ;;		_setup
   696 ;; This function uses a non-reentrant model
   697 ;;
   698                           
   699                           
   700                           ;psect for function _config_ADC
   701  0092                     _config_ADC:
   702                           
   703                           ;incstack = 0
   704                           ; Regs used in _config_ADC: [wreg-fsr0h+status,2+status,0]
   705                           ;config_ADC@frec stored from wreg
   706  0092  00F5               	movwf	config_ADC@frec
   707  0093                     l740:
   708                           
   709                           ;config_ADC.c: 16:     switch(frec){
   710  0093  28E0               	goto	l808
   711  0094                     l742:
   712                           
   713                           ;config_ADC.c: 18:             ADCON0bits.CHS = 0;
   714  0094  30C3               	movlw	-61
   715  0095  1283               	bcf	3,5	;RP0=0, select bank0
   716  0096  1303               	bcf	3,6	;RP1=0, select bank0
   717  0097  059F               	andwf	31,f	;volatile
   718  0098                     l744:
   719                           
   720                           ;config_ADC.c: 19:             _delay((unsigned long)((100)*(4000000/4000000.0)));
   721  0098  3021               	movlw	33
   722  0099  00F3               	movwf	??_config_ADC
   723  009A                     u187:
   724  009A  0BF3               	decfsz	??_config_ADC,f
   725  009B  289A               	goto	u187
   726  009C                     l746:
   727                           
   728                           ;config_ADC.c: 20:             ADCON0bits.ADCS0 = 0;
   729  009C  1283               	bcf	3,5	;RP0=0, select bank0
   730  009D  1303               	bcf	3,6	;RP1=0, select bank0
   731  009E  131F               	bcf	31,6	;volatile
   732  009F                     l748:
   733                           
   734                           ;config_ADC.c: 21:             ADCON0bits.ADCS1 = 0;
   735  009F  139F               	bcf	31,7	;volatile
   736  00A0                     l750:
   737                           
   738                           ;config_ADC.c: 22:             ADCON0bits.ADON = 1;
   739  00A0  141F               	bsf	31,0	;volatile
   740  00A1                     l752:
   741                           
   742                           ;config_ADC.c: 23:             ADCON1bits.ADFM = 0;
   743  00A1  1683               	bsf	3,5	;RP0=1, select bank1
   744  00A2  1303               	bcf	3,6	;RP1=0, select bank1
   745  00A3  139F               	bcf	31,7	;volatile
   746  00A4                     l754:
   747                           
   748                           ;config_ADC.c: 24:             ADCON1bits.VCFG1 = 0;
   749  00A4  129F               	bcf	31,5	;volatile
   750  00A5                     l756:
   751                           
   752                           ;config_ADC.c: 25:             ADCON1bits.VCFG0 = 0;
   753  00A5  121F               	bcf	31,4	;volatile
   754                           
   755                           ;config_ADC.c: 26:             break;
   756  00A6  28F6               	goto	l93
   757  00A7                     l758:
   758                           
   759                           ;config_ADC.c: 29:             ADCON0bits.CHS = 0;
   760  00A7  30C3               	movlw	-61
   761  00A8  1283               	bcf	3,5	;RP0=0, select bank0
   762  00A9  1303               	bcf	3,6	;RP1=0, select bank0
   763  00AA  059F               	andwf	31,f	;volatile
   764  00AB                     l760:
   765                           
   766                           ;config_ADC.c: 30:             _delay((unsigned long)((100)*(4000000/4000000.0)));
   767  00AB  3021               	movlw	33
   768  00AC  00F3               	movwf	??_config_ADC
   769  00AD                     u197:
   770  00AD  0BF3               	decfsz	??_config_ADC,f
   771  00AE  28AD               	goto	u197
   772  00AF                     l762:
   773                           
   774                           ;config_ADC.c: 32:             ADCON0bits.ADCS0 = 1;
   775  00AF  1283               	bcf	3,5	;RP0=0, select bank0
   776  00B0  1303               	bcf	3,6	;RP1=0, select bank0
   777  00B1  171F               	bsf	31,6	;volatile
   778  00B2                     l764:
   779                           
   780                           ;config_ADC.c: 33:             ADCON0bits.ADCS1 = 0;
   781  00B2  139F               	bcf	31,7	;volatile
   782  00B3                     l766:
   783                           
   784                           ;config_ADC.c: 34:             ADCON0bits.ADON = 1;
   785  00B3  141F               	bsf	31,0	;volatile
   786  00B4                     l768:
   787                           
   788                           ;config_ADC.c: 35:             ADCON1bits.ADFM = 0;
   789  00B4  1683               	bsf	3,5	;RP0=1, select bank1
   790  00B5  1303               	bcf	3,6	;RP1=0, select bank1
   791  00B6  139F               	bcf	31,7	;volatile
   792  00B7                     l770:
   793                           
   794                           ;config_ADC.c: 36:             ADCON1bits.VCFG1 = 0;
   795  00B7  129F               	bcf	31,5	;volatile
   796  00B8                     l772:
   797                           
   798                           ;config_ADC.c: 37:             ADCON1bits.VCFG0 = 0;
   799  00B8  121F               	bcf	31,4	;volatile
   800                           
   801                           ;config_ADC.c: 38:             break;
   802  00B9  28F6               	goto	l93
   803  00BA                     l774:
   804                           
   805                           ;config_ADC.c: 40:             ADCON0bits.CHS = 0;
   806  00BA  30C3               	movlw	-61
   807  00BB  1283               	bcf	3,5	;RP0=0, select bank0
   808  00BC  1303               	bcf	3,6	;RP1=0, select bank0
   809  00BD  059F               	andwf	31,f	;volatile
   810  00BE                     l776:
   811                           
   812                           ;config_ADC.c: 41:             _delay((unsigned long)((100)*(4000000/4000000.0)));
   813  00BE  3021               	movlw	33
   814  00BF  00F3               	movwf	??_config_ADC
   815  00C0                     u207:
   816  00C0  0BF3               	decfsz	??_config_ADC,f
   817  00C1  28C0               	goto	u207
   818  00C2                     l778:
   819                           
   820                           ;config_ADC.c: 43:             ADCON0bits.ADCS0 = 0;
   821  00C2  1283               	bcf	3,5	;RP0=0, select bank0
   822  00C3  1303               	bcf	3,6	;RP1=0, select bank0
   823  00C4  131F               	bcf	31,6	;volatile
   824  00C5                     l780:
   825                           
   826                           ;config_ADC.c: 44:             ADCON0bits.ADCS1 = 1;
   827  00C5  179F               	bsf	31,7	;volatile
   828  00C6                     l782:
   829                           
   830                           ;config_ADC.c: 45:             ADCON0bits.ADON = 1;
   831  00C6  141F               	bsf	31,0	;volatile
   832  00C7                     l784:
   833                           
   834                           ;config_ADC.c: 46:             ADCON1bits.ADFM = 0;
   835  00C7  1683               	bsf	3,5	;RP0=1, select bank1
   836  00C8  1303               	bcf	3,6	;RP1=0, select bank1
   837  00C9  139F               	bcf	31,7	;volatile
   838  00CA                     l786:
   839                           
   840                           ;config_ADC.c: 47:             ADCON1bits.VCFG1 = 0;
   841  00CA  129F               	bcf	31,5	;volatile
   842  00CB                     l788:
   843                           
   844                           ;config_ADC.c: 48:             ADCON1bits.VCFG0 = 0;
   845  00CB  121F               	bcf	31,4	;volatile
   846                           
   847                           ;config_ADC.c: 49:             break;
   848  00CC  28F6               	goto	l93
   849  00CD                     l790:
   850                           
   851                           ;config_ADC.c: 51:             ADCON0bits.CHS = 0;
   852  00CD  30C3               	movlw	-61
   853  00CE  1283               	bcf	3,5	;RP0=0, select bank0
   854  00CF  1303               	bcf	3,6	;RP1=0, select bank0
   855  00D0  059F               	andwf	31,f	;volatile
   856  00D1                     l792:
   857                           
   858                           ;config_ADC.c: 52:             _delay((unsigned long)((100)*(4000000/4000000.0)));
   859  00D1  3021               	movlw	33
   860  00D2  00F3               	movwf	??_config_ADC
   861  00D3                     u217:
   862  00D3  0BF3               	decfsz	??_config_ADC,f
   863  00D4  28D3               	goto	u217
   864  00D5                     l794:
   865                           
   866                           ;config_ADC.c: 54:             ADCON0bits.ADCS0 = 1;
   867  00D5  1283               	bcf	3,5	;RP0=0, select bank0
   868  00D6  1303               	bcf	3,6	;RP1=0, select bank0
   869  00D7  171F               	bsf	31,6	;volatile
   870  00D8                     l796:
   871                           
   872                           ;config_ADC.c: 55:             ADCON0bits.ADCS1 = 1;
   873  00D8  179F               	bsf	31,7	;volatile
   874  00D9                     l798:
   875                           
   876                           ;config_ADC.c: 56:             ADCON0bits.ADON = 1;
   877  00D9  141F               	bsf	31,0	;volatile
   878  00DA                     l800:
   879                           
   880                           ;config_ADC.c: 57:             ADCON1bits.ADFM = 0;
   881  00DA  1683               	bsf	3,5	;RP0=1, select bank1
   882  00DB  1303               	bcf	3,6	;RP1=0, select bank1
   883  00DC  139F               	bcf	31,7	;volatile
   884  00DD                     l802:
   885                           
   886                           ;config_ADC.c: 58:             ADCON1bits.VCFG1 = 0;
   887  00DD  129F               	bcf	31,5	;volatile
   888  00DE                     l804:
   889                           
   890                           ;config_ADC.c: 59:             ADCON1bits.VCFG0 = 0;
   891  00DE  121F               	bcf	31,4	;volatile
   892                           
   893                           ;config_ADC.c: 60:             break;
   894  00DF  28F6               	goto	l93
   895  00E0                     l808:
   896  00E0  0875               	movf	config_ADC@frec,w
   897  00E1  00F3               	movwf	??_config_ADC
   898  00E2  01F4               	clrf	??_config_ADC+1
   899                           
   900                           ; Switch on 2 bytes has been partitioned into a top level switch of size 1, and 1 sub-sw
      +                          itches
   901                           ; Switch size 1, requested type "simple"
   902                           ; Number of cases is 1, Range of values is 0 to 0
   903                           ; switch strategies available:
   904                           ; Name         Instructions Cycles
   905                           ; simple_byte            4     3 (average)
   906                           ; direct_byte           11     8 (fixed)
   907                           ; jumptable            260     6 (fixed)
   908                           ;	Chosen strategy is simple_byte
   909  00E3  0874               	movf	??_config_ADC+1,w
   910  00E4  3A00               	xorlw	0	; case 0
   911  00E5  1903               	skipnz
   912  00E6  28E8               	goto	l978
   913  00E7  28F6               	goto	l93
   914  00E8                     l978:
   915                           
   916                           ; Switch size 1, requested type "simple"
   917                           ; Number of cases is 4, Range of values is 0 to 3
   918                           ; switch strategies available:
   919                           ; Name         Instructions Cycles
   920                           ; simple_byte           13     7 (average)
   921                           ; direct_byte           20     8 (fixed)
   922                           ; jumptable            260     6 (fixed)
   923                           ;	Chosen strategy is simple_byte
   924  00E8  0873               	movf	??_config_ADC,w
   925  00E9  3A00               	xorlw	0	; case 0
   926  00EA  1903               	skipnz
   927  00EB  2894               	goto	l742
   928  00EC  3A01               	xorlw	1	; case 1
   929  00ED  1903               	skipnz
   930  00EE  28A7               	goto	l758
   931  00EF  3A03               	xorlw	3	; case 2
   932  00F0  1903               	skipnz
   933  00F1  28BA               	goto	l774
   934  00F2  3A01               	xorlw	1	; case 3
   935  00F3  1903               	skipnz
   936  00F4  28CD               	goto	l790
   937  00F5  28F6               	goto	l93
   938  00F6                     l93:
   939  00F6  0008               	return
   940  00F7                     __end_of_config_ADC:
   941                           
   942                           	psect	text3
   943  013A                     __ptext3:	
   944 ;; *************** function _I2C_Slave_Init *****************
   945 ;; Defined at:
   946 ;;		line 92 in file "I2C.c"
   947 ;; Parameters:    Size  Location     Type
   948 ;;  address         1    wreg     unsigned char 
   949 ;; Auto vars:     Size  Location     Type
   950 ;;  address         1    3[COMMON] unsigned char 
   951 ;; Return value:  Size  Location     Type
   952 ;;                  1    wreg      void 
   953 ;; Registers used:
   954 ;;		wreg
   955 ;; Tracked objects:
   956 ;;		On entry : 0/0
   957 ;;		On exit  : 0/0
   958 ;;		Unchanged: 0/0
   959 ;; Data sizes:     COMMON   BANK0   BANK1   BANK3   BANK2
   960 ;;      Params:         0       0       0       0       0
   961 ;;      Locals:         1       0       0       0       0
   962 ;;      Temps:          0       0       0       0       0
   963 ;;      Totals:         1       0       0       0       0
   964 ;;Total ram usage:        1 bytes
   965 ;; Hardware stack levels used:    1
   966 ;; Hardware stack levels required when called:    1
   967 ;; This function calls:
   968 ;;		Nothing
   969 ;; This function is called by:
   970 ;;		_setup
   971 ;; This function uses a non-reentrant model
   972 ;;
   973                           
   974                           
   975                           ;psect for function _I2C_Slave_Init
   976  013A                     _I2C_Slave_Init:
   977                           
   978                           ;incstack = 0
   979                           ; Regs used in _I2C_Slave_Init: [wreg]
   980                           ;I2C_Slave_Init@address stored from wreg
   981  013A  00F3               	movwf	I2C_Slave_Init@address
   982  013B                     l814:
   983                           
   984                           ;I2C.c: 92: void I2C_Slave_Init(uint8_t address);I2C.c: 93: {;I2C.c: 94:     SSPADD = ad
      +                          dress;
   985  013B  0873               	movf	I2C_Slave_Init@address,w
   986  013C  1683               	bsf	3,5	;RP0=1, select bank1
   987  013D  1303               	bcf	3,6	;RP1=0, select bank1
   988  013E  0093               	movwf	19	;volatile
   989                           
   990                           ;I2C.c: 95:     SSPCON = 0x36;
   991  013F  3036               	movlw	54
   992  0140  1283               	bcf	3,5	;RP0=0, select bank0
   993  0141  1303               	bcf	3,6	;RP1=0, select bank0
   994  0142  0094               	movwf	20	;volatile
   995                           
   996                           ;I2C.c: 96:     SSPSTAT = 0x80;
   997  0143  3080               	movlw	128
   998  0144  1683               	bsf	3,5	;RP0=1, select bank1
   999  0145  1303               	bcf	3,6	;RP1=0, select bank1
  1000  0146  0094               	movwf	20	;volatile
  1001                           
  1002                           ;I2C.c: 97:     SSPCON2 = 0x01;
  1003  0147  3001               	movlw	1
  1004  0148  0091               	movwf	17	;volatile
  1005  0149                     l816:
  1006                           
  1007                           ;I2C.c: 98:     TRISC3 = 1;
  1008  0149  1587               	bsf	7,3	;volatile
  1009  014A                     l818:
  1010                           
  1011                           ;I2C.c: 99:     TRISC4 = 1;
  1012  014A  1607               	bsf	7,4	;volatile
  1013  014B                     l820:
  1014                           
  1015                           ;I2C.c: 100:     GIE = 1;
  1016  014B  178B               	bsf	11,7	;volatile
  1017  014C                     l822:
  1018                           
  1019                           ;I2C.c: 101:     PEIE = 1;
  1020  014C  170B               	bsf	11,6	;volatile
  1021  014D                     l824:
  1022                           
  1023                           ;I2C.c: 102:     SSPIF = 0;
  1024  014D  1283               	bcf	3,5	;RP0=0, select bank0
  1025  014E  1303               	bcf	3,6	;RP1=0, select bank0
  1026  014F  118C               	bcf	12,3	;volatile
  1027  0150                     l826:
  1028                           
  1029                           ;I2C.c: 103:     SSPIE = 1;
  1030  0150  1683               	bsf	3,5	;RP0=1, select bank1
  1031  0151  1303               	bcf	3,6	;RP1=0, select bank1
  1032  0152  158C               	bsf	12,3	;volatile
  1033  0153                     l148:
  1034  0153  0008               	return
  1035  0154                     __end_of_I2C_Slave_Init:
  1036                           
  1037                           	psect	text4
  1038  0016                     __ptext4:	
  1039 ;; *************** function _isr *****************
  1040 ;; Defined at:
  1041 ;;		line 64 in file "Esclavo_04.c"
  1042 ;; Parameters:    Size  Location     Type
  1043 ;;		None
  1044 ;; Auto vars:     Size  Location     Type
  1045 ;;		None
  1046 ;; Return value:  Size  Location     Type
  1047 ;;                  1    wreg      void 
  1048 ;; Registers used:
  1049 ;;		wreg, status,2, status,0
  1050 ;; Tracked objects:
  1051 ;;		On entry : 0/0
  1052 ;;		On exit  : 0/0
  1053 ;;		Unchanged: 0/0
  1054 ;; Data sizes:     COMMON   BANK0   BANK1   BANK3   BANK2
  1055 ;;      Params:         0       0       0       0       0
  1056 ;;      Locals:         0       0       0       0       0
  1057 ;;      Temps:          3       0       0       0       0
  1058 ;;      Totals:         3       0       0       0       0
  1059 ;;Total ram usage:        3 bytes
  1060 ;; Hardware stack levels used:    1
  1061 ;; This function calls:
  1062 ;;		Nothing
  1063 ;; This function is called by:
  1064 ;;		Interrupt level 1
  1065 ;; This function uses a non-reentrant model
  1066 ;;
  1067                           
  1068                           
  1069                           ;psect for function _isr
  1070  0016                     _isr:
  1071  0016                     i1l868:
  1072                           
  1073                           ;Esclavo_04.c: 65:     if(PIR1bits.ADIF == 1){
  1074  0016  1283               	bcf	3,5	;RP0=0, select bank0
  1075  0017  1303               	bcf	3,6	;RP1=0, select bank0
  1076  0018  1F0C               	btfss	12,6	;volatile
  1077  0019  281B               	goto	u3_21
  1078  001A  281C               	goto	u3_20
  1079  001B                     u3_21:
  1080  001B  282C               	goto	i1l876
  1081  001C                     u3_20:
  1082  001C                     i1l870:
  1083                           
  1084                           ;Esclavo_04.c: 66:         if(ADCON0bits.CHS == 0){
  1085  001C  0C1F               	rrf	31,w	;volatile
  1086  001D  00F0               	movwf	??_isr
  1087  001E  0C70               	rrf	??_isr,w
  1088  001F  390F               	andlw	15
  1089  0020  3A00               	xorlw	0
  1090  0021  1D03               	skipz
  1091  0022  2824               	goto	u4_21
  1092  0023  2825               	goto	u4_20
  1093  0024                     u4_21:
  1094  0024  282B               	goto	i1l874
  1095  0025                     u4_20:
  1096  0025                     i1l872:
  1097                           
  1098                           ;Esclavo_04.c: 67:             PORTB = ADRESH;
  1099  0025  081E               	movf	30,w	;volatile
  1100  0026  0086               	movwf	6	;volatile
  1101                           
  1102                           ;Esclavo_04.c: 68:             VOL = ADRESH;
  1103  0027  081E               	movf	30,w	;volatile
  1104  0028  00F0               	movwf	??_isr
  1105  0029  0870               	movf	??_isr,w
  1106  002A  00F9               	movwf	_VOL
  1107  002B                     i1l874:
  1108                           
  1109                           ;Esclavo_04.c: 70:         PIR1bits.ADIF = 0;
  1110  002B  130C               	bcf	12,6	;volatile
  1111  002C                     i1l876:
  1112                           
  1113                           ;Esclavo_04.c: 73:     if(PIR1bits.SSPIF == 1){
  1114  002C  1D8C               	btfss	12,3	;volatile
  1115  002D  282F               	goto	u5_21
  1116  002E  2830               	goto	u5_20
  1117  002F                     u5_21:
  1118  002F  288B               	goto	i1l66
  1119  0030                     u5_20:
  1120  0030                     i1l878:
  1121                           
  1122                           ;Esclavo_04.c: 74:         SSPCONbits.CKP = 0;
  1123  0030  1214               	bcf	20,4	;volatile
  1124                           
  1125                           ;Esclavo_04.c: 76:         if ((SSPCONbits.SSPOV) || (SSPCONbits.WCOL)){
  1126  0031  1B14               	btfsc	20,6	;volatile
  1127  0032  2834               	goto	u6_21
  1128  0033  2835               	goto	u6_20
  1129  0034                     u6_21:
  1130  0034  2839               	goto	i1l882
  1131  0035                     u6_20:
  1132  0035                     i1l880:
  1133  0035  1F94               	btfss	20,7	;volatile
  1134  0036  2838               	goto	u7_21
  1135  0037  2839               	goto	u7_20
  1136  0038                     u7_21:
  1137  0038  2840               	goto	i1l890
  1138  0039                     u7_20:
  1139  0039                     i1l882:
  1140                           
  1141                           ;Esclavo_04.c: 77:             z = SSPBUF;
  1142  0039  0813               	movf	19,w	;volatile
  1143  003A  00F0               	movwf	??_isr
  1144  003B  0870               	movf	??_isr,w
  1145  003C  00F8               	movwf	_z
  1146  003D                     i1l884:
  1147                           
  1148                           ;Esclavo_04.c: 78:             SSPCONbits.SSPOV = 0;
  1149  003D  1314               	bcf	20,6	;volatile
  1150  003E                     i1l886:
  1151                           
  1152                           ;Esclavo_04.c: 79:             SSPCONbits.WCOL = 0;
  1153  003E  1394               	bcf	20,7	;volatile
  1154  003F                     i1l888:
  1155                           
  1156                           ;Esclavo_04.c: 80:             SSPCONbits.CKP = 1;
  1157  003F  1614               	bsf	20,4	;volatile
  1158  0040                     i1l890:
  1159                           
  1160                           ;Esclavo_04.c: 83:         if(!SSPSTATbits.D_nA && !SSPSTATbits.R_nW) {
  1161  0040  1683               	bsf	3,5	;RP0=1, select bank1
  1162  0041  1303               	bcf	3,6	;RP1=0, select bank1
  1163  0042  1A94               	btfsc	20,5	;volatile
  1164  0043  2845               	goto	u8_21
  1165  0044  2846               	goto	u8_20
  1166  0045                     u8_21:
  1167  0045  2869               	goto	i1l57
  1168  0046                     u8_20:
  1169  0046                     i1l892:
  1170  0046  1914               	btfsc	20,2	;volatile
  1171  0047  2849               	goto	u9_21
  1172  0048  284A               	goto	u9_20
  1173  0049                     u9_21:
  1174  0049  2869               	goto	i1l57
  1175  004A                     u9_20:
  1176  004A                     i1l894:
  1177                           
  1178                           ;Esclavo_04.c: 84:             z = SSPBUF;
  1179  004A  1283               	bcf	3,5	;RP0=0, select bank0
  1180  004B  1303               	bcf	3,6	;RP1=0, select bank0
  1181  004C  0813               	movf	19,w	;volatile
  1182  004D  00F0               	movwf	??_isr
  1183  004E  0870               	movf	??_isr,w
  1184  004F  00F8               	movwf	_z
  1185  0050                     i1l896:
  1186                           
  1187                           ;Esclavo_04.c: 85:             PIR1bits.SSPIF = 0;
  1188  0050  118C               	bcf	12,3	;volatile
  1189  0051                     i1l898:
  1190                           
  1191                           ;Esclavo_04.c: 86:             SSPCONbits.CKP = 1;
  1192  0051  1614               	bsf	20,4	;volatile
  1193  0052                     i1l58:	
  1194                           ;Esclavo_04.c: 87:             while(!SSPSTATbits.BF);
  1195                           
  1196  0052  1683               	bsf	3,5	;RP0=1, select bank1
  1197  0053  1303               	bcf	3,6	;RP1=0, select bank1
  1198  0054  1C14               	btfss	20,0	;volatile
  1199  0055  2857               	goto	u10_21
  1200  0056  2858               	goto	u10_20
  1201  0057                     u10_21:
  1202  0057  2852               	goto	i1l58
  1203  0058                     u10_20:
  1204  0058                     i1l900:
  1205                           
  1206                           ;Esclavo_04.c: 88:             VOL = SSPBUF;
  1207  0058  1283               	bcf	3,5	;RP0=0, select bank0
  1208  0059  1303               	bcf	3,6	;RP1=0, select bank0
  1209  005A  0813               	movf	19,w	;volatile
  1210  005B  00F0               	movwf	??_isr
  1211  005C  0870               	movf	??_isr,w
  1212  005D  00F9               	movwf	_VOL
  1213                           
  1214                           ;Esclavo_04.c: 89:             _delay((unsigned long)((250)*(4000000/4000000.0)));
  1215  005E  3053               	movlw	83
  1216  005F  00F0               	movwf	??_isr
  1217  0060                     u22_27:
  1218  0060  0BF0               	decfsz	??_isr,f
  1219  0061  2860               	goto	u22_27
  1220                           
  1221                           ;Esclavo_04.c: 90:             temp = SSPBUF;
  1222  0062  1283               	bcf	3,5	;RP0=0, select bank0
  1223  0063  1303               	bcf	3,6	;RP1=0, select bank0
  1224  0064  0813               	movf	19,w	;volatile
  1225  0065  00F0               	movwf	??_isr
  1226  0066  0870               	movf	??_isr,w
  1227  0067  00FA               	movwf	_temp
  1228                           
  1229                           ;Esclavo_04.c: 91:         }
  1230  0068  2889               	goto	i1l61
  1231  0069                     i1l57:	
  1232                           ;Esclavo_04.c: 93:         else if(!SSPSTATbits.D_nA && SSPSTATbits.R_nW){
  1233                           
  1234  0069  1A94               	btfsc	20,5	;volatile
  1235  006A  286C               	goto	u11_21
  1236  006B  286D               	goto	u11_20
  1237  006C                     u11_21:
  1238  006C  2889               	goto	i1l61
  1239  006D                     u11_20:
  1240  006D                     i1l902:
  1241  006D  1D14               	btfss	20,2	;volatile
  1242  006E  2870               	goto	u12_21
  1243  006F  2871               	goto	u12_20
  1244  0070                     u12_21:
  1245  0070  2889               	goto	i1l61
  1246  0071                     u12_20:
  1247  0071                     i1l904:
  1248                           
  1249                           ;Esclavo_04.c: 94:             z = SSPBUF;
  1250  0071  1283               	bcf	3,5	;RP0=0, select bank0
  1251  0072  1303               	bcf	3,6	;RP1=0, select bank0
  1252  0073  0813               	movf	19,w	;volatile
  1253  0074  00F0               	movwf	??_isr
  1254  0075  0870               	movf	??_isr,w
  1255  0076  00F8               	movwf	_z
  1256  0077                     i1l906:
  1257                           
  1258                           ;Esclavo_04.c: 95:             BF = 0;
  1259  0077  1683               	bsf	3,5	;RP0=1, select bank1
  1260  0078  1303               	bcf	3,6	;RP1=0, select bank1
  1261  0079  1014               	bcf	20,0	;volatile
  1262                           
  1263                           ;Esclavo_04.c: 96:             SSPBUF = VOL;
  1264  007A  0879               	movf	_VOL,w
  1265  007B  1283               	bcf	3,5	;RP0=0, select bank0
  1266  007C  1303               	bcf	3,6	;RP1=0, select bank0
  1267  007D  0093               	movwf	19	;volatile
  1268  007E                     i1l908:
  1269                           
  1270                           ;Esclavo_04.c: 97:             SSPCONbits.CKP = 1;
  1271  007E  1614               	bsf	20,4	;volatile
  1272                           
  1273                           ;Esclavo_04.c: 98:             _delay((unsigned long)((250)*(4000000/4000000.0)));
  1274  007F  3053               	movlw	83
  1275  0080  00F0               	movwf	??_isr
  1276  0081                     u23_27:
  1277  0081  0BF0               	decfsz	??_isr,f
  1278  0082  2881               	goto	u23_27
  1279  0083                     i1l63:	
  1280                           ;Esclavo_04.c: 99:             while(SSPSTATbits.BF);
  1281                           
  1282  0083  1683               	bsf	3,5	;RP0=1, select bank1
  1283  0084  1303               	bcf	3,6	;RP1=0, select bank1
  1284  0085  1814               	btfsc	20,0	;volatile
  1285  0086  2888               	goto	u13_21
  1286  0087  2889               	goto	u13_20
  1287  0088                     u13_21:
  1288  0088  2883               	goto	i1l63
  1289  0089                     u13_20:
  1290  0089                     i1l61:
  1291                           
  1292                           ;Esclavo_04.c: 101:         PIR1bits.SSPIF = 0;
  1293  0089  1283               	bcf	3,5	;RP0=0, select bank0
  1294  008A  118C               	bcf	12,3	;volatile
  1295  008B                     i1l66:
  1296  008B  0872               	movf	??_isr+2,w
  1297  008C  008A               	movwf	10
  1298  008D  0E71               	swapf	??_isr+1,w
  1299  008E  0083               	movwf	3
  1300  008F  0EFE               	swapf	btemp,f
  1301  0090  0E7E               	swapf	btemp,w
  1302  0091  0009               	retfie
  1303  0092                     __end_of_isr:
  1304  007E                     btemp	set	126	;btemp
  1305  007E                     wtemp0	set	126
  1306                           
  1307                           	psect	intentry
  1308  0004                     __pintentry:	
  1309                           ;incstack = 0
  1310                           ; Regs used in _isr: [wreg+status,2+status,0]
  1311                           
  1312  0004                     interrupt_function:
  1313  007E                     saved_w	set	btemp
  1314  0004  00FE               	movwf	btemp
  1315  0005  0E03               	swapf	3,w
  1316  0006  00F1               	movwf	??_isr+1
  1317  0007  080A               	movf	10,w
  1318  0008  00F2               	movwf	??_isr+2
  1319  0009  120A  118A  2816   	ljmp	_isr
  1320                           
  1321                           	psect	config
  1322                           
  1323                           ;Config register CONFIG1 @ 0x2007
  1324                           ;	Oscillator Selection bits
  1325                           ;	FOSC = INTRC_NOCLKOUT, INTOSCIO oscillator: I/O function on RA6/OSC2/CLKOUT pin, I/O f
      +                          unction on RA7/OSC1/CLKIN
  1326                           ;	Watchdog Timer Enable bit
  1327                           ;	WDTE = OFF, WDT disabled and can be enabled by SWDTEN bit of the WDTCON register
  1328                           ;	Power-up Timer Enable bit
  1329                           ;	PWRTE = OFF, PWRT disabled
  1330                           ;	RE3/MCLR pin function select bit
  1331                           ;	MCLRE = OFF, RE3/MCLR pin function is digital input, MCLR internally tied to VDD
  1332                           ;	Code Protection bit
  1333                           ;	CP = OFF, Program memory code protection is disabled
  1334                           ;	Data Code Protection bit
  1335                           ;	CPD = OFF, Data memory code protection is disabled
  1336                           ;	Brown Out Reset Selection bits
  1337                           ;	BOREN = OFF, BOR disabled
  1338                           ;	Internal External Switchover bit
  1339                           ;	IESO = OFF, Internal/External Switchover mode is disabled
  1340                           ;	Fail-Safe Clock Monitor Enabled bit
  1341                           ;	FCMEN = OFF, Fail-Safe Clock Monitor is disabled
  1342                           ;	Low Voltage Programming Enable bit
  1343                           ;	LVP = OFF, RB3 pin has digital I/O, HV on MCLR must be used for programming
  1344                           ;	In-Circuit Debugger Mode bit
  1345                           ;	DEBUG = 0x1, unprogrammed default
  1346  2007                     	org	8199
  1347  2007  20D4               	dw	8404
  1348                           
  1349                           ;Config register CONFIG2 @ 0x2008
  1350                           ;	Brown-out Reset Selection bit
  1351                           ;	BOR4V = BOR40V, Brown-out Reset set to 4.0V
  1352                           ;	Flash Program Memory Self Write Enable bits
  1353                           ;	WRT = OFF, Write protection off
  1354  2008                     	org	8200
  1355  2008  3FFF               	dw	16383

Data Sizes:
    Strings     0
    Constant    0
    Data        0
    BSS         3
    Persistent  0
    Stack       0

Auto Spaces:
    Space          Size  Autos    Used
    COMMON           14      8      11
    BANK0            80      0       0
    BANK1            80      0       0
    BANK3            96      0       0
    BANK2            96      0       0

Pointer List with Targets:

    None.

Critical Paths under _main in COMMON

    _setup->_config_ADC

Critical Paths under _isr in COMMON

    None.

Critical Paths under _main in BANK0

    None.

Critical Paths under _isr in BANK0

    None.

Critical Paths under _main in BANK1

    None.

Critical Paths under _isr in BANK1

    None.

Critical Paths under _main in BANK3

    None.

Critical Paths under _isr in BANK3

    None.

Critical Paths under _main in BANK2

    None.

Critical Paths under _isr in BANK2

    None.

Call Graph Tables:

 ---------------------------------------------------------------------------------
 (Depth) Function   	        Calls       Base Space   Used Autos Params    Refs
 ---------------------------------------------------------------------------------
 (0) _main                                                 2     2      0      30
                                              6 COMMON     2     2      0
                              _setup
 ---------------------------------------------------------------------------------
 (1) _setup                                                0     0      0      30
                     _I2C_Slave_Init
                         _config_ADC
 ---------------------------------------------------------------------------------
 (2) _config_ADC                                           3     3      0      15
                                              3 COMMON     3     3      0
 ---------------------------------------------------------------------------------
 (2) _I2C_Slave_Init                                       1     1      0      15
                                              3 COMMON     1     1      0
 ---------------------------------------------------------------------------------
 Estimated maximum stack depth 2
 ---------------------------------------------------------------------------------
 (Depth) Function   	        Calls       Base Space   Used Autos Params    Refs
 ---------------------------------------------------------------------------------
 (3) _isr                                                  3     3      0       0
                                              0 COMMON     3     3      0
 ---------------------------------------------------------------------------------
 Estimated maximum stack depth 3
 ---------------------------------------------------------------------------------

 Call Graph Graphs:

 _main (ROOT)
   _setup
     _I2C_Slave_Init
     _config_ADC

 _isr (ROOT)

 Address spaces:
Name               Size   Autos  Total    Cost      Usage
BITCOMMON            E      0       0       0        0.0%
EEDATA             100      0       0       0        0.0%
NULL                 0      0       0       0        0.0%
CODE                 0      0       0       0        0.0%
COMMON               E      8       B       1       78.6%
BITSFR0              0      0       0       1        0.0%
SFR0                 0      0       0       1        0.0%
BITSFR1              0      0       0       2        0.0%
SFR1                 0      0       0       2        0.0%
STACK                0      0       0       2        0.0%
ABS                  0      0       B       3        0.0%
BITBANK0            50      0       0       4        0.0%
BITSFR3              0      0       0       4        0.0%
SFR3                 0      0       0       4        0.0%
BANK0               50      0       0       5        0.0%
BITSFR2              0      0       0       5        0.0%
SFR2                 0      0       0       5        0.0%
BITBANK1            50      0       0       6        0.0%
BANK1               50      0       0       7        0.0%
BITBANK3            60      0       0       8        0.0%
BANK3               60      0       0       9        0.0%
BITBANK2            60      0       0      10        0.0%
BANK2               60      0       0      11        0.0%
DATA                 0      0       B      12        0.0%


Microchip Technology PIC Macro Assembler V2.31 build 20201012212115 
Symbol Table                                                                                   Wed Aug 11 02:36:40 2021

                      _z 0078              _SSPSTATbits 0094                       _BF 04A0  
                     l93 00F6                       l69 011E                      l148 0153  
                    l800 00DA                      l802 00DD                      l820 014B  
                    l804 00DE                      l740 0093                      l822 014C  
                    l814 013B                      l750 00A0                      l742 0094  
                    l830 00FB                      l910 011F                      l824 014D  
                    l816 0149                      l760 00AB                      l752 00A1  
                    l744 0098                      l808 00E0                      l840 0104  
                    l832 00FE                      l912 0124                      l826 0150  
                    l818 014A                      l770 00B7                      l762 00AF  
                    l754 00A4                      l746 009C                      l850 0110  
                    l842 0105                      l834 00FF                      l914 012A  
                    l780 00C5                      l772 00B8                      l764 00B2  
                    l756 00A5                      l748 009F                      l860 0115  
                    l852 0111                      l844 0106                      l836 0100  
                    l828 00F7                      l916 0133                      l790 00CD  
                    l782 00C6                      l774 00BA                      l766 00B3  
                    l758 00A7                      l862 0118                      l854 0112  
                    l846 010C                      l838 0101                      l792 00D1  
                    l784 00C7                      l776 00BE                      l768 00B4  
                    l856 0113                      l848 010F                      l794 00D5  
                    l786 00CA                      l778 00C2                      l858 0114  
                    l796 00D8                      l788 00CB                      l798 00D9  
                    l978 00E8                      _GIE 005F                      u140 012A  
                    u141 0129                      u207 00C0                      u217 00D3  
                    u177 012E                      u187 009A                      u197 00AD  
                    _VOL 0079                      _isr 0016                     ?_isr 0070  
                   _PEIE 005E                     i1l61 0089                     i1l63 0083  
                   i1l57 0069                     i1l58 0052                     i1l66 008B  
                   u3_20 001C                     u3_21 001B                     u4_20 0025  
                   u4_21 0024                     u5_20 0030                     u5_21 002F  
                   u6_20 0035                     u6_21 0034                     u7_20 0039  
                   u7_21 0038                     u8_20 0046                     u8_21 0045  
                   u9_20 004A                     u9_21 0049                     _main 011F  
                   _temp 007A                     btemp 007E                     start 000C  
                  ??_isr 0070                    ?_main 0070           config_ADC@frec 0075  
                  _ANSEL 0188                    i1l900 0058                    i1l902 006D  
                  i1l904 0071                    i1l906 0077                    i1l908 007E  
                  i1l870 001C                    i1l880 0035                    i1l872 0025  
                  i1l890 0040                    i1l882 0039                    i1l874 002B  
                  i1l892 0046                    i1l884 003D                    i1l876 002C  
                  i1l868 0016                    i1l894 004A                    i1l886 003E  
                  i1l878 0030                    i1l896 0050                    i1l888 003F  
                  i1l898 0051                    u10_20 0058                    u10_21 0057  
                  u11_20 006D                    u11_21 006C                    u12_20 0071  
                  u12_21 0070                    u13_20 0089                    u13_21 0088  
                  u22_27 0060                    u23_27 0081                    _PORTA 0005  
                  _PORTB 0006                    _PORTC 0007                    _TRISB 0086  
                  _SSPIE 0463                    _SSPIF 0063                    _setup 00F7  
                  pclath 000A                    status 0003                    wtemp0 007E  
        __initialization 000F             __end_of_main 013A                   ??_main 0076  
                 _ADRESH 001E                   ?_setup 0070                   _SSPADD 0093  
                 _TRISC3 043B                   _TRISC4 043C                   _SSPBUF 0013  
                 _SSPCON 0014                   saved_w 007E  __end_of__initialization 0012  
         __pcstackCOMMON 0070  __size_of_I2C_Slave_Init 001A            __end_of_setup 011F  
                ??_setup 0076    I2C_Slave_Init@address 0073               __pmaintext 011F  
             __pintentry 0004               _config_ADC 0092                  _SSPCON2 0091  
                _SSPSTAT 0094                  __ptext1 00F7                  __ptext2 0092  
                __ptext3 013A                  __ptext4 0016             __size_of_isr 007C  
   end_of_initialization 0012           _I2C_Slave_Init 013A              ?_config_ADC 0070  
              _TRISAbits 0085                _TRISCbits 0087   __end_of_I2C_Slave_Init 0154  
    start_initialization 000F              __end_of_isr 0092          ?_I2C_Slave_Init 0070  
    __size_of_config_ADC 0065              __pbssCOMMON 0078                ___latbits 0002  
         __size_of_setup 0028        interrupt_function 0004                 _PIE1bits 008C  
               _PIR1bits 000C               _ADCON0bits 001F               _ADCON1bits 009F  
           ??_config_ADC 0073       __end_of_config_ADC 00F7         ??_I2C_Slave_Init 0073  
          __size_of_main 001B               _INTCONbits 000B                 intlevel1 0000  
             _OSCCONbits 008F              _SSPCON2bits 0091               _SSPCONbits 0014  
